<?xml version="1.0" encoding="UTF-8"?>
<testsuite name="com.champlain.ateliermecaniquews.vehiclemanagementsubdomain.businesslayer.VehicleServiceImplTest" tests="16" skipped="0" failures="0" errors="0" timestamp="2024-02-15T04:58:07" hostname="LAPTOP-C5ATL8TE" time="0.104">
  <properties/>
  <testcase name="testEntityToResponseModel()" classname="com.champlain.ateliermecaniquews.vehiclemanagementsubdomain.businesslayer.VehicleServiceImplTest" time="0.006"/>
  <testcase name="getVehicleByInvalidVehicleId_shouldReturnNull()" classname="com.champlain.ateliermecaniquews.vehiclemanagementsubdomain.businesslayer.VehicleServiceImplTest" time="0.003"/>
  <testcase name="getAllVehiclesByCustomerId_noVehicles_shouldReturnEmptyList()" classname="com.champlain.ateliermecaniquews.vehiclemanagementsubdomain.businesslayer.VehicleServiceImplTest" time="0.004"/>
  <testcase name="testVehicleConstructor()" classname="com.champlain.ateliermecaniquews.vehiclemanagementsubdomain.businesslayer.VehicleServiceImplTest" time="0.003"/>
  <testcase name="getAllVehiclesByCustomerId_shouldReturnNull()" classname="com.champlain.ateliermecaniquews.vehiclemanagementsubdomain.businesslayer.VehicleServiceImplTest" time="0.005"/>
  <testcase name="deleteAllVehiclesByCustomerId_shouldSucceed()" classname="com.champlain.ateliermecaniquews.vehiclemanagementsubdomain.businesslayer.VehicleServiceImplTest" time="0.005"/>
  <testcase name="testEntityToResponseModelList()" classname="com.champlain.ateliermecaniquews.vehiclemanagementsubdomain.businesslayer.VehicleServiceImplTest" time="0.003"/>
  <testcase name="testRequestModelToEntity()" classname="com.champlain.ateliermecaniquews.vehiclemanagementsubdomain.businesslayer.VehicleServiceImplTest" time="0.005"/>
  <testcase name="addVehicleToCustomerAccount_shouldSucceed()" classname="com.champlain.ateliermecaniquews.vehiclemanagementsubdomain.businesslayer.VehicleServiceImplTest" time="0.006"/>
  <testcase name="addVehicleToInvalidCustomerAccount_shouldReturnNull()" classname="com.champlain.ateliermecaniquews.vehiclemanagementsubdomain.businesslayer.VehicleServiceImplTest" time="0.005"/>
  <testcase name="updateVehicleByInvalidVehicleId_shouldReturnNull()" classname="com.champlain.ateliermecaniquews.vehiclemanagementsubdomain.businesslayer.VehicleServiceImplTest" time="0.004"/>
  <testcase name="getVehicleByVehicleId_shouldSucceed()" classname="com.champlain.ateliermecaniquews.vehiclemanagementsubdomain.businesslayer.VehicleServiceImplTest" time="0.004"/>
  <testcase name="deleteVehicleByVehicleId_shouldSucceed()" classname="com.champlain.ateliermecaniquews.vehiclemanagementsubdomain.businesslayer.VehicleServiceImplTest" time="0.005"/>
  <testcase name="getAllVehiclesByCustomerId_shouldReturnVehicleResponseModelList()" classname="com.champlain.ateliermecaniquews.vehiclemanagementsubdomain.businesslayer.VehicleServiceImplTest" time="0.005"/>
  <testcase name="updateVehicleByVehicleId_shouldSucceed()" classname="com.champlain.ateliermecaniquews.vehiclemanagementsubdomain.businesslayer.VehicleServiceImplTest" time="0.004"/>
  <testcase name="deleteVehicleByInvalidVehicleId_shouldReturnNull()" classname="com.champlain.ateliermecaniquews.vehiclemanagementsubdomain.businesslayer.VehicleServiceImplTest" time="0.005"/>
  <system-out><![CDATA[2024-02-14T23:58:07.060-05:00  INFO 37760 --- [    Test worker] t.c.s.AnnotationConfigContextLoaderUtils : Could not detect default configuration classes for test class [com.champlain.ateliermecaniquews.vehiclemanagementsubdomain.businesslayer.VehicleServiceImplTest]: VehicleServiceImplTest does not declare any static, non-private, non-final, nested classes annotated with @Configuration.
2024-02-14T23:58:07.089-05:00  INFO 37760 --- [    Test worker] .b.t.c.SpringBootTestContextBootstrapper : Found @SpringBootConfiguration com.champlain.ateliermecaniquews.AteliermecaniqueWsApplication for test class com.champlain.ateliermecaniquews.vehiclemanagementsubdomain.businesslayer.VehicleServiceImplTest
2024-02-14T23:58:07.269-05:00  WARN 37760 --- [    Test worker] c.c.a.v.b.VehicleServiceImpl             : No vehicle found for customer ID: com.champlain.ateliermecaniquews.authenticationsubdomain.dataLayer.UserIdentifier@616e5f84 and vehicle ID: com.champlain.ateliermecaniquews.vehiclemanagementsubdomain.datalayer.VehicleIdentifier@6c052730 (vehicle is null)
2024-02-14T23:58:07.275-05:00  INFO 37760 --- [    Test worker] c.c.a.v.b.VehicleServiceImpl             : Fetching vehicles for customer ID: someuserId
2024-02-14T23:58:07.275-05:00  WARN 37760 --- [    Test worker] c.c.a.v.b.VehicleServiceImpl             : No vehicles found for customer ID: someuserId (vehicles list is empty)
2024-02-14T23:58:07.287-05:00  INFO 37760 --- [    Test worker] c.c.a.v.b.VehicleServiceImpl             : Fetching vehicles for customer ID: testuserId
2024-02-14T23:58:07.287-05:00  INFO 37760 --- [    Test worker] c.c.a.v.b.VehicleServiceImpl             : Number of vehicles found for customer ID testuserId: 1
2024-02-14T23:58:07.288-05:00  WARN 37760 --- [    Test worker] c.c.a.v.b.VehicleServiceImpl             : VehicleResponseModels is null after mapping
2024-02-14T23:58:07.321-05:00  WARN 37760 --- [    Test worker] c.c.a.v.b.VehicleServiceImpl             : User not found for customer ID: nonExistingCustomerId
2024-02-14T23:58:07.348-05:00  INFO 37760 --- [    Test worker] c.c.a.v.b.VehicleServiceImpl             : Fetching vehicles for customer ID: testCustomerId
2024-02-14T23:58:07.348-05:00  INFO 37760 --- [    Test worker] c.c.a.v.b.VehicleServiceImpl             : Number of vehicles found for customer ID testCustomerId: 1
2024-02-14T23:58:07.348-05:00  INFO 37760 --- [    Test worker] c.c.a.v.b.VehicleServiceImpl             : Mapping successful. Number of VehicleResponseModels: 1
]]></system-out>
  <system-err><![CDATA[]]></system-err>
</testsuite>
