<?xml version="1.0" encoding="UTF-8"?>
<testsuite name="com.champlain.ateliermecaniquews.authenticationsubdomain.utils.security.jwt.JwtTest" tests="7" skipped="0" failures="0" errors="0" timestamp="2024-02-15T07:21:09" hostname="LAPTOP-C5ATL8TE" time="0.252">
  <properties/>
  <testcase name="testGenerateJwtToken()" classname="com.champlain.ateliermecaniquews.authenticationsubdomain.utils.security.jwt.JwtTest" time="0.208"/>
  <testcase name="testGetEmailFromJwtTokenWithInvalidToken()" classname="com.champlain.ateliermecaniquews.authenticationsubdomain.utils.security.jwt.JwtTest" time="0.01"/>
  <testcase name="testExceptionMessage()" classname="com.champlain.ateliermecaniquews.authenticationsubdomain.utils.security.jwt.JwtTest" time="0.003"/>
  <testcase name="testGenerateJwtResponseForOAuth()" classname="com.champlain.ateliermecaniquews.authenticationsubdomain.utils.security.jwt.JwtTest" time="0.011"/>
  <testcase name="testGetEmailFromJwtToken()" classname="com.champlain.ateliermecaniquews.authenticationsubdomain.utils.security.jwt.JwtTest" time="0.007"/>
  <testcase name="testThrowException()" classname="com.champlain.ateliermecaniquews.authenticationsubdomain.utils.security.jwt.JwtTest" time="0.003"/>
  <testcase name="testValidateJwtTokenWithInvalidToken()" classname="com.champlain.ateliermecaniquews.authenticationsubdomain.utils.security.jwt.JwtTest" time="0.004"/>
  <system-out><![CDATA[2024-02-15T02:21:09.813-05:00 ERROR 20292 --- [    Test worker] c.c.a.a.utils.security.jwt.JwtUtils      : Invalid JWT token: JWT strings must contain exactly 2 period characters. Found: 0
]]></system-out>
  <system-err><![CDATA[]]></system-err>
</testsuite>
