<?xml version="1.0" encoding="UTF-8"?>
<testsuite name="com.champlain.ateliermecaniquews.vehiclemanagementsubdomain.businesslayer.VehicleServiceImplTest" tests="16" skipped="0" failures="0" errors="0" timestamp="2024-02-15T07:21:29" hostname="LAPTOP-C5ATL8TE" time="0.099">
  <properties/>
  <testcase name="testEntityToResponseModel()" classname="com.champlain.ateliermecaniquews.vehiclemanagementsubdomain.businesslayer.VehicleServiceImplTest" time="0.009"/>
  <testcase name="getVehicleByInvalidVehicleId_shouldReturnNull()" classname="com.champlain.ateliermecaniquews.vehiclemanagementsubdomain.businesslayer.VehicleServiceImplTest" time="0.008"/>
  <testcase name="getAllVehiclesByCustomerId_noVehicles_shouldReturnEmptyList()" classname="com.champlain.ateliermecaniquews.vehiclemanagementsubdomain.businesslayer.VehicleServiceImplTest" time="0.003"/>
  <testcase name="testVehicleConstructor()" classname="com.champlain.ateliermecaniquews.vehiclemanagementsubdomain.businesslayer.VehicleServiceImplTest" time="0.003"/>
  <testcase name="getAllVehiclesByCustomerId_shouldReturnNull()" classname="com.champlain.ateliermecaniquews.vehiclemanagementsubdomain.businesslayer.VehicleServiceImplTest" time="0.003"/>
  <testcase name="deleteAllVehiclesByCustomerId_shouldSucceed()" classname="com.champlain.ateliermecaniquews.vehiclemanagementsubdomain.businesslayer.VehicleServiceImplTest" time="0.004"/>
  <testcase name="testEntityToResponseModelList()" classname="com.champlain.ateliermecaniquews.vehiclemanagementsubdomain.businesslayer.VehicleServiceImplTest" time="0.002"/>
  <testcase name="testRequestModelToEntity()" classname="com.champlain.ateliermecaniquews.vehiclemanagementsubdomain.businesslayer.VehicleServiceImplTest" time="0.004"/>
  <testcase name="addVehicleToCustomerAccount_shouldSucceed()" classname="com.champlain.ateliermecaniquews.vehiclemanagementsubdomain.businesslayer.VehicleServiceImplTest" time="0.005"/>
  <testcase name="addVehicleToInvalidCustomerAccount_shouldReturnNull()" classname="com.champlain.ateliermecaniquews.vehiclemanagementsubdomain.businesslayer.VehicleServiceImplTest" time="0.003"/>
  <testcase name="updateVehicleByInvalidVehicleId_shouldReturnNull()" classname="com.champlain.ateliermecaniquews.vehiclemanagementsubdomain.businesslayer.VehicleServiceImplTest" time="0.004"/>
  <testcase name="getVehicleByVehicleId_shouldSucceed()" classname="com.champlain.ateliermecaniquews.vehiclemanagementsubdomain.businesslayer.VehicleServiceImplTest" time="0.004"/>
  <testcase name="deleteVehicleByVehicleId_shouldSucceed()" classname="com.champlain.ateliermecaniquews.vehiclemanagementsubdomain.businesslayer.VehicleServiceImplTest" time="0.005"/>
  <testcase name="getAllVehiclesByCustomerId_shouldReturnVehicleResponseModelList()" classname="com.champlain.ateliermecaniquews.vehiclemanagementsubdomain.businesslayer.VehicleServiceImplTest" time="0.004"/>
  <testcase name="updateVehicleByVehicleId_shouldSucceed()" classname="com.champlain.ateliermecaniquews.vehiclemanagementsubdomain.businesslayer.VehicleServiceImplTest" time="0.003"/>
  <testcase name="deleteVehicleByInvalidVehicleId_shouldReturnNull()" classname="com.champlain.ateliermecaniquews.vehiclemanagementsubdomain.businesslayer.VehicleServiceImplTest" time="0.005"/>
  <system-out><![CDATA[2024-02-15T02:21:29.221-05:00  INFO 20292 --- [    Test worker] t.c.s.AnnotationConfigContextLoaderUtils : Could not detect default configuration classes for test class [com.champlain.ateliermecaniquews.vehiclemanagementsubdomain.businesslayer.VehicleServiceImplTest]: VehicleServiceImplTest does not declare any static, non-private, non-final, nested classes annotated with @Configuration.
2024-02-15T02:21:29.243-05:00  INFO 20292 --- [    Test worker] .b.t.c.SpringBootTestContextBootstrapper : Found @SpringBootConfiguration com.champlain.ateliermecaniquews.AteliermecaniqueWsApplication for test class com.champlain.ateliermecaniquews.vehiclemanagementsubdomain.businesslayer.VehicleServiceImplTest
2024-02-15T02:21:29.408-05:00  WARN 20292 --- [    Test worker] c.c.a.v.b.VehicleServiceImpl             : No vehicle found for customer ID: com.champlain.ateliermecaniquews.authenticationsubdomain.dataLayer.UserIdentifier@63bd9b9e and vehicle ID: com.champlain.ateliermecaniquews.vehiclemanagementsubdomain.datalayer.VehicleIdentifier@3b440deb (vehicle is null)
2024-02-15T02:21:29.413-05:00  INFO 20292 --- [    Test worker] c.c.a.v.b.VehicleServiceImpl             : Fetching vehicles for customer ID: someuserId
2024-02-15T02:21:29.414-05:00  WARN 20292 --- [    Test worker] c.c.a.v.b.VehicleServiceImpl             : No vehicles found for customer ID: someuserId (vehicles list is empty)
2024-02-15T02:21:29.424-05:00  INFO 20292 --- [    Test worker] c.c.a.v.b.VehicleServiceImpl             : Fetching vehicles for customer ID: testuserId
2024-02-15T02:21:29.424-05:00  INFO 20292 --- [    Test worker] c.c.a.v.b.VehicleServiceImpl             : Number of vehicles found for customer ID testuserId: 1
2024-02-15T02:21:29.424-05:00  WARN 20292 --- [    Test worker] c.c.a.v.b.VehicleServiceImpl             : VehicleResponseModels is null after mapping
2024-02-15T02:21:29.452-05:00  WARN 20292 --- [    Test worker] c.c.a.v.b.VehicleServiceImpl             : User not found for customer ID: nonExistingCustomerId
2024-02-15T02:21:29.476-05:00  INFO 20292 --- [    Test worker] c.c.a.v.b.VehicleServiceImpl             : Fetching vehicles for customer ID: testCustomerId
2024-02-15T02:21:29.476-05:00  INFO 20292 --- [    Test worker] c.c.a.v.b.VehicleServiceImpl             : Number of vehicles found for customer ID testCustomerId: 1
2024-02-15T02:21:29.477-05:00  INFO 20292 --- [    Test worker] c.c.a.v.b.VehicleServiceImpl             : Mapping successful. Number of VehicleResponseModels: 1
]]></system-out>
  <system-err><![CDATA[]]></system-err>
</testsuite>
