<?xml version="1.0" encoding="UTF-8"?>
<testsuite name="com.champlain.ateliermecaniquews.reviewssubdomain.presentationlayer.ReviewControllerIntegrationTest" tests="4" skipped="0" failures="0" errors="0" timestamp="2024-02-15T07:21:29" hostname="LAPTOP-C5ATL8TE" time="0.042">
  <properties/>
  <testcase name="getReviewById_shouldReturnReview()" classname="com.champlain.ateliermecaniquews.reviewssubdomain.presentationlayer.ReviewControllerIntegrationTest" time="0.02"/>
  <testcase name="getAllReviews_shouldReturnReviews()" classname="com.champlain.ateliermecaniquews.reviewssubdomain.presentationlayer.ReviewControllerIntegrationTest" time="0.008"/>
  <testcase name="getReviewById_notFound_shouldReturnNotFound()" classname="com.champlain.ateliermecaniquews.reviewssubdomain.presentationlayer.ReviewControllerIntegrationTest" time="0.005"/>
  <testcase name="getAllReviews_noReviewsFound_shouldReturnNotFound()" classname="com.champlain.ateliermecaniquews.reviewssubdomain.presentationlayer.ReviewControllerIntegrationTest" time="0.006"/>
  <system-out><![CDATA[2024-02-15T02:21:26.070-05:00  INFO 20292 --- [    Test worker] t.c.s.AnnotationConfigContextLoaderUtils : Could not detect default configuration classes for test class [com.champlain.ateliermecaniquews.reviewssubdomain.presentationlayer.ReviewControllerIntegrationTest]: ReviewControllerIntegrationTest does not declare any static, non-private, non-final, nested classes annotated with @Configuration.
2024-02-15T02:21:26.122-05:00  INFO 20292 --- [    Test worker] .b.t.c.SpringBootTestContextBootstrapper : Found @SpringBootConfiguration com.champlain.ateliermecaniquews.AteliermecaniqueWsApplication for test class com.champlain.ateliermecaniquews.reviewssubdomain.presentationlayer.ReviewControllerIntegrationTest

  .   ____          _            __ _ _
 /\\ / ___'_ __ _ _(_)_ __  __ _ \ \ \ \
( ( )\___ | '_ | '_| | '_ \/ _` | \ \ \ \
 \\/  ___)| |_)| | | | | || (_| |  ) ) ) )
  '  |____| .__|_| |_|_| |_\__, | / / / /
 =========|_|==============|___/=/_/_/_/
 :: Spring Boot ::                (v3.1.5)

2024-02-15T02:21:26.271-05:00  WARN 20292 --- [    Test worker] ory$DuplicateJsonObjectContextCustomizer : 

Found multiple occurrences of org.json.JSONObject on the class path:

	jar:file:/C:/Users/Mvacc/.gradle/caches/modules-2/files-2.1/org.json/json/20230227/7a0d4aca76513d8ce81f9b044ce8126b84809ad8/json-20230227.jar!/org/json/JSONObject.class
	jar:file:/C:/Users/Mvacc/.gradle/caches/modules-2/files-2.1/com.vaadin.external.google/android-json/0.0.20131108.vaadin1/fa26d351fe62a6a17f5cda1287c1c6110dec413f/android-json-0.0.20131108.vaadin1.jar!/org/json/JSONObject.class

You may wish to exclude one of them to ensure predictable runtime behavior

2024-02-15T02:21:26.272-05:00  INFO 20292 --- [    Test worker] .c.a.r.p.ReviewControllerIntegrationTest : Starting ReviewControllerIntegrationTest using Java 17.0.6 with PID 20292 (started by Mvacc in C:\Users\Mvacc\OneDrive\Documents\Semester8\FINALPROJ\TEST\ateliermecanique-ws)
2024-02-15T02:21:26.272-05:00 DEBUG 20292 --- [    Test worker] .c.a.r.p.ReviewControllerIntegrationTest : Running with Spring Boot v3.1.5, Spring v6.0.13
2024-02-15T02:21:26.272-05:00  INFO 20292 --- [    Test worker] .c.a.r.p.ReviewControllerIntegrationTest : No active profile set, falling back to 1 default profile: "default"
2024-02-15T02:21:26.732-05:00  INFO 20292 --- [    Test worker] .s.d.r.c.RepositoryConfigurationDelegate : Bootstrapping Spring Data JPA repositories in DEFAULT mode.
2024-02-15T02:21:26.797-05:00  INFO 20292 --- [    Test worker] .s.d.r.c.RepositoryConfigurationDelegate : Finished Spring Data repository scanning in 65 ms. Found 6 JPA repository interfaces.
2024-02-15T02:21:27.025-05:00  INFO 20292 --- [    Test worker] o.hibernate.jpa.internal.util.LogHelper  : HHH000204: Processing PersistenceUnitInfo [name: default]
2024-02-15T02:21:27.053-05:00  INFO 20292 --- [    Test worker] o.s.o.j.p.SpringPersistenceUnitInfo      : No LoadTimeWeaver setup: ignoring JPA class transformer
2024-02-15T02:21:27.056-05:00  INFO 20292 --- [    Test worker] com.zaxxer.hikari.HikariDataSource       : HikariPool-5 - Starting...
2024-02-15T02:21:27.632-05:00  INFO 20292 --- [    Test worker] com.zaxxer.hikari.pool.HikariPool        : HikariPool-5 - Added connection com.mysql.cj.jdbc.ConnectionImpl@190552fd
2024-02-15T02:21:27.633-05:00  INFO 20292 --- [    Test worker] com.zaxxer.hikari.HikariDataSource       : HikariPool-5 - Start completed.
2024-02-15T02:21:27.865-05:00  INFO 20292 --- [    Test worker] o.h.e.t.j.p.i.JtaPlatformInitiator       : HHH000489: No JTA platform available (set 'hibernate.transaction.jta.platform' to enable JTA platform integration)
2024-02-15T02:21:28.729-05:00  INFO 20292 --- [    Test worker] j.LocalContainerEntityManagerFactoryBean : Initialized JPA EntityManagerFactory for persistence unit 'default'
2024-02-15T02:21:28.900-05:00  WARN 20292 --- [    Test worker] JpaBaseConfiguration$JpaWebConfiguration : spring.jpa.open-in-view is enabled by default. Therefore, database queries may be performed during view rendering. Explicitly configure spring.jpa.open-in-view to disable this warning
2024-02-15T02:21:28.916-05:00  INFO 20292 --- [    Test worker] o.s.s.web.DefaultSecurityFilterChain     : Will secure any request with [org.springframework.security.web.session.DisableEncodeUrlFilter@345a83d1, org.springframework.security.web.context.request.async.WebAsyncManagerIntegrationFilter@ded2171, org.springframework.security.web.context.SecurityContextHolderFilter@7bdea33f, org.springframework.security.web.header.HeaderWriterFilter@3fe4c0ae, org.springframework.web.filter.CorsFilter@1388d96b, org.springframework.security.web.authentication.logout.LogoutFilter@489e2201, com.champlain.ateliermecaniquews.authenticationsubdomain.utils.security.jwt.AuthTokenFilter@4cf5642f, org.springframework.security.web.savedrequest.RequestCacheAwareFilter@33628eb1, org.springframework.security.web.servletapi.SecurityContextHolderAwareRequestFilter@5f2fec44, org.springframework.security.web.authentication.AnonymousAuthenticationFilter@412fc8b4, org.springframework.security.web.access.ExceptionTranslationFilter@110fa5dc, org.springframework.security.web.access.intercept.AuthorizationFilter@4fc3b6d8]
2024-02-15T02:21:29.147-05:00  INFO 20292 --- [    Test worker] o.s.b.t.m.w.SpringBootMockServletContext : Initializing Spring TestDispatcherServlet ''
2024-02-15T02:21:29.148-05:00  INFO 20292 --- [    Test worker] o.s.t.web.servlet.TestDispatcherServlet  : Initializing Servlet ''
2024-02-15T02:21:29.148-05:00  INFO 20292 --- [    Test worker] o.s.t.web.servlet.TestDispatcherServlet  : Completed initialization in 0 ms
2024-02-15T02:21:29.157-05:00  INFO 20292 --- [    Test worker] .c.a.r.p.ReviewControllerIntegrationTest : Started ReviewControllerIntegrationTest in 3.0 seconds (process running for 89.34)
2024-02-15T02:21:29.165-05:00 DEBUG 20292 --- [    Test worker] w.c.HttpSessionSecurityContextRepository : Created HttpSession as SecurityContext is non-default
2024-02-15T02:21:29.166-05:00 DEBUG 20292 --- [    Test worker] w.c.HttpSessionSecurityContextRepository : Stored SecurityContextImpl [Authentication=UsernamePasswordAuthenticationToken [Principal=org.springframework.security.core.userdetails.User [Username=admin@example.com, Password=[PROTECTED], Enabled=true, AccountNonExpired=true, credentialsNonExpired=true, AccountNonLocked=true, Granted Authorities=[ROLE_ADMIN]], Credentials=[PROTECTED], Authenticated=true, Details=null, Granted Authorities=[ROLE_ADMIN]]] to HttpSession [org.springframework.mock.web.MockHttpSession@6cec9c5f]
2024-02-15T02:21:29.166-05:00 DEBUG 20292 --- [    Test worker] o.s.security.web.FilterChainProxy        : Securing GET /api/v1/reviews/testReviewId
2024-02-15T02:21:29.166-05:00 DEBUG 20292 --- [    Test worker] w.c.HttpSessionSecurityContextRepository : Retrieved SecurityContextImpl [Authentication=UsernamePasswordAuthenticationToken [Principal=org.springframework.security.core.userdetails.User [Username=admin@example.com, Password=[PROTECTED], Enabled=true, AccountNonExpired=true, credentialsNonExpired=true, AccountNonLocked=true, Granted Authorities=[ROLE_ADMIN]], Credentials=[PROTECTED], Authenticated=true, Details=null, Granted Authorities=[ROLE_ADMIN]]]
2024-02-15T02:21:29.166-05:00 DEBUG 20292 --- [    Test worker] o.s.security.web.FilterChainProxy        : Secured GET /api/v1/reviews/testReviewId
2024-02-15T02:21:29.169-05:00 DEBUG 20292 --- [    Test worker] horizationManagerBeforeMethodInterceptor : Authorizing method invocation ReflectiveMethodInvocation: public org.springframework.http.ResponseEntity com.champlain.ateliermecaniquews.reviewssubdomain.presentationlayer.ReviewController.getReviewById(java.lang.String); target is of class [com.champlain.ateliermecaniquews.reviewssubdomain.presentationlayer.ReviewController]
2024-02-15T02:21:29.171-05:00 DEBUG 20292 --- [    Test worker] horizationManagerBeforeMethodInterceptor : Authorized method invocation ReflectiveMethodInvocation: public org.springframework.http.ResponseEntity com.champlain.ateliermecaniquews.reviewssubdomain.presentationlayer.ReviewController.getReviewById(java.lang.String); target is of class [com.champlain.ateliermecaniquews.reviewssubdomain.presentationlayer.ReviewController]
2024-02-15T02:21:29.183-05:00 DEBUG 20292 --- [    Test worker] w.c.HttpSessionSecurityContextRepository : Created HttpSession as SecurityContext is non-default
2024-02-15T02:21:29.184-05:00 DEBUG 20292 --- [    Test worker] w.c.HttpSessionSecurityContextRepository : Stored SecurityContextImpl [Authentication=UsernamePasswordAuthenticationToken [Principal=org.springframework.security.core.userdetails.User [Username=admin@example.com, Password=[PROTECTED], Enabled=true, AccountNonExpired=true, credentialsNonExpired=true, AccountNonLocked=true, Granted Authorities=[ROLE_ADMIN]], Credentials=[PROTECTED], Authenticated=true, Details=null, Granted Authorities=[ROLE_ADMIN]]] to HttpSession [org.springframework.mock.web.MockHttpSession@205a4d8f]
2024-02-15T02:21:29.184-05:00 DEBUG 20292 --- [    Test worker] o.s.security.web.FilterChainProxy        : Securing GET /api/v1/reviews
2024-02-15T02:21:29.184-05:00 DEBUG 20292 --- [    Test worker] o.s.security.web.FilterChainProxy        : Secured GET /api/v1/reviews
2024-02-15T02:21:29.185-05:00 DEBUG 20292 --- [    Test worker] horizationManagerBeforeMethodInterceptor : Authorizing method invocation ReflectiveMethodInvocation: public org.springframework.http.ResponseEntity com.champlain.ateliermecaniquews.reviewssubdomain.presentationlayer.ReviewController.getAllReviews(); target is of class [com.champlain.ateliermecaniquews.reviewssubdomain.presentationlayer.ReviewController]
2024-02-15T02:21:29.185-05:00 DEBUG 20292 --- [    Test worker] w.c.HttpSessionSecurityContextRepository : Retrieved SecurityContextImpl [Authentication=UsernamePasswordAuthenticationToken [Principal=org.springframework.security.core.userdetails.User [Username=admin@example.com, Password=[PROTECTED], Enabled=true, AccountNonExpired=true, credentialsNonExpired=true, AccountNonLocked=true, Granted Authorities=[ROLE_ADMIN]], Credentials=[PROTECTED], Authenticated=true, Details=null, Granted Authorities=[ROLE_ADMIN]]]
2024-02-15T02:21:29.185-05:00 DEBUG 20292 --- [    Test worker] horizationManagerBeforeMethodInterceptor : Authorized method invocation ReflectiveMethodInvocation: public org.springframework.http.ResponseEntity com.champlain.ateliermecaniquews.reviewssubdomain.presentationlayer.ReviewController.getAllReviews(); target is of class [com.champlain.ateliermecaniquews.reviewssubdomain.presentationlayer.ReviewController]
2024-02-15T02:21:29.192-05:00 DEBUG 20292 --- [    Test worker] w.c.HttpSessionSecurityContextRepository : Created HttpSession as SecurityContext is non-default
2024-02-15T02:21:29.192-05:00 DEBUG 20292 --- [    Test worker] w.c.HttpSessionSecurityContextRepository : Stored SecurityContextImpl [Authentication=UsernamePasswordAuthenticationToken [Principal=org.springframework.security.core.userdetails.User [Username=admin@example.com, Password=[PROTECTED], Enabled=true, AccountNonExpired=true, credentialsNonExpired=true, AccountNonLocked=true, Granted Authorities=[ROLE_ADMIN]], Credentials=[PROTECTED], Authenticated=true, Details=null, Granted Authorities=[ROLE_ADMIN]]] to HttpSession [org.springframework.mock.web.MockHttpSession@45945103]
2024-02-15T02:21:29.192-05:00 DEBUG 20292 --- [    Test worker] o.s.security.web.FilterChainProxy        : Securing GET /api/v1/reviews/nonexistentReviewId
2024-02-15T02:21:29.193-05:00 DEBUG 20292 --- [    Test worker] w.c.HttpSessionSecurityContextRepository : Retrieved SecurityContextImpl [Authentication=UsernamePasswordAuthenticationToken [Principal=org.springframework.security.core.userdetails.User [Username=admin@example.com, Password=[PROTECTED], Enabled=true, AccountNonExpired=true, credentialsNonExpired=true, AccountNonLocked=true, Granted Authorities=[ROLE_ADMIN]], Credentials=[PROTECTED], Authenticated=true, Details=null, Granted Authorities=[ROLE_ADMIN]]]
2024-02-15T02:21:29.193-05:00 DEBUG 20292 --- [    Test worker] o.s.security.web.FilterChainProxy        : Secured GET /api/v1/reviews/nonexistentReviewId
2024-02-15T02:21:29.194-05:00 DEBUG 20292 --- [    Test worker] horizationManagerBeforeMethodInterceptor : Authorizing method invocation ReflectiveMethodInvocation: public org.springframework.http.ResponseEntity com.champlain.ateliermecaniquews.reviewssubdomain.presentationlayer.ReviewController.getReviewById(java.lang.String); target is of class [com.champlain.ateliermecaniquews.reviewssubdomain.presentationlayer.ReviewController]
2024-02-15T02:21:29.194-05:00 DEBUG 20292 --- [    Test worker] horizationManagerBeforeMethodInterceptor : Authorized method invocation ReflectiveMethodInvocation: public org.springframework.http.ResponseEntity com.champlain.ateliermecaniquews.reviewssubdomain.presentationlayer.ReviewController.getReviewById(java.lang.String); target is of class [com.champlain.ateliermecaniquews.reviewssubdomain.presentationlayer.ReviewController]
2024-02-15T02:21:29.198-05:00 DEBUG 20292 --- [    Test worker] w.c.HttpSessionSecurityContextRepository : Created HttpSession as SecurityContext is non-default
2024-02-15T02:21:29.199-05:00 DEBUG 20292 --- [    Test worker] w.c.HttpSessionSecurityContextRepository : Stored SecurityContextImpl [Authentication=UsernamePasswordAuthenticationToken [Principal=org.springframework.security.core.userdetails.User [Username=admin@example.com, Password=[PROTECTED], Enabled=true, AccountNonExpired=true, credentialsNonExpired=true, AccountNonLocked=true, Granted Authorities=[ROLE_ADMIN]], Credentials=[PROTECTED], Authenticated=true, Details=null, Granted Authorities=[ROLE_ADMIN]]] to HttpSession [org.springframework.mock.web.MockHttpSession@30b75790]
2024-02-15T02:21:29.199-05:00 DEBUG 20292 --- [    Test worker] o.s.security.web.FilterChainProxy        : Securing GET /api/v1/reviews
2024-02-15T02:21:29.199-05:00 DEBUG 20292 --- [    Test worker] o.s.security.web.FilterChainProxy        : Secured GET /api/v1/reviews
2024-02-15T02:21:29.199-05:00 DEBUG 20292 --- [    Test worker] horizationManagerBeforeMethodInterceptor : Authorizing method invocation ReflectiveMethodInvocation: public org.springframework.http.ResponseEntity com.champlain.ateliermecaniquews.reviewssubdomain.presentationlayer.ReviewController.getAllReviews(); target is of class [com.champlain.ateliermecaniquews.reviewssubdomain.presentationlayer.ReviewController]
2024-02-15T02:21:29.199-05:00 DEBUG 20292 --- [    Test worker] w.c.HttpSessionSecurityContextRepository : Retrieved SecurityContextImpl [Authentication=UsernamePasswordAuthenticationToken [Principal=org.springframework.security.core.userdetails.User [Username=admin@example.com, Password=[PROTECTED], Enabled=true, AccountNonExpired=true, credentialsNonExpired=true, AccountNonLocked=true, Granted Authorities=[ROLE_ADMIN]], Credentials=[PROTECTED], Authenticated=true, Details=null, Granted Authorities=[ROLE_ADMIN]]]
2024-02-15T02:21:29.200-05:00 DEBUG 20292 --- [    Test worker] horizationManagerBeforeMethodInterceptor : Authorized method invocation ReflectiveMethodInvocation: public org.springframework.http.ResponseEntity com.champlain.ateliermecaniquews.reviewssubdomain.presentationlayer.ReviewController.getAllReviews(); target is of class [com.champlain.ateliermecaniquews.reviewssubdomain.presentationlayer.ReviewController]
]]></system-out>
  <system-err><![CDATA[]]></system-err>
</testsuite>
