<?xml version="1.0" encoding="UTF-8"?>
<testsuite name="com.champlain.ateliermecaniquews.authenticationsubdomain.businesslayer.TokenServiceImplTest" tests="11" skipped="0" failures="0" errors="0" timestamp="2024-02-15T07:21:03" hostname="LAPTOP-C5ATL8TE" time="1.579">
  <properties/>
  <testcase name="testVerifyInstagramToken_InvalidBody_ShouldReturnInvalidMessage()" classname="com.champlain.ateliermecaniquews.authenticationsubdomain.businesslayer.TokenServiceImplTest" time="0.379"/>
  <testcase name="testVerifyGoogleToken_MatchingKeyNotFound()" classname="com.champlain.ateliermecaniquews.authenticationsubdomain.businesslayer.TokenServiceImplTest" time="1.145"/>
  <testcase name="testVerifyFacebookToken_Expired_ShouldReturnExpiredMessage()" classname="com.champlain.ateliermecaniquews.authenticationsubdomain.businesslayer.TokenServiceImplTest" time="0.007"/>
  <testcase name="testVerifyInstagramToken_INVALID_ShouldReturnInvalidMessage()" classname="com.champlain.ateliermecaniquews.authenticationsubdomain.businesslayer.TokenServiceImplTest" time="0.005"/>
  <testcase name="testVerifyInstagramToken_Valid_ShouldReturnValidMessage()" classname="com.champlain.ateliermecaniquews.authenticationsubdomain.businesslayer.TokenServiceImplTest" time="0.004"/>
  <testcase name="testVerifyFacebookToken_ValidTokenNotExpired_ShouldReturnValidMessage()" classname="com.champlain.ateliermecaniquews.authenticationsubdomain.businesslayer.TokenServiceImplTest" time="0.004"/>
  <testcase name="testVerifyGoogleToken_KidNotFoundInTokenHeader()" classname="com.champlain.ateliermecaniquews.authenticationsubdomain.businesslayer.TokenServiceImplTest" time="0.003"/>
  <testcase name="testVerifyFacebookToken_INVALID_ShouldReturnInvalidMessage2()" classname="com.champlain.ateliermecaniquews.authenticationsubdomain.businesslayer.TokenServiceImplTest" time="0.004"/>
  <testcase name="verifyGoogleToken_ExpiredToken_ShouldReturnExpiredMessage()" classname="com.champlain.ateliermecaniquews.authenticationsubdomain.businesslayer.TokenServiceImplTest" time="0.003"/>
  <testcase name="verifyGoogleToken_InvalidToken_ShouldReturnInvalidMessage()" classname="com.champlain.ateliermecaniquews.authenticationsubdomain.businesslayer.TokenServiceImplTest" time="0.003"/>
  <testcase name="testVerifyFacebookToken_INVALID_ShouldReturnInvalidMessage()" classname="com.champlain.ateliermecaniquews.authenticationsubdomain.businesslayer.TokenServiceImplTest" time="0.004"/>
  <system-out><![CDATA[]]></system-out>
  <system-err><![CDATA[]]></system-err>
</testsuite>
