<?xml version="1.0" encoding="UTF-8"?>
<testsuite name="com.champlain.ateliermecaniquews.appointmentmanagementsubdomain.presentationlayer.AppointmentControllerIntegrationTest" tests="13" skipped="0" failures="0" errors="0" timestamp="2024-02-15T07:20:55" hostname="LAPTOP-C5ATL8TE" time="7.865">
  <properties/>
  <testcase name="updateAppointmentStatusAdmin_appointmentNotFound()" classname="com.champlain.ateliermecaniquews.appointmentmanagementsubdomain.presentationlayer.AppointmentControllerIntegrationTest" time="1.208"/>
  <testcase name="getAllAppointments_shouldSucceed()" classname="com.champlain.ateliermecaniquews.appointmentmanagementsubdomain.presentationlayer.AppointmentControllerIntegrationTest" time="0.744"/>
  <testcase name="getAppointmentByAppointmentId_shouldSucceed()" classname="com.champlain.ateliermecaniquews.appointmentmanagementsubdomain.presentationlayer.AppointmentControllerIntegrationTest" time="0.519"/>
  <testcase name="deleteAppointmentByAppointmentId_shouldSucceed()" classname="com.champlain.ateliermecaniquews.appointmentmanagementsubdomain.presentationlayer.AppointmentControllerIntegrationTest" time="0.508"/>
  <testcase name="deleteAppointmentByAppointmentId_notFound()" classname="com.champlain.ateliermecaniquews.appointmentmanagementsubdomain.presentationlayer.AppointmentControllerIntegrationTest" time="0.51"/>
  <testcase name="updateAppointmentStatusAdmin_shouldUpdateStatus()" classname="com.champlain.ateliermecaniquews.appointmentmanagementsubdomain.presentationlayer.AppointmentControllerIntegrationTest" time="0.539"/>
  <testcase name="updateAppointmentByAppointmentId_shouldSucceed()" classname="com.champlain.ateliermecaniquews.appointmentmanagementsubdomain.presentationlayer.AppointmentControllerIntegrationTest" time="0.63"/>
  <testcase name="getAppointmentByIdCustomer_notFoundAdmin()" classname="com.champlain.ateliermecaniquews.appointmentmanagementsubdomain.presentationlayer.AppointmentControllerIntegrationTest" time="0.592"/>
  <testcase name="deleteAllCancelledAppointments_shouldSucceed()" classname="com.champlain.ateliermecaniquews.appointmentmanagementsubdomain.presentationlayer.AppointmentControllerIntegrationTest" time="0.478"/>
  <testcase name="updateAppointmentByAppointmentId_whenNotFound_shouldReturnNotFound()" classname="com.champlain.ateliermecaniquews.appointmentmanagementsubdomain.presentationlayer.AppointmentControllerIntegrationTest" time="0.531"/>
  <testcase name="getAllAppointmentsByCustomerId_notFound()" classname="com.champlain.ateliermecaniquews.appointmentmanagementsubdomain.presentationlayer.AppointmentControllerIntegrationTest" time="0.557"/>
  <testcase name="deleteAllCancelledAppointments_exceptionThrown_shouldReturnInternalServerError()" classname="com.champlain.ateliermecaniquews.appointmentmanagementsubdomain.presentationlayer.AppointmentControllerIntegrationTest" time="0.492"/>
  <testcase name="updateAppointmentStatusCustomer_appointmentNotFound()" classname="com.champlain.ateliermecaniquews.appointmentmanagementsubdomain.presentationlayer.AppointmentControllerIntegrationTest" time="0.537"/>
  <system-out><![CDATA[2024-02-15T02:20:51.266-05:00  INFO 20292 --- [    Test worker] t.c.s.AnnotationConfigContextLoaderUtils : Could not detect default configuration classes for test class [com.champlain.ateliermecaniquews.appointmentmanagementsubdomain.presentationlayer.AppointmentControllerIntegrationTest]: AppointmentControllerIntegrationTest does not declare any static, non-private, non-final, nested classes annotated with @Configuration.
2024-02-15T02:20:51.328-05:00  INFO 20292 --- [    Test worker] .b.t.c.SpringBootTestContextBootstrapper : Found @SpringBootConfiguration com.champlain.ateliermecaniquews.AteliermecaniqueWsApplication for test class com.champlain.ateliermecaniquews.appointmentmanagementsubdomain.presentationlayer.AppointmentControllerIntegrationTest

  .   ____          _            __ _ _
 /\\ / ___'_ __ _ _(_)_ __  __ _ \ \ \ \
( ( )\___ | '_ | '_| | '_ \/ _` | \ \ \ \
 \\/  ___)| |_)| | | | | || (_| |  ) ) ) )
  '  |____| .__|_| |_|_| |_\__, | / / / /
 =========|_|==============|___/=/_/_/_/
 :: Spring Boot ::                (v3.1.5)

2024-02-15T02:20:51.409-05:00  WARN 20292 --- [    Test worker] ory$DuplicateJsonObjectContextCustomizer : 

Found multiple occurrences of org.json.JSONObject on the class path:

	jar:file:/C:/Users/Mvacc/.gradle/caches/modules-2/files-2.1/org.json/json/20230227/7a0d4aca76513d8ce81f9b044ce8126b84809ad8/json-20230227.jar!/org/json/JSONObject.class
	jar:file:/C:/Users/Mvacc/.gradle/caches/modules-2/files-2.1/com.vaadin.external.google/android-json/0.0.20131108.vaadin1/fa26d351fe62a6a17f5cda1287c1c6110dec413f/android-json-0.0.20131108.vaadin1.jar!/org/json/JSONObject.class

You may wish to exclude one of them to ensure predictable runtime behavior

2024-02-15T02:20:51.411-05:00  INFO 20292 --- [    Test worker] a.p.AppointmentControllerIntegrationTest : Starting AppointmentControllerIntegrationTest using Java 17.0.6 with PID 20292 (started by Mvacc in C:\Users\Mvacc\OneDrive\Documents\Semester8\FINALPROJ\TEST\ateliermecanique-ws)
2024-02-15T02:20:51.412-05:00 DEBUG 20292 --- [    Test worker] a.p.AppointmentControllerIntegrationTest : Running with Spring Boot v3.1.5, Spring v6.0.13
2024-02-15T02:20:51.412-05:00  INFO 20292 --- [    Test worker] a.p.AppointmentControllerIntegrationTest : No active profile set, falling back to 1 default profile: "default"
2024-02-15T02:20:51.990-05:00  INFO 20292 --- [    Test worker] .s.d.r.c.RepositoryConfigurationDelegate : Bootstrapping Spring Data JPA repositories in DEFAULT mode.
2024-02-15T02:20:52.090-05:00  INFO 20292 --- [    Test worker] .s.d.r.c.RepositoryConfigurationDelegate : Finished Spring Data repository scanning in 99 ms. Found 6 JPA repository interfaces.
2024-02-15T02:20:52.558-05:00  INFO 20292 --- [    Test worker] o.hibernate.jpa.internal.util.LogHelper  : HHH000204: Processing PersistenceUnitInfo [name: default]
2024-02-15T02:20:52.586-05:00  INFO 20292 --- [    Test worker] o.s.o.j.p.SpringPersistenceUnitInfo      : No LoadTimeWeaver setup: ignoring JPA class transformer
2024-02-15T02:20:52.590-05:00  INFO 20292 --- [    Test worker] com.zaxxer.hikari.HikariDataSource       : HikariPool-2 - Starting...
2024-02-15T02:20:53.316-05:00  INFO 20292 --- [    Test worker] com.zaxxer.hikari.pool.HikariPool        : HikariPool-2 - Added connection com.mysql.cj.jdbc.ConnectionImpl@164eca2
2024-02-15T02:20:53.316-05:00  INFO 20292 --- [    Test worker] com.zaxxer.hikari.HikariDataSource       : HikariPool-2 - Start completed.
2024-02-15T02:20:53.630-05:00  INFO 20292 --- [    Test worker] o.h.e.t.j.p.i.JtaPlatformInitiator       : HHH000489: No JTA platform available (set 'hibernate.transaction.jta.platform' to enable JTA platform integration)
2024-02-15T02:20:54.463-05:00  INFO 20292 --- [    Test worker] j.LocalContainerEntityManagerFactoryBean : Initialized JPA EntityManagerFactory for persistence unit 'default'
2024-02-15T02:20:54.740-05:00  WARN 20292 --- [    Test worker] JpaBaseConfiguration$JpaWebConfiguration : spring.jpa.open-in-view is enabled by default. Therefore, database queries may be performed during view rendering. Explicitly configure spring.jpa.open-in-view to disable this warning
2024-02-15T02:20:54.762-05:00  INFO 20292 --- [    Test worker] o.s.s.web.DefaultSecurityFilterChain     : Will secure any request with [org.springframework.security.web.session.DisableEncodeUrlFilter@21504dc, org.springframework.security.web.context.request.async.WebAsyncManagerIntegrationFilter@10a1620a, org.springframework.security.web.context.SecurityContextHolderFilter@31686695, org.springframework.security.web.header.HeaderWriterFilter@5e02cd92, org.springframework.web.filter.CorsFilter@14bf8642, org.springframework.security.web.authentication.logout.LogoutFilter@11a070c4, com.champlain.ateliermecaniquews.authenticationsubdomain.utils.security.jwt.AuthTokenFilter@314b5e66, org.springframework.security.web.savedrequest.RequestCacheAwareFilter@39aa73fb, org.springframework.security.web.servletapi.SecurityContextHolderAwareRequestFilter@2b28d854, org.springframework.security.web.authentication.AnonymousAuthenticationFilter@411d9acf, org.springframework.security.web.access.ExceptionTranslationFilter@3af50ca6, org.springframework.security.web.access.intercept.AuthorizationFilter@167871f3]
2024-02-15T02:20:55.131-05:00  INFO 20292 --- [    Test worker] o.s.b.t.m.w.SpringBootMockServletContext : Initializing Spring TestDispatcherServlet ''
2024-02-15T02:20:55.134-05:00  INFO 20292 --- [    Test worker] o.s.t.web.servlet.TestDispatcherServlet  : Initializing Servlet ''
2024-02-15T02:20:55.136-05:00  INFO 20292 --- [    Test worker] o.s.t.web.servlet.TestDispatcherServlet  : Completed initialization in 2 ms
2024-02-15T02:20:55.153-05:00  INFO 20292 --- [    Test worker] a.p.AppointmentControllerIntegrationTest : Started AppointmentControllerIntegrationTest in 3.815 seconds (process running for 55.336)
2024-02-15T02:20:55.282-05:00 DEBUG 20292 --- [    Test worker] org.hibernate.SQL                        : insert into appointments (appointment_date,appointment_id,comments,user_id,services,status,vehicle_id) values (?,?,?,?,?,?,?)
2024-02-15T02:20:55.532-05:00 DEBUG 20292 --- [    Test worker] w.c.HttpSessionSecurityContextRepository : Created HttpSession as SecurityContext is non-default
2024-02-15T02:20:55.533-05:00 DEBUG 20292 --- [    Test worker] w.c.HttpSessionSecurityContextRepository : Stored SecurityContextImpl [Authentication=UsernamePasswordAuthenticationToken [Principal=org.springframework.security.core.userdetails.User [Username=admin@example.com, Password=[PROTECTED], Enabled=true, AccountNonExpired=true, credentialsNonExpired=true, AccountNonLocked=true, Granted Authorities=[ROLE_ADMIN]], Credentials=[PROTECTED], Authenticated=true, Details=null, Granted Authorities=[ROLE_ADMIN]]] to HttpSession [org.springframework.mock.web.MockHttpSession@2a7369e3]
2024-02-15T02:20:55.548-05:00 DEBUG 20292 --- [    Test worker] o.s.security.web.FilterChainProxy        : Securing PUT /api/v1/appointments/nonExistingAppointmentId/updateStatus?isConfirm=true
2024-02-15T02:20:55.571-05:00 DEBUG 20292 --- [    Test worker] w.c.HttpSessionSecurityContextRepository : Retrieved SecurityContextImpl [Authentication=UsernamePasswordAuthenticationToken [Principal=org.springframework.security.core.userdetails.User [Username=admin@example.com, Password=[PROTECTED], Enabled=true, AccountNonExpired=true, credentialsNonExpired=true, AccountNonLocked=true, Granted Authorities=[ROLE_ADMIN]], Credentials=[PROTECTED], Authenticated=true, Details=null, Granted Authorities=[ROLE_ADMIN]]]
2024-02-15T02:20:55.573-05:00 DEBUG 20292 --- [    Test worker] o.s.security.web.FilterChainProxy        : Secured PUT /api/v1/appointments/nonExistingAppointmentId/updateStatus?isConfirm=true
2024-02-15T02:20:55.689-05:00 DEBUG 20292 --- [    Test worker] horizationManagerBeforeMethodInterceptor : Authorizing method invocation ReflectiveMethodInvocation: public org.springframework.http.ResponseEntity com.champlain.ateliermecaniquews.appointmentmanagementsubdomain.presentationlayer.AppointmentController.updateAppointmentStatusAdmin(java.lang.String,boolean); target is of class [com.champlain.ateliermecaniquews.appointmentmanagementsubdomain.presentationlayer.AppointmentController]
2024-02-15T02:20:55.816-05:00 DEBUG 20292 --- [    Test worker] horizationManagerBeforeMethodInterceptor : Authorized method invocation ReflectiveMethodInvocation: public org.springframework.http.ResponseEntity com.champlain.ateliermecaniquews.appointmentmanagementsubdomain.presentationlayer.AppointmentController.updateAppointmentStatusAdmin(java.lang.String,boolean); target is of class [com.champlain.ateliermecaniquews.appointmentmanagementsubdomain.presentationlayer.AppointmentController]
2024-02-15T02:20:56.101-05:00 DEBUG 20292 --- [    Test worker] org.hibernate.SQL                        : select a1_0.id,a1_0.appointment_date,a1_0.appointment_id,a1_0.comments,a1_0.user_id,a1_0.services,a1_0.status,a1_0.vehicle_id from appointments a1_0
2024-02-15T02:20:56.199-05:00 DEBUG 20292 --- [    Test worker] org.hibernate.SQL                        : delete from appointments where id=?
2024-02-15T02:20:56.429-05:00 DEBUG 20292 --- [    Test worker] org.hibernate.SQL                        : insert into appointments (appointment_date,appointment_id,comments,user_id,services,status,vehicle_id) values (?,?,?,?,?,?,?)
2024-02-15T02:20:56.605-05:00 DEBUG 20292 --- [    Test worker] w.c.HttpSessionSecurityContextRepository : Created HttpSession as SecurityContext is non-default
2024-02-15T02:20:56.605-05:00 DEBUG 20292 --- [    Test worker] w.c.HttpSessionSecurityContextRepository : Stored SecurityContextImpl [Authentication=UsernamePasswordAuthenticationToken [Principal=org.springframework.security.core.userdetails.User [Username=admin@example.com, Password=[PROTECTED], Enabled=true, AccountNonExpired=true, credentialsNonExpired=true, AccountNonLocked=true, Granted Authorities=[ROLE_ADMIN]], Credentials=[PROTECTED], Authenticated=true, Details=null, Granted Authorities=[ROLE_ADMIN]]] to HttpSession [org.springframework.mock.web.MockHttpSession@63bd7fe]
2024-02-15T02:20:56.605-05:00 DEBUG 20292 --- [    Test worker] o.s.security.web.FilterChainProxy        : Securing GET /api/v1/appointments
2024-02-15T02:20:56.606-05:00 DEBUG 20292 --- [    Test worker] w.c.HttpSessionSecurityContextRepository : Retrieved SecurityContextImpl [Authentication=UsernamePasswordAuthenticationToken [Principal=org.springframework.security.core.userdetails.User [Username=admin@example.com, Password=[PROTECTED], Enabled=true, AccountNonExpired=true, credentialsNonExpired=true, AccountNonLocked=true, Granted Authorities=[ROLE_ADMIN]], Credentials=[PROTECTED], Authenticated=true, Details=null, Granted Authorities=[ROLE_ADMIN]]]
2024-02-15T02:20:56.606-05:00 DEBUG 20292 --- [    Test worker] o.s.security.web.FilterChainProxy        : Secured GET /api/v1/appointments
2024-02-15T02:20:56.607-05:00 DEBUG 20292 --- [    Test worker] horizationManagerBeforeMethodInterceptor : Authorizing method invocation ReflectiveMethodInvocation: public org.springframework.http.ResponseEntity com.champlain.ateliermecaniquews.appointmentmanagementsubdomain.presentationlayer.AppointmentController.getAllAppointmentsAdmin(); target is of class [com.champlain.ateliermecaniquews.appointmentmanagementsubdomain.presentationlayer.AppointmentController]
2024-02-15T02:20:56.609-05:00 DEBUG 20292 --- [    Test worker] horizationManagerBeforeMethodInterceptor : Authorized method invocation ReflectiveMethodInvocation: public org.springframework.http.ResponseEntity com.champlain.ateliermecaniquews.appointmentmanagementsubdomain.presentationlayer.AppointmentController.getAllAppointmentsAdmin(); target is of class [com.champlain.ateliermecaniquews.appointmentmanagementsubdomain.presentationlayer.AppointmentController]
2024-02-15T02:20:56.880-05:00 DEBUG 20292 --- [    Test worker] org.hibernate.SQL                        : select a1_0.id,a1_0.appointment_date,a1_0.appointment_id,a1_0.comments,a1_0.user_id,a1_0.services,a1_0.status,a1_0.vehicle_id from appointments a1_0
2024-02-15T02:20:56.941-05:00 DEBUG 20292 --- [    Test worker] org.hibernate.SQL                        : delete from appointments where id=?
2024-02-15T02:20:57.179-05:00 DEBUG 20292 --- [    Test worker] org.hibernate.SQL                        : insert into appointments (appointment_date,appointment_id,comments,user_id,services,status,vehicle_id) values (?,?,?,?,?,?,?)
2024-02-15T02:20:57.345-05:00 DEBUG 20292 --- [    Test worker] w.c.HttpSessionSecurityContextRepository : Created HttpSession as SecurityContext is non-default
2024-02-15T02:20:57.345-05:00 DEBUG 20292 --- [    Test worker] w.c.HttpSessionSecurityContextRepository : Stored SecurityContextImpl [Authentication=UsernamePasswordAuthenticationToken [Principal=org.springframework.security.core.userdetails.User [Username=admin@example.com, Password=[PROTECTED], Enabled=true, AccountNonExpired=true, credentialsNonExpired=true, AccountNonLocked=true, Granted Authorities=[ROLE_ADMIN]], Credentials=[PROTECTED], Authenticated=true, Details=null, Granted Authorities=[ROLE_ADMIN]]] to HttpSession [org.springframework.mock.web.MockHttpSession@795fc038]
2024-02-15T02:20:57.345-05:00 DEBUG 20292 --- [    Test worker] o.s.security.web.FilterChainProxy        : Securing GET /api/v1/appointments/e46bbe79-fa80-4b0e-a55b-a23188d80322
2024-02-15T02:20:57.345-05:00 DEBUG 20292 --- [    Test worker] w.c.HttpSessionSecurityContextRepository : Retrieved SecurityContextImpl [Authentication=UsernamePasswordAuthenticationToken [Principal=org.springframework.security.core.userdetails.User [Username=admin@example.com, Password=[PROTECTED], Enabled=true, AccountNonExpired=true, credentialsNonExpired=true, AccountNonLocked=true, Granted Authorities=[ROLE_ADMIN]], Credentials=[PROTECTED], Authenticated=true, Details=null, Granted Authorities=[ROLE_ADMIN]]]
2024-02-15T02:20:57.346-05:00 DEBUG 20292 --- [    Test worker] o.s.security.web.FilterChainProxy        : Secured GET /api/v1/appointments/e46bbe79-fa80-4b0e-a55b-a23188d80322
2024-02-15T02:20:57.347-05:00 DEBUG 20292 --- [    Test worker] horizationManagerBeforeMethodInterceptor : Authorizing method invocation ReflectiveMethodInvocation: public org.springframework.http.ResponseEntity com.champlain.ateliermecaniquews.appointmentmanagementsubdomain.presentationlayer.AppointmentController.getAppointmentByIdAdmin(java.lang.String); target is of class [com.champlain.ateliermecaniquews.appointmentmanagementsubdomain.presentationlayer.AppointmentController]
2024-02-15T02:20:57.348-05:00 DEBUG 20292 --- [    Test worker] horizationManagerBeforeMethodInterceptor : Authorized method invocation ReflectiveMethodInvocation: public org.springframework.http.ResponseEntity com.champlain.ateliermecaniquews.appointmentmanagementsubdomain.presentationlayer.AppointmentController.getAppointmentByIdAdmin(java.lang.String); target is of class [com.champlain.ateliermecaniquews.appointmentmanagementsubdomain.presentationlayer.AppointmentController]
2024-02-15T02:20:57.406-05:00 DEBUG 20292 --- [    Test worker] org.hibernate.SQL                        : select a1_0.id,a1_0.appointment_date,a1_0.appointment_id,a1_0.comments,a1_0.user_id,a1_0.services,a1_0.status,a1_0.vehicle_id from appointments a1_0
2024-02-15T02:20:57.465-05:00 DEBUG 20292 --- [    Test worker] org.hibernate.SQL                        : delete from appointments where id=?
2024-02-15T02:20:57.697-05:00 DEBUG 20292 --- [    Test worker] org.hibernate.SQL                        : insert into appointments (appointment_date,appointment_id,comments,user_id,services,status,vehicle_id) values (?,?,?,?,?,?,?)
2024-02-15T02:20:57.857-05:00 DEBUG 20292 --- [    Test worker] w.c.HttpSessionSecurityContextRepository : Created HttpSession as SecurityContext is non-default
2024-02-15T02:20:57.858-05:00 DEBUG 20292 --- [    Test worker] w.c.HttpSessionSecurityContextRepository : Stored SecurityContextImpl [Authentication=UsernamePasswordAuthenticationToken [Principal=org.springframework.security.core.userdetails.User [Username=admin@example.com, Password=[PROTECTED], Enabled=true, AccountNonExpired=true, credentialsNonExpired=true, AccountNonLocked=true, Granted Authorities=[ROLE_ADMIN]], Credentials=[PROTECTED], Authenticated=true, Details=null, Granted Authorities=[ROLE_ADMIN]]] to HttpSession [org.springframework.mock.web.MockHttpSession@18b5ee7b]
2024-02-15T02:20:57.858-05:00 DEBUG 20292 --- [    Test worker] o.s.security.web.FilterChainProxy        : Securing DELETE /api/v1/appointments/e50a3308-3fb7-48ba-b889-fea168114bee
2024-02-15T02:20:57.859-05:00 DEBUG 20292 --- [    Test worker] w.c.HttpSessionSecurityContextRepository : Retrieved SecurityContextImpl [Authentication=UsernamePasswordAuthenticationToken [Principal=org.springframework.security.core.userdetails.User [Username=admin@example.com, Password=[PROTECTED], Enabled=true, AccountNonExpired=true, credentialsNonExpired=true, AccountNonLocked=true, Granted Authorities=[ROLE_ADMIN]], Credentials=[PROTECTED], Authenticated=true, Details=null, Granted Authorities=[ROLE_ADMIN]]]
2024-02-15T02:20:57.859-05:00 DEBUG 20292 --- [    Test worker] o.s.security.web.FilterChainProxy        : Secured DELETE /api/v1/appointments/e50a3308-3fb7-48ba-b889-fea168114bee
2024-02-15T02:20:57.861-05:00 DEBUG 20292 --- [    Test worker] horizationManagerBeforeMethodInterceptor : Authorizing method invocation ReflectiveMethodInvocation: public org.springframework.http.ResponseEntity com.champlain.ateliermecaniquews.appointmentmanagementsubdomain.presentationlayer.AppointmentController.deleteAppointmentByAppointmentIdAdmin(java.lang.String); target is of class [com.champlain.ateliermecaniquews.appointmentmanagementsubdomain.presentationlayer.AppointmentController]
2024-02-15T02:20:57.862-05:00 DEBUG 20292 --- [    Test worker] horizationManagerBeforeMethodInterceptor : Authorized method invocation ReflectiveMethodInvocation: public org.springframework.http.ResponseEntity com.champlain.ateliermecaniquews.appointmentmanagementsubdomain.presentationlayer.AppointmentController.deleteAppointmentByAppointmentIdAdmin(java.lang.String); target is of class [com.champlain.ateliermecaniquews.appointmentmanagementsubdomain.presentationlayer.AppointmentController]
2024-02-15T02:20:57.920-05:00 DEBUG 20292 --- [    Test worker] org.hibernate.SQL                        : select a1_0.id,a1_0.appointment_date,a1_0.appointment_id,a1_0.comments,a1_0.user_id,a1_0.services,a1_0.status,a1_0.vehicle_id from appointments a1_0
2024-02-15T02:20:57.977-05:00 DEBUG 20292 --- [    Test worker] org.hibernate.SQL                        : delete from appointments where id=?
2024-02-15T02:20:58.206-05:00 DEBUG 20292 --- [    Test worker] org.hibernate.SQL                        : insert into appointments (appointment_date,appointment_id,comments,user_id,services,status,vehicle_id) values (?,?,?,?,?,?,?)
2024-02-15T02:20:58.375-05:00 DEBUG 20292 --- [    Test worker] w.c.HttpSessionSecurityContextRepository : Created HttpSession as SecurityContext is non-default
2024-02-15T02:20:58.375-05:00 DEBUG 20292 --- [    Test worker] w.c.HttpSessionSecurityContextRepository : Stored SecurityContextImpl [Authentication=UsernamePasswordAuthenticationToken [Principal=org.springframework.security.core.userdetails.User [Username=admin@example.com, Password=[PROTECTED], Enabled=true, AccountNonExpired=true, credentialsNonExpired=true, AccountNonLocked=true, Granted Authorities=[ROLE_ADMIN]], Credentials=[PROTECTED], Authenticated=true, Details=null, Granted Authorities=[ROLE_ADMIN]]] to HttpSession [org.springframework.mock.web.MockHttpSession@70373aac]
2024-02-15T02:20:58.376-05:00 DEBUG 20292 --- [    Test worker] o.s.security.web.FilterChainProxy        : Securing DELETE /api/v1/appointments/nonExistentAppointmentId
2024-02-15T02:20:58.376-05:00 DEBUG 20292 --- [    Test worker] w.c.HttpSessionSecurityContextRepository : Retrieved SecurityContextImpl [Authentication=UsernamePasswordAuthenticationToken [Principal=org.springframework.security.core.userdetails.User [Username=admin@example.com, Password=[PROTECTED], Enabled=true, AccountNonExpired=true, credentialsNonExpired=true, AccountNonLocked=true, Granted Authorities=[ROLE_ADMIN]], Credentials=[PROTECTED], Authenticated=true, Details=null, Granted Authorities=[ROLE_ADMIN]]]
2024-02-15T02:20:58.377-05:00 DEBUG 20292 --- [    Test worker] o.s.security.web.FilterChainProxy        : Secured DELETE /api/v1/appointments/nonExistentAppointmentId
2024-02-15T02:20:58.378-05:00 DEBUG 20292 --- [    Test worker] horizationManagerBeforeMethodInterceptor : Authorizing method invocation ReflectiveMethodInvocation: public org.springframework.http.ResponseEntity com.champlain.ateliermecaniquews.appointmentmanagementsubdomain.presentationlayer.AppointmentController.deleteAppointmentByAppointmentIdAdmin(java.lang.String); target is of class [com.champlain.ateliermecaniquews.appointmentmanagementsubdomain.presentationlayer.AppointmentController]
2024-02-15T02:20:58.379-05:00 DEBUG 20292 --- [    Test worker] horizationManagerBeforeMethodInterceptor : Authorized method invocation ReflectiveMethodInvocation: public org.springframework.http.ResponseEntity com.champlain.ateliermecaniquews.appointmentmanagementsubdomain.presentationlayer.AppointmentController.deleteAppointmentByAppointmentIdAdmin(java.lang.String); target is of class [com.champlain.ateliermecaniquews.appointmentmanagementsubdomain.presentationlayer.AppointmentController]
2024-02-15T02:20:58.436-05:00 DEBUG 20292 --- [    Test worker] org.hibernate.SQL                        : select a1_0.id,a1_0.appointment_date,a1_0.appointment_id,a1_0.comments,a1_0.user_id,a1_0.services,a1_0.status,a1_0.vehicle_id from appointments a1_0
2024-02-15T02:20:58.496-05:00 DEBUG 20292 --- [    Test worker] org.hibernate.SQL                        : delete from appointments where id=?
2024-02-15T02:20:58.715-05:00 DEBUG 20292 --- [    Test worker] org.hibernate.SQL                        : insert into appointments (appointment_date,appointment_id,comments,user_id,services,status,vehicle_id) values (?,?,?,?,?,?,?)
2024-02-15T02:20:58.878-05:00 DEBUG 20292 --- [    Test worker] w.c.HttpSessionSecurityContextRepository : Created HttpSession as SecurityContext is non-default
2024-02-15T02:20:58.878-05:00 DEBUG 20292 --- [    Test worker] w.c.HttpSessionSecurityContextRepository : Stored SecurityContextImpl [Authentication=UsernamePasswordAuthenticationToken [Principal=org.springframework.security.core.userdetails.User [Username=admin@example.com, Password=[PROTECTED], Enabled=true, AccountNonExpired=true, credentialsNonExpired=true, AccountNonLocked=true, Granted Authorities=[ROLE_ADMIN]], Credentials=[PROTECTED], Authenticated=true, Details=null, Granted Authorities=[ROLE_ADMIN]]] to HttpSession [org.springframework.mock.web.MockHttpSession@5750b3a0]
2024-02-15T02:20:58.878-05:00 DEBUG 20292 --- [    Test worker] o.s.security.web.FilterChainProxy        : Securing PUT /api/v1/appointments/c4dfe1d0-1a9f-4751-84cb-3ab3ba19ca00/updateStatus?isConfirm=true
2024-02-15T02:20:58.878-05:00 DEBUG 20292 --- [    Test worker] w.c.HttpSessionSecurityContextRepository : Retrieved SecurityContextImpl [Authentication=UsernamePasswordAuthenticationToken [Principal=org.springframework.security.core.userdetails.User [Username=admin@example.com, Password=[PROTECTED], Enabled=true, AccountNonExpired=true, credentialsNonExpired=true, AccountNonLocked=true, Granted Authorities=[ROLE_ADMIN]], Credentials=[PROTECTED], Authenticated=true, Details=null, Granted Authorities=[ROLE_ADMIN]]]
2024-02-15T02:20:58.880-05:00 DEBUG 20292 --- [    Test worker] o.s.security.web.FilterChainProxy        : Secured PUT /api/v1/appointments/c4dfe1d0-1a9f-4751-84cb-3ab3ba19ca00/updateStatus?isConfirm=true
2024-02-15T02:20:58.881-05:00 DEBUG 20292 --- [    Test worker] horizationManagerBeforeMethodInterceptor : Authorizing method invocation ReflectiveMethodInvocation: public org.springframework.http.ResponseEntity com.champlain.ateliermecaniquews.appointmentmanagementsubdomain.presentationlayer.AppointmentController.updateAppointmentStatusAdmin(java.lang.String,boolean); target is of class [com.champlain.ateliermecaniquews.appointmentmanagementsubdomain.presentationlayer.AppointmentController]
2024-02-15T02:20:58.881-05:00 DEBUG 20292 --- [    Test worker] horizationManagerBeforeMethodInterceptor : Authorized method invocation ReflectiveMethodInvocation: public org.springframework.http.ResponseEntity com.champlain.ateliermecaniquews.appointmentmanagementsubdomain.presentationlayer.AppointmentController.updateAppointmentStatusAdmin(java.lang.String,boolean); target is of class [com.champlain.ateliermecaniquews.appointmentmanagementsubdomain.presentationlayer.AppointmentController]
2024-02-15T02:20:58.939-05:00 DEBUG 20292 --- [    Test worker] org.hibernate.SQL                        : select a1_0.id,a1_0.appointment_date,a1_0.appointment_id,a1_0.comments,a1_0.user_id,a1_0.services,a1_0.status,a1_0.vehicle_id from appointments a1_0
2024-02-15T02:20:58.997-05:00 DEBUG 20292 --- [    Test worker] org.hibernate.SQL                        : delete from appointments where id=?
2024-02-15T02:20:59.261-05:00 DEBUG 20292 --- [    Test worker] org.hibernate.SQL                        : insert into appointments (appointment_date,appointment_id,comments,user_id,services,status,vehicle_id) values (?,?,?,?,?,?,?)
2024-02-15T02:20:59.433-05:00 DEBUG 20292 --- [    Test worker] w.c.HttpSessionSecurityContextRepository : Created HttpSession as SecurityContext is non-default
2024-02-15T02:20:59.433-05:00 DEBUG 20292 --- [    Test worker] w.c.HttpSessionSecurityContextRepository : Stored SecurityContextImpl [Authentication=UsernamePasswordAuthenticationToken [Principal=org.springframework.security.core.userdetails.User [Username=admin@example.com, Password=[PROTECTED], Enabled=true, AccountNonExpired=true, credentialsNonExpired=true, AccountNonLocked=true, Granted Authorities=[ROLE_ADMIN]], Credentials=[PROTECTED], Authenticated=true, Details=null, Granted Authorities=[ROLE_ADMIN]]] to HttpSession [org.springframework.mock.web.MockHttpSession@78a9590b]
2024-02-15T02:20:59.435-05:00 DEBUG 20292 --- [    Test worker] o.s.security.web.FilterChainProxy        : Securing PUT /api/v1/appointments/408bae52-80e6-4563-88c3-043c9d26bf1e
2024-02-15T02:20:59.435-05:00 DEBUG 20292 --- [    Test worker] w.c.HttpSessionSecurityContextRepository : Retrieved SecurityContextImpl [Authentication=UsernamePasswordAuthenticationToken [Principal=org.springframework.security.core.userdetails.User [Username=admin@example.com, Password=[PROTECTED], Enabled=true, AccountNonExpired=true, credentialsNonExpired=true, AccountNonLocked=true, Granted Authorities=[ROLE_ADMIN]], Credentials=[PROTECTED], Authenticated=true, Details=null, Granted Authorities=[ROLE_ADMIN]]]
2024-02-15T02:20:59.435-05:00 DEBUG 20292 --- [    Test worker] o.s.security.web.FilterChainProxy        : Secured PUT /api/v1/appointments/408bae52-80e6-4563-88c3-043c9d26bf1e
2024-02-15T02:20:59.553-05:00 DEBUG 20292 --- [    Test worker] horizationManagerBeforeMethodInterceptor : Authorizing method invocation ReflectiveMethodInvocation: public org.springframework.http.ResponseEntity com.champlain.ateliermecaniquews.appointmentmanagementsubdomain.presentationlayer.AppointmentController.updateAppointmentByAppointmentIdAdmin(com.champlain.ateliermecaniquews.appointmentmanagementsubdomain.presentationlayer.AppointmentRequestModel,java.lang.String); target is of class [com.champlain.ateliermecaniquews.appointmentmanagementsubdomain.presentationlayer.AppointmentController]
2024-02-15T02:20:59.554-05:00 DEBUG 20292 --- [    Test worker] horizationManagerBeforeMethodInterceptor : Authorized method invocation ReflectiveMethodInvocation: public org.springframework.http.ResponseEntity com.champlain.ateliermecaniquews.appointmentmanagementsubdomain.presentationlayer.AppointmentController.updateAppointmentByAppointmentIdAdmin(com.champlain.ateliermecaniquews.appointmentmanagementsubdomain.presentationlayer.AppointmentRequestModel,java.lang.String); target is of class [com.champlain.ateliermecaniquews.appointmentmanagementsubdomain.presentationlayer.AppointmentController]
2024-02-15T02:20:59.611-05:00 DEBUG 20292 --- [    Test worker] org.hibernate.SQL                        : select a1_0.id,a1_0.appointment_date,a1_0.appointment_id,a1_0.comments,a1_0.user_id,a1_0.services,a1_0.status,a1_0.vehicle_id from appointments a1_0
2024-02-15T02:20:59.667-05:00 DEBUG 20292 --- [    Test worker] org.hibernate.SQL                        : delete from appointments where id=?
2024-02-15T02:20:59.885-05:00 DEBUG 20292 --- [    Test worker] org.hibernate.SQL                        : insert into appointments (appointment_date,appointment_id,comments,user_id,services,status,vehicle_id) values (?,?,?,?,?,?,?)
2024-02-15T02:21:00.047-05:00 DEBUG 20292 --- [    Test worker] w.c.HttpSessionSecurityContextRepository : Created HttpSession as SecurityContext is non-default
2024-02-15T02:21:00.048-05:00 DEBUG 20292 --- [    Test worker] w.c.HttpSessionSecurityContextRepository : Stored SecurityContextImpl [Authentication=UsernamePasswordAuthenticationToken [Principal=org.springframework.security.core.userdetails.User [Username=admin@example.com, Password=[PROTECTED], Enabled=true, AccountNonExpired=true, credentialsNonExpired=true, AccountNonLocked=true, Granted Authorities=[ROLE_ADMIN]], Credentials=[PROTECTED], Authenticated=true, Details=null, Granted Authorities=[ROLE_ADMIN]]] to HttpSession [org.springframework.mock.web.MockHttpSession@44ce834a]
2024-02-15T02:21:00.049-05:00 DEBUG 20292 --- [    Test worker] o.s.security.web.FilterChainProxy        : Securing GET /api/v1/customers/customerId/appointments/a48cdeb1-9044-46de-975e-03cd276e0a0a
2024-02-15T02:21:00.050-05:00 DEBUG 20292 --- [    Test worker] w.c.HttpSessionSecurityContextRepository : Retrieved SecurityContextImpl [Authentication=UsernamePasswordAuthenticationToken [Principal=org.springframework.security.core.userdetails.User [Username=admin@example.com, Password=[PROTECTED], Enabled=true, AccountNonExpired=true, credentialsNonExpired=true, AccountNonLocked=true, Granted Authorities=[ROLE_ADMIN]], Credentials=[PROTECTED], Authenticated=true, Details=null, Granted Authorities=[ROLE_ADMIN]]]
2024-02-15T02:21:00.050-05:00 DEBUG 20292 --- [    Test worker] o.s.security.web.FilterChainProxy        : Secured GET /api/v1/customers/customerId/appointments/a48cdeb1-9044-46de-975e-03cd276e0a0a
2024-02-15T02:21:00.055-05:00 DEBUG 20292 --- [    Test worker] horizationManagerBeforeMethodInterceptor : Authorizing method invocation ReflectiveMethodInvocation: public org.springframework.http.ResponseEntity com.champlain.ateliermecaniquews.appointmentmanagementsubdomain.presentationlayer.AppointmentController.getAppointmentByIdCustomer(java.lang.String,java.lang.String); target is of class [com.champlain.ateliermecaniquews.appointmentmanagementsubdomain.presentationlayer.AppointmentController]
2024-02-15T02:21:00.065-05:00 DEBUG 20292 --- [    Test worker] horizationManagerBeforeMethodInterceptor : Authorized method invocation ReflectiveMethodInvocation: public org.springframework.http.ResponseEntity com.champlain.ateliermecaniquews.appointmentmanagementsubdomain.presentationlayer.AppointmentController.getAppointmentByIdCustomer(java.lang.String,java.lang.String); target is of class [com.champlain.ateliermecaniquews.appointmentmanagementsubdomain.presentationlayer.AppointmentController]
2024-02-15T02:21:00.095-05:00 DEBUG 20292 --- [    Test worker] org.hibernate.SQL                        : select u1_0.id,u1_0.email,u1_0.first_name,u1_0.last_name,u1_0.password,u1_0.phone_number,u1_0.picture,u1_0.user_id from users u1_0 where u1_0.user_id=?
2024-02-15T02:21:00.205-05:00 DEBUG 20292 --- [    Test worker] org.hibernate.SQL                        : select a1_0.id,a1_0.appointment_date,a1_0.appointment_id,a1_0.comments,a1_0.user_id,a1_0.services,a1_0.status,a1_0.vehicle_id from appointments a1_0
2024-02-15T02:21:00.259-05:00 DEBUG 20292 --- [    Test worker] org.hibernate.SQL                        : delete from appointments where id=?
2024-02-15T02:21:00.483-05:00 DEBUG 20292 --- [    Test worker] org.hibernate.SQL                        : insert into appointments (appointment_date,appointment_id,comments,user_id,services,status,vehicle_id) values (?,?,?,?,?,?,?)
2024-02-15T02:21:00.638-05:00 DEBUG 20292 --- [    Test worker] w.c.HttpSessionSecurityContextRepository : Created HttpSession as SecurityContext is non-default
2024-02-15T02:21:00.638-05:00 DEBUG 20292 --- [    Test worker] w.c.HttpSessionSecurityContextRepository : Stored SecurityContextImpl [Authentication=UsernamePasswordAuthenticationToken [Principal=org.springframework.security.core.userdetails.User [Username=admin@example.com, Password=[PROTECTED], Enabled=true, AccountNonExpired=true, credentialsNonExpired=true, AccountNonLocked=true, Granted Authorities=[ROLE_ADMIN]], Credentials=[PROTECTED], Authenticated=true, Details=null, Granted Authorities=[ROLE_ADMIN]]] to HttpSession [org.springframework.mock.web.MockHttpSession@51d2a1b7]
2024-02-15T02:21:00.638-05:00 DEBUG 20292 --- [    Test worker] o.s.security.web.FilterChainProxy        : Securing DELETE /api/v1/appointments/cancelled
2024-02-15T02:21:00.638-05:00 DEBUG 20292 --- [    Test worker] w.c.HttpSessionSecurityContextRepository : Retrieved SecurityContextImpl [Authentication=UsernamePasswordAuthenticationToken [Principal=org.springframework.security.core.userdetails.User [Username=admin@example.com, Password=[PROTECTED], Enabled=true, AccountNonExpired=true, credentialsNonExpired=true, AccountNonLocked=true, Granted Authorities=[ROLE_ADMIN]], Credentials=[PROTECTED], Authenticated=true, Details=null, Granted Authorities=[ROLE_ADMIN]]]
2024-02-15T02:21:00.638-05:00 DEBUG 20292 --- [    Test worker] o.s.security.web.FilterChainProxy        : Secured DELETE /api/v1/appointments/cancelled
2024-02-15T02:21:00.639-05:00 DEBUG 20292 --- [    Test worker] horizationManagerBeforeMethodInterceptor : Authorizing method invocation ReflectiveMethodInvocation: public org.springframework.http.ResponseEntity com.champlain.ateliermecaniquews.appointmentmanagementsubdomain.presentationlayer.AppointmentController.deleteAllCancelledAppointments(); target is of class [com.champlain.ateliermecaniquews.appointmentmanagementsubdomain.presentationlayer.AppointmentController]
2024-02-15T02:21:00.639-05:00 DEBUG 20292 --- [    Test worker] horizationManagerBeforeMethodInterceptor : Authorized method invocation ReflectiveMethodInvocation: public org.springframework.http.ResponseEntity com.champlain.ateliermecaniquews.appointmentmanagementsubdomain.presentationlayer.AppointmentController.deleteAllCancelledAppointments(); target is of class [com.champlain.ateliermecaniquews.appointmentmanagementsubdomain.presentationlayer.AppointmentController]
2024-02-15T02:21:00.696-05:00 DEBUG 20292 --- [    Test worker] org.hibernate.SQL                        : select a1_0.id,a1_0.appointment_date,a1_0.appointment_id,a1_0.comments,a1_0.user_id,a1_0.services,a1_0.status,a1_0.vehicle_id from appointments a1_0
2024-02-15T02:21:00.754-05:00 DEBUG 20292 --- [    Test worker] org.hibernate.SQL                        : delete from appointments where id=?
2024-02-15T02:21:00.974-05:00 DEBUG 20292 --- [    Test worker] org.hibernate.SQL                        : insert into appointments (appointment_date,appointment_id,comments,user_id,services,status,vehicle_id) values (?,?,?,?,?,?,?)
2024-02-15T02:21:01.137-05:00 DEBUG 20292 --- [    Test worker] w.c.HttpSessionSecurityContextRepository : Created HttpSession as SecurityContext is non-default
2024-02-15T02:21:01.138-05:00 DEBUG 20292 --- [    Test worker] w.c.HttpSessionSecurityContextRepository : Stored SecurityContextImpl [Authentication=UsernamePasswordAuthenticationToken [Principal=org.springframework.security.core.userdetails.User [Username=admin@example.com, Password=[PROTECTED], Enabled=true, AccountNonExpired=true, credentialsNonExpired=true, AccountNonLocked=true, Granted Authorities=[ROLE_ADMIN]], Credentials=[PROTECTED], Authenticated=true, Details=null, Granted Authorities=[ROLE_ADMIN]]] to HttpSession [org.springframework.mock.web.MockHttpSession@36af62fb]
2024-02-15T02:21:01.138-05:00 DEBUG 20292 --- [    Test worker] o.s.security.web.FilterChainProxy        : Securing PUT /api/v1/appointments/nonExistentAppointmentId
2024-02-15T02:21:01.139-05:00 DEBUG 20292 --- [    Test worker] w.c.HttpSessionSecurityContextRepository : Retrieved SecurityContextImpl [Authentication=UsernamePasswordAuthenticationToken [Principal=org.springframework.security.core.userdetails.User [Username=admin@example.com, Password=[PROTECTED], Enabled=true, AccountNonExpired=true, credentialsNonExpired=true, AccountNonLocked=true, Granted Authorities=[ROLE_ADMIN]], Credentials=[PROTECTED], Authenticated=true, Details=null, Granted Authorities=[ROLE_ADMIN]]]
2024-02-15T02:21:01.139-05:00 DEBUG 20292 --- [    Test worker] o.s.security.web.FilterChainProxy        : Secured PUT /api/v1/appointments/nonExistentAppointmentId
2024-02-15T02:21:01.142-05:00 DEBUG 20292 --- [    Test worker] horizationManagerBeforeMethodInterceptor : Authorizing method invocation ReflectiveMethodInvocation: public org.springframework.http.ResponseEntity com.champlain.ateliermecaniquews.appointmentmanagementsubdomain.presentationlayer.AppointmentController.updateAppointmentByAppointmentIdAdmin(com.champlain.ateliermecaniquews.appointmentmanagementsubdomain.presentationlayer.AppointmentRequestModel,java.lang.String); target is of class [com.champlain.ateliermecaniquews.appointmentmanagementsubdomain.presentationlayer.AppointmentController]
2024-02-15T02:21:01.142-05:00 DEBUG 20292 --- [    Test worker] horizationManagerBeforeMethodInterceptor : Authorized method invocation ReflectiveMethodInvocation: public org.springframework.http.ResponseEntity com.champlain.ateliermecaniquews.appointmentmanagementsubdomain.presentationlayer.AppointmentController.updateAppointmentByAppointmentIdAdmin(com.champlain.ateliermecaniquews.appointmentmanagementsubdomain.presentationlayer.AppointmentRequestModel,java.lang.String); target is of class [com.champlain.ateliermecaniquews.appointmentmanagementsubdomain.presentationlayer.AppointmentController]
2024-02-15T02:21:01.210-05:00 DEBUG 20292 --- [    Test worker] org.hibernate.SQL                        : select a1_0.id,a1_0.appointment_date,a1_0.appointment_id,a1_0.comments,a1_0.user_id,a1_0.services,a1_0.status,a1_0.vehicle_id from appointments a1_0
2024-02-15T02:21:01.270-05:00 DEBUG 20292 --- [    Test worker] org.hibernate.SQL                        : delete from appointments where id=?
2024-02-15T02:21:01.492-05:00 DEBUG 20292 --- [    Test worker] org.hibernate.SQL                        : insert into appointments (appointment_date,appointment_id,comments,user_id,services,status,vehicle_id) values (?,?,?,?,?,?,?)
2024-02-15T02:21:01.660-05:00 DEBUG 20292 --- [    Test worker] w.c.HttpSessionSecurityContextRepository : Created HttpSession as SecurityContext is non-default
2024-02-15T02:21:01.660-05:00 DEBUG 20292 --- [    Test worker] w.c.HttpSessionSecurityContextRepository : Stored SecurityContextImpl [Authentication=UsernamePasswordAuthenticationToken [Principal=org.springframework.security.core.userdetails.User [Username=admin@example.com, Password=[PROTECTED], Enabled=true, AccountNonExpired=true, credentialsNonExpired=true, AccountNonLocked=true, Granted Authorities=[ROLE_ADMIN]], Credentials=[PROTECTED], Authenticated=true, Details=null, Granted Authorities=[ROLE_ADMIN]]] to HttpSession [org.springframework.mock.web.MockHttpSession@4fb9dedf]
2024-02-15T02:21:01.660-05:00 DEBUG 20292 --- [    Test worker] o.s.security.web.FilterChainProxy        : Securing GET /api/v1/customers/customerId/appointments
2024-02-15T02:21:01.660-05:00 DEBUG 20292 --- [    Test worker] w.c.HttpSessionSecurityContextRepository : Retrieved SecurityContextImpl [Authentication=UsernamePasswordAuthenticationToken [Principal=org.springframework.security.core.userdetails.User [Username=admin@example.com, Password=[PROTECTED], Enabled=true, AccountNonExpired=true, credentialsNonExpired=true, AccountNonLocked=true, Granted Authorities=[ROLE_ADMIN]], Credentials=[PROTECTED], Authenticated=true, Details=null, Granted Authorities=[ROLE_ADMIN]]]
2024-02-15T02:21:01.661-05:00 DEBUG 20292 --- [    Test worker] o.s.security.web.FilterChainProxy        : Secured GET /api/v1/customers/customerId/appointments
2024-02-15T02:21:01.662-05:00 DEBUG 20292 --- [    Test worker] horizationManagerBeforeMethodInterceptor : Authorizing method invocation ReflectiveMethodInvocation: public org.springframework.http.ResponseEntity com.champlain.ateliermecaniquews.appointmentmanagementsubdomain.presentationlayer.AppointmentController.getAllAppointmentsByCustomerId(java.lang.String); target is of class [com.champlain.ateliermecaniquews.appointmentmanagementsubdomain.presentationlayer.AppointmentController]
2024-02-15T02:21:01.663-05:00 DEBUG 20292 --- [    Test worker] horizationManagerBeforeMethodInterceptor : Authorized method invocation ReflectiveMethodInvocation: public org.springframework.http.ResponseEntity com.champlain.ateliermecaniquews.appointmentmanagementsubdomain.presentationlayer.AppointmentController.getAllAppointmentsByCustomerId(java.lang.String); target is of class [com.champlain.ateliermecaniquews.appointmentmanagementsubdomain.presentationlayer.AppointmentController]
2024-02-15T02:21:01.665-05:00 DEBUG 20292 --- [    Test worker] org.hibernate.SQL                        : select u1_0.id,u1_0.email,u1_0.first_name,u1_0.last_name,u1_0.password,u1_0.phone_number,u1_0.picture,u1_0.user_id from users u1_0 where u1_0.user_id=?
2024-02-15T02:21:01.780-05:00 DEBUG 20292 --- [    Test worker] org.hibernate.SQL                        : select a1_0.id,a1_0.appointment_date,a1_0.appointment_id,a1_0.comments,a1_0.user_id,a1_0.services,a1_0.status,a1_0.vehicle_id from appointments a1_0
2024-02-15T02:21:01.833-05:00 DEBUG 20292 --- [    Test worker] org.hibernate.SQL                        : delete from appointments where id=?
2024-02-15T02:21:02.055-05:00 DEBUG 20292 --- [    Test worker] org.hibernate.SQL                        : insert into appointments (appointment_date,appointment_id,comments,user_id,services,status,vehicle_id) values (?,?,?,?,?,?,?)
2024-02-15T02:21:02.210-05:00 DEBUG 20292 --- [    Test worker] w.c.HttpSessionSecurityContextRepository : Created HttpSession as SecurityContext is non-default
2024-02-15T02:21:02.210-05:00 DEBUG 20292 --- [    Test worker] w.c.HttpSessionSecurityContextRepository : Stored SecurityContextImpl [Authentication=UsernamePasswordAuthenticationToken [Principal=org.springframework.security.core.userdetails.User [Username=admin@example.com, Password=[PROTECTED], Enabled=true, AccountNonExpired=true, credentialsNonExpired=true, AccountNonLocked=true, Granted Authorities=[ROLE_ADMIN]], Credentials=[PROTECTED], Authenticated=true, Details=null, Granted Authorities=[ROLE_ADMIN]]] to HttpSession [org.springframework.mock.web.MockHttpSession@1773dcf5]
2024-02-15T02:21:02.210-05:00 DEBUG 20292 --- [    Test worker] o.s.security.web.FilterChainProxy        : Securing DELETE /api/v1/appointments/cancelled
2024-02-15T02:21:02.211-05:00 DEBUG 20292 --- [    Test worker] w.c.HttpSessionSecurityContextRepository : Retrieved SecurityContextImpl [Authentication=UsernamePasswordAuthenticationToken [Principal=org.springframework.security.core.userdetails.User [Username=admin@example.com, Password=[PROTECTED], Enabled=true, AccountNonExpired=true, credentialsNonExpired=true, AccountNonLocked=true, Granted Authorities=[ROLE_ADMIN]], Credentials=[PROTECTED], Authenticated=true, Details=null, Granted Authorities=[ROLE_ADMIN]]]
2024-02-15T02:21:02.211-05:00 DEBUG 20292 --- [    Test worker] o.s.security.web.FilterChainProxy        : Secured DELETE /api/v1/appointments/cancelled
2024-02-15T02:21:02.211-05:00 DEBUG 20292 --- [    Test worker] horizationManagerBeforeMethodInterceptor : Authorizing method invocation ReflectiveMethodInvocation: public org.springframework.http.ResponseEntity com.champlain.ateliermecaniquews.appointmentmanagementsubdomain.presentationlayer.AppointmentController.deleteAllCancelledAppointments(); target is of class [com.champlain.ateliermecaniquews.appointmentmanagementsubdomain.presentationlayer.AppointmentController]
2024-02-15T02:21:02.212-05:00 DEBUG 20292 --- [    Test worker] horizationManagerBeforeMethodInterceptor : Authorized method invocation ReflectiveMethodInvocation: public org.springframework.http.ResponseEntity com.champlain.ateliermecaniquews.appointmentmanagementsubdomain.presentationlayer.AppointmentController.deleteAllCancelledAppointments(); target is of class [com.champlain.ateliermecaniquews.appointmentmanagementsubdomain.presentationlayer.AppointmentController]
2024-02-15T02:21:02.271-05:00 DEBUG 20292 --- [    Test worker] org.hibernate.SQL                        : select a1_0.id,a1_0.appointment_date,a1_0.appointment_id,a1_0.comments,a1_0.user_id,a1_0.services,a1_0.status,a1_0.vehicle_id from appointments a1_0
2024-02-15T02:21:02.330-05:00 DEBUG 20292 --- [    Test worker] org.hibernate.SQL                        : delete from appointments where id=?
2024-02-15T02:21:02.546-05:00 DEBUG 20292 --- [    Test worker] org.hibernate.SQL                        : insert into appointments (appointment_date,appointment_id,comments,user_id,services,status,vehicle_id) values (?,?,?,?,?,?,?)
2024-02-15T02:21:02.698-05:00 DEBUG 20292 --- [    Test worker] w.c.HttpSessionSecurityContextRepository : Created HttpSession as SecurityContext is non-default
2024-02-15T02:21:02.698-05:00 DEBUG 20292 --- [    Test worker] w.c.HttpSessionSecurityContextRepository : Stored SecurityContextImpl [Authentication=UsernamePasswordAuthenticationToken [Principal=org.springframework.security.core.userdetails.User [Username=admin@example.com, Password=[PROTECTED], Enabled=true, AccountNonExpired=true, credentialsNonExpired=true, AccountNonLocked=true, Granted Authorities=[ROLE_ADMIN]], Credentials=[PROTECTED], Authenticated=true, Details=null, Granted Authorities=[ROLE_ADMIN]]] to HttpSession [org.springframework.mock.web.MockHttpSession@1ae0b107]
2024-02-15T02:21:02.698-05:00 DEBUG 20292 --- [    Test worker] o.s.security.web.FilterChainProxy        : Securing PUT /api/v1/customers/customer123/appointments/nonExistingAppointmentId/updateStatus?isConfirm=false
2024-02-15T02:21:02.698-05:00 DEBUG 20292 --- [    Test worker] w.c.HttpSessionSecurityContextRepository : Retrieved SecurityContextImpl [Authentication=UsernamePasswordAuthenticationToken [Principal=org.springframework.security.core.userdetails.User [Username=admin@example.com, Password=[PROTECTED], Enabled=true, AccountNonExpired=true, credentialsNonExpired=true, AccountNonLocked=true, Granted Authorities=[ROLE_ADMIN]], Credentials=[PROTECTED], Authenticated=true, Details=null, Granted Authorities=[ROLE_ADMIN]]]
2024-02-15T02:21:02.699-05:00 DEBUG 20292 --- [    Test worker] o.s.security.web.FilterChainProxy        : Secured PUT /api/v1/customers/customer123/appointments/nonExistingAppointmentId/updateStatus?isConfirm=false
2024-02-15T02:21:02.700-05:00 DEBUG 20292 --- [    Test worker] horizationManagerBeforeMethodInterceptor : Authorizing method invocation ReflectiveMethodInvocation: public org.springframework.http.ResponseEntity com.champlain.ateliermecaniquews.appointmentmanagementsubdomain.presentationlayer.AppointmentController.updateAppointmentStatusCustomer(java.lang.String,java.lang.String,boolean); target is of class [com.champlain.ateliermecaniquews.appointmentmanagementsubdomain.presentationlayer.AppointmentController]
2024-02-15T02:21:02.700-05:00 DEBUG 20292 --- [    Test worker] horizationManagerBeforeMethodInterceptor : Authorized method invocation ReflectiveMethodInvocation: public org.springframework.http.ResponseEntity com.champlain.ateliermecaniquews.appointmentmanagementsubdomain.presentationlayer.AppointmentController.updateAppointmentStatusCustomer(java.lang.String,java.lang.String,boolean); target is of class [com.champlain.ateliermecaniquews.appointmentmanagementsubdomain.presentationlayer.AppointmentController]
2024-02-15T02:21:02.703-05:00 DEBUG 20292 --- [    Test worker] org.hibernate.SQL                        : select u1_0.id,u1_0.email,u1_0.first_name,u1_0.last_name,u1_0.password,u1_0.phone_number,u1_0.picture,u1_0.user_id from users u1_0 where u1_0.user_id=?
2024-02-15T02:21:02.810-05:00 DEBUG 20292 --- [    Test worker] org.hibernate.SQL                        : select a1_0.id,a1_0.appointment_date,a1_0.appointment_id,a1_0.comments,a1_0.user_id,a1_0.services,a1_0.status,a1_0.vehicle_id from appointments a1_0
2024-02-15T02:21:02.872-05:00 DEBUG 20292 --- [    Test worker] org.hibernate.SQL                        : delete from appointments where id=?
]]></system-out>
  <system-err><![CDATA[]]></system-err>
</testsuite>
