<?xml version="1.0" encoding="UTF-8"?>
<testsuite name="com.champlain.ateliermecaniquews.appointmentmanagementsubdomain.presentationlayer.AppointmentControllerIntegrationTest" tests="13" skipped="0" failures="0" errors="0" timestamp="2024-02-15T04:57:53" hostname="LAPTOP-C5ATL8TE" time="1.143">
  <properties/>
  <testcase name="updateAppointmentStatusAdmin_appointmentNotFound()" classname="com.champlain.ateliermecaniquews.appointmentmanagementsubdomain.presentationlayer.AppointmentControllerIntegrationTest" time="0.536"/>
  <testcase name="getAllAppointments_shouldSucceed()" classname="com.champlain.ateliermecaniquews.appointmentmanagementsubdomain.presentationlayer.AppointmentControllerIntegrationTest" time="0.212"/>
  <testcase name="getAppointmentByAppointmentId_shouldSucceed()" classname="com.champlain.ateliermecaniquews.appointmentmanagementsubdomain.presentationlayer.AppointmentControllerIntegrationTest" time="0.022"/>
  <testcase name="deleteAppointmentByAppointmentId_shouldSucceed()" classname="com.champlain.ateliermecaniquews.appointmentmanagementsubdomain.presentationlayer.AppointmentControllerIntegrationTest" time="0.021"/>
  <testcase name="deleteAppointmentByAppointmentId_notFound()" classname="com.champlain.ateliermecaniquews.appointmentmanagementsubdomain.presentationlayer.AppointmentControllerIntegrationTest" time="0.021"/>
  <testcase name="updateAppointmentStatusAdmin_shouldUpdateStatus()" classname="com.champlain.ateliermecaniquews.appointmentmanagementsubdomain.presentationlayer.AppointmentControllerIntegrationTest" time="0.022"/>
  <testcase name="updateAppointmentByAppointmentId_shouldSucceed()" classname="com.champlain.ateliermecaniquews.appointmentmanagementsubdomain.presentationlayer.AppointmentControllerIntegrationTest" time="0.164"/>
  <testcase name="getAppointmentByIdCustomer_notFoundAdmin()" classname="com.champlain.ateliermecaniquews.appointmentmanagementsubdomain.presentationlayer.AppointmentControllerIntegrationTest" time="0.035"/>
  <testcase name="deleteAllCancelledAppointments_shouldSucceed()" classname="com.champlain.ateliermecaniquews.appointmentmanagementsubdomain.presentationlayer.AppointmentControllerIntegrationTest" time="0.015"/>
  <testcase name="updateAppointmentByAppointmentId_whenNotFound_shouldReturnNotFound()" classname="com.champlain.ateliermecaniquews.appointmentmanagementsubdomain.presentationlayer.AppointmentControllerIntegrationTest" time="0.017"/>
  <testcase name="getAllAppointmentsByCustomerId_notFound()" classname="com.champlain.ateliermecaniquews.appointmentmanagementsubdomain.presentationlayer.AppointmentControllerIntegrationTest" time="0.021"/>
  <testcase name="deleteAllCancelledAppointments_exceptionThrown_shouldReturnInternalServerError()" classname="com.champlain.ateliermecaniquews.appointmentmanagementsubdomain.presentationlayer.AppointmentControllerIntegrationTest" time="0.017"/>
  <testcase name="updateAppointmentStatusCustomer_appointmentNotFound()" classname="com.champlain.ateliermecaniquews.appointmentmanagementsubdomain.presentationlayer.AppointmentControllerIntegrationTest" time="0.023"/>
  <system-out><![CDATA[2024-02-14T23:57:51.210-05:00  INFO 37760 --- [    Test worker] t.c.s.AnnotationConfigContextLoaderUtils : Could not detect default configuration classes for test class [com.champlain.ateliermecaniquews.appointmentmanagementsubdomain.presentationlayer.AppointmentControllerIntegrationTest]: AppointmentControllerIntegrationTest does not declare any static, non-private, non-final, nested classes annotated with @Configuration.
2024-02-14T23:57:51.254-05:00  INFO 37760 --- [    Test worker] .b.t.c.SpringBootTestContextBootstrapper : Found @SpringBootConfiguration com.champlain.ateliermecaniquews.AteliermecaniqueWsApplication for test class com.champlain.ateliermecaniquews.appointmentmanagementsubdomain.presentationlayer.AppointmentControllerIntegrationTest

  .   ____          _            __ _ _
 /\\ / ___'_ __ _ _(_)_ __  __ _ \ \ \ \
( ( )\___ | '_ | '_| | '_ \/ _` | \ \ \ \
 \\/  ___)| |_)| | | | | || (_| |  ) ) ) )
  '  |____| .__|_| |_|_| |_\__, | / / / /
 =========|_|==============|___/=/_/_/_/
 :: Spring Boot ::                (v3.1.5)

2024-02-14T23:57:51.326-05:00  WARN 37760 --- [    Test worker] ory$DuplicateJsonObjectContextCustomizer : 

Found multiple occurrences of org.json.JSONObject on the class path:

	jar:file:/C:/Users/Mvacc/.gradle/caches/modules-2/files-2.1/org.json/json/20230227/7a0d4aca76513d8ce81f9b044ce8126b84809ad8/json-20230227.jar!/org/json/JSONObject.class
	jar:file:/C:/Users/Mvacc/.gradle/caches/modules-2/files-2.1/com.vaadin.external.google/android-json/0.0.20131108.vaadin1/fa26d351fe62a6a17f5cda1287c1c6110dec413f/android-json-0.0.20131108.vaadin1.jar!/org/json/JSONObject.class

You may wish to exclude one of them to ensure predictable runtime behavior

2024-02-14T23:57:51.328-05:00  INFO 37760 --- [    Test worker] a.p.AppointmentControllerIntegrationTest : Starting AppointmentControllerIntegrationTest using Java 17.0.6 with PID 37760 (started by Mvacc in C:\Users\Mvacc\OneDrive\Documents\Semester8\FINALPROJ\ateliermecanique-ws\ateliermecanique-ws)
2024-02-14T23:57:51.329-05:00 DEBUG 37760 --- [    Test worker] a.p.AppointmentControllerIntegrationTest : Running with Spring Boot v3.1.5, Spring v6.0.13
2024-02-14T23:57:51.329-05:00  INFO 37760 --- [    Test worker] a.p.AppointmentControllerIntegrationTest : No active profile set, falling back to 1 default profile: "default"
2024-02-14T23:57:51.707-05:00  INFO 37760 --- [    Test worker] .s.d.r.c.RepositoryConfigurationDelegate : Bootstrapping Spring Data JPA repositories in DEFAULT mode.
2024-02-14T23:57:51.773-05:00  INFO 37760 --- [    Test worker] .s.d.r.c.RepositoryConfigurationDelegate : Finished Spring Data repository scanning in 66 ms. Found 6 JPA repository interfaces.
2024-02-14T23:57:52.083-05:00  INFO 37760 --- [    Test worker] com.zaxxer.hikari.HikariDataSource       : HikariPool-2 - Starting...
2024-02-14T23:57:52.086-05:00  INFO 37760 --- [    Test worker] com.zaxxer.hikari.pool.HikariPool        : HikariPool-2 - Added connection conn23: url=jdbc:h2:mem:18dfa8cc-4ed9-4e21-8653-85162b0dd517 user=SA
2024-02-14T23:57:52.086-05:00  INFO 37760 --- [    Test worker] com.zaxxer.hikari.HikariDataSource       : HikariPool-2 - Start completed.
2024-02-14T23:57:52.089-05:00  INFO 37760 --- [    Test worker] o.hibernate.jpa.internal.util.LogHelper  : HHH000204: Processing PersistenceUnitInfo [name: default]
2024-02-14T23:57:52.112-05:00  INFO 37760 --- [    Test worker] o.s.o.j.p.SpringPersistenceUnitInfo      : No LoadTimeWeaver setup: ignoring JPA class transformer
2024-02-14T23:57:52.359-05:00  INFO 37760 --- [    Test worker] o.h.e.t.j.p.i.JtaPlatformInitiator       : HHH000489: No JTA platform available (set 'hibernate.transaction.jta.platform' to enable JTA platform integration)
2024-02-14T23:57:52.360-05:00 DEBUG 37760 --- [    Test worker] org.hibernate.SQL                        : drop table if exists appointments cascade 
2024-02-14T23:57:52.360-05:00 DEBUG 37760 --- [    Test worker] org.hibernate.SQL                        : drop table if exists invoices cascade 
2024-02-14T23:57:52.360-05:00 DEBUG 37760 --- [    Test worker] org.hibernate.SQL                        : drop table if exists reviews cascade 
2024-02-14T23:57:52.360-05:00 DEBUG 37760 --- [    Test worker] org.hibernate.SQL                        : drop table if exists roles cascade 
2024-02-14T23:57:52.360-05:00 DEBUG 37760 --- [    Test worker] org.hibernate.SQL                        : drop table if exists user_roles cascade 
2024-02-14T23:57:52.360-05:00 DEBUG 37760 --- [    Test worker] org.hibernate.SQL                        : drop table if exists users cascade 
2024-02-14T23:57:52.361-05:00 DEBUG 37760 --- [    Test worker] org.hibernate.SQL                        : drop table if exists vehicles cascade 
2024-02-14T23:57:52.362-05:00 DEBUG 37760 --- [    Test worker] org.hibernate.SQL                        : create table appointments (id integer generated by default as identity, appointment_date timestamp(6), appointment_id varchar(255), comments varchar(255), services varchar(255), status varchar(255) check (status in ('PENDING','CONFIRMED','COMPLETED','CANCELLED')), user_id varchar(255), vehicle_id varchar(255), primary key (id))
2024-02-14T23:57:52.364-05:00 DEBUG 37760 --- [    Test worker] org.hibernate.SQL                        : create table invoices (id integer generated by default as identity, sum_of_services float(53), invoice_date timestamp(6), appointment_id varchar(255), invoice_id varchar(255), mechanic_notes varchar(255), user_id varchar(255), primary key (id))
2024-02-14T23:57:52.366-05:00 DEBUG 37760 --- [    Test worker] org.hibernate.SQL                        : create table reviews (id integer generated by default as identity, rating float(53), review_date timestamp(6), appointment_id varchar(255), comment varchar(255), mechanic_reply varchar(255), review_id varchar(255), user_id varchar(255), primary key (id))
2024-02-14T23:57:52.367-05:00 DEBUG 37760 --- [    Test worker] org.hibernate.SQL                        : create table roles (id integer generated by default as identity, name varchar(20) check (name in ('ROLE_CUSTOMER','ROLE_ADMIN')), primary key (id))
2024-02-14T23:57:52.369-05:00 DEBUG 37760 --- [    Test worker] org.hibernate.SQL                        : create table user_roles (role_id integer not null, user_id integer not null, primary key (role_id, user_id))
2024-02-14T23:57:52.370-05:00 DEBUG 37760 --- [    Test worker] org.hibernate.SQL                        : create table users (id integer generated by default as identity, first_name varchar(20), phone_number varchar(20), last_name varchar(40), email varchar(50), password varchar(120), picture varchar(200), user_id varchar(255), primary key (id), constraint UK6dotkott2kjsp8vw4d0m25fb7 unique (email))
2024-02-14T23:57:52.372-05:00 DEBUG 37760 --- [    Test worker] org.hibernate.SQL                        : create table vehicles (id integer generated by default as identity, make varchar(255), mileage varchar(255), model varchar(255), transmission_type varchar(255) check (transmission_type in ('MANUAL','AUTOMATIC')), user_id varchar(255), vehicle_id varchar(255), year varchar(255), primary key (id))
2024-02-14T23:57:52.373-05:00  WARN 37760 --- [    Test worker] o.h.t.s.i.ExceptionHandlerLoggedImpl     : GenerationTarget encountered exception accepting command : Error executing DDL "create table vehicles (id integer generated by default as identity, make varchar(255), mileage varchar(255), model varchar(255), transmission_type varchar(255) check (transmission_type in ('MANUAL','AUTOMATIC')), user_id varchar(255), vehicle_id varchar(255), year varchar(255), primary key (id))" via JDBC [Syntax error in SQL statement "create table vehicles (id integer generated by default as identity, make varchar(255), mileage varchar(255), model varchar(255), transmission_type varchar(255) check (transmission_type in ('MANUAL','AUTOMATIC')), user_id varchar(255), vehicle_id varchar(255), [*]year varchar(255), primary key (id))"; expected "identifier";]

org.hibernate.tool.schema.spi.CommandAcceptanceException: Error executing DDL "create table vehicles (id integer generated by default as identity, make varchar(255), mileage varchar(255), model varchar(255), transmission_type varchar(255) check (transmission_type in ('MANUAL','AUTOMATIC')), user_id varchar(255), vehicle_id varchar(255), year varchar(255), primary key (id))" via JDBC [Syntax error in SQL statement "create table vehicles (id integer generated by default as identity, make varchar(255), mileage varchar(255), model varchar(255), transmission_type varchar(255) check (transmission_type in ('MANUAL','AUTOMATIC')), user_id varchar(255), vehicle_id varchar(255), [*]year varchar(255), primary key (id))"; expected "identifier";]
	at org.hibernate.tool.schema.internal.exec.GenerationTargetToDatabase.accept(GenerationTargetToDatabase.java:94) ~[hibernate-core-6.2.13.Final.jar:6.2.13.Final]
	at org.hibernate.tool.schema.internal.Helper.applySqlString(Helper.java:233) ~[hibernate-core-6.2.13.Final.jar:6.2.13.Final]
	at org.hibernate.tool.schema.internal.Helper.applySqlStrings(Helper.java:217) ~[hibernate-core-6.2.13.Final.jar:6.2.13.Final]
	at org.hibernate.tool.schema.internal.SchemaCreatorImpl.createTables(SchemaCreatorImpl.java:419) ~[hibernate-core-6.2.13.Final.jar:6.2.13.Final]
	at org.hibernate.tool.schema.internal.SchemaCreatorImpl.createSequencesTablesConstraints(SchemaCreatorImpl.java:340) ~[hibernate-core-6.2.13.Final.jar:6.2.13.Final]
	at org.hibernate.tool.schema.internal.SchemaCreatorImpl.createFromMetadata(SchemaCreatorImpl.java:239) ~[hibernate-core-6.2.13.Final.jar:6.2.13.Final]
	at org.hibernate.tool.schema.internal.SchemaCreatorImpl.performCreation(SchemaCreatorImpl.java:172) ~[hibernate-core-6.2.13.Final.jar:6.2.13.Final]
	at org.hibernate.tool.schema.internal.SchemaCreatorImpl.doCreation(SchemaCreatorImpl.java:142) ~[hibernate-core-6.2.13.Final.jar:6.2.13.Final]
	at org.hibernate.tool.schema.internal.SchemaCreatorImpl.doCreation(SchemaCreatorImpl.java:118) ~[hibernate-core-6.2.13.Final.jar:6.2.13.Final]
	at org.hibernate.tool.schema.spi.SchemaManagementToolCoordinator.performDatabaseAction(SchemaManagementToolCoordinator.java:254) ~[hibernate-core-6.2.13.Final.jar:6.2.13.Final]
	at org.hibernate.tool.schema.spi.SchemaManagementToolCoordinator.lambda$process$5(SchemaManagementToolCoordinator.java:143) ~[hibernate-core-6.2.13.Final.jar:6.2.13.Final]
	at java.base/java.util.HashMap.forEach(HashMap.java:1421) ~[na:na]
	at org.hibernate.tool.schema.spi.SchemaManagementToolCoordinator.process(SchemaManagementToolCoordinator.java:140) ~[hibernate-core-6.2.13.Final.jar:6.2.13.Final]
	at org.hibernate.boot.internal.SessionFactoryObserverForSchemaExport.sessionFactoryCreated(SessionFactoryObserverForSchemaExport.java:37) ~[hibernate-core-6.2.13.Final.jar:6.2.13.Final]
	at org.hibernate.internal.SessionFactoryObserverChain.sessionFactoryCreated(SessionFactoryObserverChain.java:35) ~[hibernate-core-6.2.13.Final.jar:6.2.13.Final]
	at org.hibernate.internal.SessionFactoryImpl.<init>(SessionFactoryImpl.java:293) ~[hibernate-core-6.2.13.Final.jar:6.2.13.Final]
	at org.hibernate.boot.internal.SessionFactoryBuilderImpl.build(SessionFactoryBuilderImpl.java:444) ~[hibernate-core-6.2.13.Final.jar:6.2.13.Final]
	at org.hibernate.jpa.boot.internal.EntityManagerFactoryBuilderImpl.build(EntityManagerFactoryBuilderImpl.java:1458) ~[hibernate-core-6.2.13.Final.jar:6.2.13.Final]
	at org.springframework.orm.jpa.vendor.SpringHibernateJpaPersistenceProvider.createContainerEntityManagerFactory(SpringHibernateJpaPersistenceProvider.java:75) ~[spring-orm-6.0.13.jar:6.0.13]
	at org.springframework.orm.jpa.LocalContainerEntityManagerFactoryBean.createNativeEntityManagerFactory(LocalContainerEntityManagerFactoryBean.java:376) ~[spring-orm-6.0.13.jar:6.0.13]
	at org.springframework.orm.jpa.AbstractEntityManagerFactoryBean.buildNativeEntityManagerFactory(AbstractEntityManagerFactoryBean.java:409) ~[spring-orm-6.0.13.jar:6.0.13]
	at org.springframework.orm.jpa.AbstractEntityManagerFactoryBean.afterPropertiesSet(AbstractEntityManagerFactoryBean.java:396) ~[spring-orm-6.0.13.jar:6.0.13]
	at org.springframework.orm.jpa.LocalContainerEntityManagerFactoryBean.afterPropertiesSet(LocalContainerEntityManagerFactoryBean.java:352) ~[spring-orm-6.0.13.jar:6.0.13]
	at org.springframework.beans.factory.support.AbstractAutowireCapableBeanFactory.invokeInitMethods(AbstractAutowireCapableBeanFactory.java:1817) ~[spring-beans-6.0.13.jar:6.0.13]
	at org.springframework.beans.factory.support.AbstractAutowireCapableBeanFactory.initializeBean(AbstractAutowireCapableBeanFactory.java:1766) ~[spring-beans-6.0.13.jar:6.0.13]
	at org.springframework.beans.factory.support.AbstractAutowireCapableBeanFactory.doCreateBean(AbstractAutowireCapableBeanFactory.java:598) ~[spring-beans-6.0.13.jar:6.0.13]
	at org.springframework.beans.factory.support.AbstractAutowireCapableBeanFactory.createBean(AbstractAutowireCapableBeanFactory.java:520) ~[spring-beans-6.0.13.jar:6.0.13]
	at org.springframework.beans.factory.support.AbstractBeanFactory.lambda$doGetBean$0(AbstractBeanFactory.java:325) ~[spring-beans-6.0.13.jar:6.0.13]
	at org.springframework.beans.factory.support.DefaultSingletonBeanRegistry.getSingleton(DefaultSingletonBeanRegistry.java:234) ~[spring-beans-6.0.13.jar:6.0.13]
	at org.springframework.beans.factory.support.AbstractBeanFactory.doGetBean(AbstractBeanFactory.java:323) ~[spring-beans-6.0.13.jar:6.0.13]
	at org.springframework.beans.factory.support.AbstractBeanFactory.getBean(AbstractBeanFactory.java:199) ~[spring-beans-6.0.13.jar:6.0.13]
	at org.springframework.context.support.AbstractApplicationContext.getBean(AbstractApplicationContext.java:1166) ~[spring-context-6.0.13.jar:6.0.13]
	at org.springframework.context.support.AbstractApplicationContext.finishBeanFactoryInitialization(AbstractApplicationContext.java:940) ~[spring-context-6.0.13.jar:6.0.13]
	at org.springframework.context.support.AbstractApplicationContext.refresh(AbstractApplicationContext.java:616) ~[spring-context-6.0.13.jar:6.0.13]
	at org.springframework.boot.SpringApplication.refresh(SpringApplication.java:738) ~[spring-boot-3.1.5.jar:3.1.5]
	at org.springframework.boot.SpringApplication.refreshContext(SpringApplication.java:440) ~[spring-boot-3.1.5.jar:3.1.5]
	at org.springframework.boot.SpringApplication.run(SpringApplication.java:316) ~[spring-boot-3.1.5.jar:3.1.5]
	at org.springframework.boot.test.context.SpringBootContextLoader.lambda$loadContext$3(SpringBootContextLoader.java:137) ~[spring-boot-test-3.1.5.jar:3.1.5]
	at org.springframework.util.function.ThrowingSupplier.get(ThrowingSupplier.java:58) ~[spring-core-6.0.13.jar:6.0.13]
	at org.springframework.util.function.ThrowingSupplier.get(ThrowingSupplier.java:46) ~[spring-core-6.0.13.jar:6.0.13]
	at org.springframework.boot.SpringApplication.withHook(SpringApplication.java:1406) ~[spring-boot-3.1.5.jar:3.1.5]
	at org.springframework.boot.test.context.SpringBootContextLoader$ContextLoaderHook.run(SpringBootContextLoader.java:545) ~[spring-boot-test-3.1.5.jar:3.1.5]
	at org.springframework.boot.test.context.SpringBootContextLoader.loadContext(SpringBootContextLoader.java:137) ~[spring-boot-test-3.1.5.jar:3.1.5]
	at org.springframework.boot.test.context.SpringBootContextLoader.loadContext(SpringBootContextLoader.java:108) ~[spring-boot-test-3.1.5.jar:3.1.5]
	at org.springframework.test.context.cache.DefaultCacheAwareContextLoaderDelegate.loadContextInternal(DefaultCacheAwareContextLoaderDelegate.java:187) ~[spring-test-6.0.13.jar:6.0.13]
	at org.springframework.test.context.cache.DefaultCacheAwareContextLoaderDelegate.loadContext(DefaultCacheAwareContextLoaderDelegate.java:119) ~[spring-test-6.0.13.jar:6.0.13]
	at org.springframework.test.context.support.DefaultTestContext.getApplicationContext(DefaultTestContext.java:127) ~[spring-test-6.0.13.jar:6.0.13]
	at org.springframework.test.context.web.ServletTestExecutionListener.setUpRequestContextIfNecessary(ServletTestExecutionListener.java:191) ~[spring-test-6.0.13.jar:6.0.13]
	at org.springframework.test.context.web.ServletTestExecutionListener.prepareTestInstance(ServletTestExecutionListener.java:130) ~[spring-test-6.0.13.jar:6.0.13]
	at org.springframework.test.context.TestContextManager.prepareTestInstance(TestContextManager.java:241) ~[spring-test-6.0.13.jar:6.0.13]
	at org.springframework.test.context.junit.jupiter.SpringExtension.postProcessTestInstance(SpringExtension.java:138) ~[spring-test-6.0.13.jar:6.0.13]
	at org.junit.jupiter.engine.descriptor.ClassBasedTestDescriptor.lambda$invokeTestInstancePostProcessors$10(ClassBasedTestDescriptor.java:377) ~[junit-jupiter-engine-5.9.3.jar:5.9.3]
	at org.junit.jupiter.engine.descriptor.ClassBasedTestDescriptor.executeAndMaskThrowable(ClassBasedTestDescriptor.java:382) ~[junit-jupiter-engine-5.9.3.jar:5.9.3]
	at org.junit.jupiter.engine.descriptor.ClassBasedTestDescriptor.lambda$invokeTestInstancePostProcessors$11(ClassBasedTestDescriptor.java:377) ~[junit-jupiter-engine-5.9.3.jar:5.9.3]
	at java.base/java.util.stream.ReferencePipeline$3$1.accept(ReferencePipeline.java:197) ~[na:na]
	at java.base/java.util.stream.ReferencePipeline$2$1.accept(ReferencePipeline.java:179) ~[na:na]
	at java.base/java.util.ArrayList$ArrayListSpliterator.forEachRemaining(ArrayList.java:1625) ~[na:na]
	at java.base/java.util.stream.AbstractPipeline.copyInto(AbstractPipeline.java:509) ~[na:na]
	at java.base/java.util.stream.AbstractPipeline.wrapAndCopyInto(AbstractPipeline.java:499) ~[na:na]
	at java.base/java.util.stream.StreamSpliterators$WrappingSpliterator.forEachRemaining(StreamSpliterators.java:310) ~[na:na]
	at java.base/java.util.stream.Streams$ConcatSpliterator.forEachRemaining(Streams.java:735) ~[na:na]
	at java.base/java.util.stream.Streams$ConcatSpliterator.forEachRemaining(Streams.java:734) ~[na:na]
	at java.base/java.util.stream.ReferencePipeline$Head.forEach(ReferencePipeline.java:762) ~[na:na]
	at org.junit.jupiter.engine.descriptor.ClassBasedTestDescriptor.invokeTestInstancePostProcessors(ClassBasedTestDescriptor.java:376) ~[junit-jupiter-engine-5.9.3.jar:5.9.3]
	at org.junit.jupiter.engine.descriptor.ClassBasedTestDescriptor.lambda$instantiateAndPostProcessTestInstance$6(ClassBasedTestDescriptor.java:289) ~[junit-jupiter-engine-5.9.3.jar:5.9.3]
	at org.junit.platform.engine.support.hierarchical.ThrowableCollector.execute(ThrowableCollector.java:73) ~[junit-platform-engine-1.9.3.jar:1.9.3]
	at org.junit.jupiter.engine.descriptor.ClassBasedTestDescriptor.instantiateAndPostProcessTestInstance(ClassBasedTestDescriptor.java:288) ~[junit-jupiter-engine-5.9.3.jar:5.9.3]
	at org.junit.jupiter.engine.descriptor.ClassBasedTestDescriptor.lambda$testInstancesProvider$4(ClassBasedTestDescriptor.java:278) ~[junit-jupiter-engine-5.9.3.jar:5.9.3]
	at java.base/java.util.Optional.orElseGet(Optional.java:364) ~[na:na]
	at org.junit.jupiter.engine.descriptor.ClassBasedTestDescriptor.lambda$testInstancesProvider$5(ClassBasedTestDescriptor.java:277) ~[junit-jupiter-engine-5.9.3.jar:5.9.3]
	at org.junit.jupiter.engine.execution.TestInstancesProvider.getTestInstances(TestInstancesProvider.java:31) ~[junit-jupiter-engine-5.9.3.jar:5.9.3]
	at org.junit.jupiter.engine.descriptor.TestMethodTestDescriptor.lambda$prepare$0(TestMethodTestDescriptor.java:105) ~[junit-jupiter-engine-5.9.3.jar:5.9.3]
	at org.junit.platform.engine.support.hierarchical.ThrowableCollector.execute(ThrowableCollector.java:73) ~[junit-platform-engine-1.9.3.jar:1.9.3]
	at org.junit.jupiter.engine.descriptor.TestMethodTestDescriptor.prepare(TestMethodTestDescriptor.java:104) ~[junit-jupiter-engine-5.9.3.jar:5.9.3]
	at org.junit.jupiter.engine.descriptor.TestMethodTestDescriptor.prepare(TestMethodTestDescriptor.java:68) ~[junit-jupiter-engine-5.9.3.jar:5.9.3]
	at org.junit.platform.engine.support.hierarchical.NodeTestTask.lambda$prepare$2(NodeTestTask.java:123) ~[junit-platform-engine-1.9.3.jar:1.9.3]
	at org.junit.platform.engine.support.hierarchical.ThrowableCollector.execute(ThrowableCollector.java:73) ~[junit-platform-engine-1.9.3.jar:1.9.3]
	at org.junit.platform.engine.support.hierarchical.NodeTestTask.prepare(NodeTestTask.java:123) ~[junit-platform-engine-1.9.3.jar:1.9.3]
	at org.junit.platform.engine.support.hierarchical.NodeTestTask.execute(NodeTestTask.java:90) ~[junit-platform-engine-1.9.3.jar:1.9.3]
	at java.base/java.util.ArrayList.forEach(ArrayList.java:1511) ~[na:na]
	at org.junit.platform.engine.support.hierarchical.SameThreadHierarchicalTestExecutorService.invokeAll(SameThreadHierarchicalTestExecutorService.java:41) ~[junit-platform-engine-1.9.3.jar:1.9.3]
	at org.junit.platform.engine.support.hierarchical.NodeTestTask.lambda$executeRecursively$6(NodeTestTask.java:155) ~[junit-platform-engine-1.9.3.jar:1.9.3]
	at org.junit.platform.engine.support.hierarchical.ThrowableCollector.execute(ThrowableCollector.java:73) ~[junit-platform-engine-1.9.3.jar:1.9.3]
	at org.junit.platform.engine.support.hierarchical.NodeTestTask.lambda$executeRecursively$8(NodeTestTask.java:141) ~[junit-platform-engine-1.9.3.jar:1.9.3]
	at org.junit.platform.engine.support.hierarchical.Node.around(Node.java:137) ~[junit-platform-engine-1.9.3.jar:1.9.3]
	at org.junit.platform.engine.support.hierarchical.NodeTestTask.lambda$executeRecursively$9(NodeTestTask.java:139) ~[junit-platform-engine-1.9.3.jar:1.9.3]
	at org.junit.platform.engine.support.hierarchical.ThrowableCollector.execute(ThrowableCollector.java:73) ~[junit-platform-engine-1.9.3.jar:1.9.3]
	at org.junit.platform.engine.support.hierarchical.NodeTestTask.executeRecursively(NodeTestTask.java:138) ~[junit-platform-engine-1.9.3.jar:1.9.3]
	at org.junit.platform.engine.support.hierarchical.NodeTestTask.execute(NodeTestTask.java:95) ~[junit-platform-engine-1.9.3.jar:1.9.3]
	at java.base/java.util.ArrayList.forEach(ArrayList.java:1511) ~[na:na]
	at org.junit.platform.engine.support.hierarchical.SameThreadHierarchicalTestExecutorService.invokeAll(SameThreadHierarchicalTestExecutorService.java:41) ~[junit-platform-engine-1.9.3.jar:1.9.3]
	at org.junit.platform.engine.support.hierarchical.NodeTestTask.lambda$executeRecursively$6(NodeTestTask.java:155) ~[junit-platform-engine-1.9.3.jar:1.9.3]
	at org.junit.platform.engine.support.hierarchical.ThrowableCollector.execute(ThrowableCollector.java:73) ~[junit-platform-engine-1.9.3.jar:1.9.3]
	at org.junit.platform.engine.support.hierarchical.NodeTestTask.lambda$executeRecursively$8(NodeTestTask.java:141) ~[junit-platform-engine-1.9.3.jar:1.9.3]
	at org.junit.platform.engine.support.hierarchical.Node.around(Node.java:137) ~[junit-platform-engine-1.9.3.jar:1.9.3]
	at org.junit.platform.engine.support.hierarchical.NodeTestTask.lambda$executeRecursively$9(NodeTestTask.java:139) ~[junit-platform-engine-1.9.3.jar:1.9.3]
	at org.junit.platform.engine.support.hierarchical.ThrowableCollector.execute(ThrowableCollector.java:73) ~[junit-platform-engine-1.9.3.jar:1.9.3]
	at org.junit.platform.engine.support.hierarchical.NodeTestTask.executeRecursively(NodeTestTask.java:138) ~[junit-platform-engine-1.9.3.jar:1.9.3]
	at org.junit.platform.engine.support.hierarchical.NodeTestTask.execute(NodeTestTask.java:95) ~[junit-platform-engine-1.9.3.jar:1.9.3]
	at org.junit.platform.engine.support.hierarchical.SameThreadHierarchicalTestExecutorService.submit(SameThreadHierarchicalTestExecutorService.java:35) ~[junit-platform-engine-1.9.3.jar:1.9.3]
	at org.junit.platform.engine.support.hierarchical.HierarchicalTestExecutor.execute(HierarchicalTestExecutor.java:57) ~[junit-platform-engine-1.9.3.jar:1.9.3]
	at org.junit.platform.engine.support.hierarchical.HierarchicalTestEngine.execute(HierarchicalTestEngine.java:54) ~[junit-platform-engine-1.9.3.jar:1.9.3]
	at org.junit.platform.launcher.core.EngineExecutionOrchestrator.execute(EngineExecutionOrchestrator.java:107) ~[junit-platform-launcher-1.8.2.jar:1.8.2]
	at org.junit.platform.launcher.core.EngineExecutionOrchestrator.execute(EngineExecutionOrchestrator.java:88) ~[junit-platform-launcher-1.8.2.jar:1.8.2]
	at org.junit.platform.launcher.core.EngineExecutionOrchestrator.lambda$execute$0(EngineExecutionOrchestrator.java:54) ~[junit-platform-launcher-1.8.2.jar:1.8.2]
	at org.junit.platform.launcher.core.EngineExecutionOrchestrator.withInterceptedStreams(EngineExecutionOrchestrator.java:67) ~[junit-platform-launcher-1.8.2.jar:1.8.2]
	at org.junit.platform.launcher.core.EngineExecutionOrchestrator.execute(EngineExecutionOrchestrator.java:52) ~[junit-platform-launcher-1.8.2.jar:1.8.2]
	at org.junit.platform.launcher.core.DefaultLauncher.execute(DefaultLauncher.java:114) ~[junit-platform-launcher-1.8.2.jar:1.8.2]
	at org.junit.platform.launcher.core.DefaultLauncher.execute(DefaultLauncher.java:86) ~[junit-platform-launcher-1.8.2.jar:1.8.2]
	at org.junit.platform.launcher.core.DefaultLauncherSession$DelegatingLauncher.execute(DefaultLauncherSession.java:86) ~[junit-platform-launcher-1.8.2.jar:1.8.2]
	at org.gradle.api.internal.tasks.testing.junitplatform.JUnitPlatformTestClassProcessor$CollectAllTestClassesExecutor.processAllTestClasses(JUnitPlatformTestClassProcessor.java:119) ~[na:na]
	at org.gradle.api.internal.tasks.testing.junitplatform.JUnitPlatformTestClassProcessor$CollectAllTestClassesExecutor.access$000(JUnitPlatformTestClassProcessor.java:94) ~[na:na]
	at org.gradle.api.internal.tasks.testing.junitplatform.JUnitPlatformTestClassProcessor.stop(JUnitPlatformTestClassProcessor.java:89) ~[na:na]
	at org.gradle.api.internal.tasks.testing.SuiteTestClassProcessor.stop(SuiteTestClassProcessor.java:62) ~[na:na]
	at java.base/jdk.internal.reflect.NativeMethodAccessorImpl.invoke0(Native Method) ~[na:na]
	at java.base/jdk.internal.reflect.NativeMethodAccessorImpl.invoke(NativeMethodAccessorImpl.java:77) ~[na:na]
	at java.base/jdk.internal.reflect.DelegatingMethodAccessorImpl.invoke(DelegatingMethodAccessorImpl.java:43) ~[na:na]
	at java.base/java.lang.reflect.Method.invoke(Method.java:568) ~[na:na]
	at org.gradle.internal.dispatch.ReflectionDispatch.dispatch(ReflectionDispatch.java:36) ~[na:na]
	at org.gradle.internal.dispatch.ReflectionDispatch.dispatch(ReflectionDispatch.java:24) ~[na:na]
	at org.gradle.internal.dispatch.ContextClassLoaderDispatch.dispatch(ContextClassLoaderDispatch.java:33) ~[na:na]
	at org.gradle.internal.dispatch.ProxyDispatchAdapter$DispatchingInvocationHandler.invoke(ProxyDispatchAdapter.java:94) ~[na:na]
	at jdk.proxy2/jdk.proxy2.$Proxy5.stop(Unknown Source) ~[na:na]
	at org.gradle.api.internal.tasks.testing.worker.TestWorker$3.run(TestWorker.java:193) ~[na:na]
	at org.gradle.api.internal.tasks.testing.worker.TestWorker.executeAndMaintainThreadName(TestWorker.java:129) ~[na:na]
	at org.gradle.api.internal.tasks.testing.worker.TestWorker.execute(TestWorker.java:100) ~[na:na]
	at org.gradle.api.internal.tasks.testing.worker.TestWorker.execute(TestWorker.java:60) ~[na:na]
	at org.gradle.process.internal.worker.child.ActionExecutionWorker.execute(ActionExecutionWorker.java:56) ~[na:na]
	at org.gradle.process.internal.worker.child.SystemApplicationClassLoaderWorker.call(SystemApplicationClassLoaderWorker.java:113) ~[na:na]
	at org.gradle.process.internal.worker.child.SystemApplicationClassLoaderWorker.call(SystemApplicationClassLoaderWorker.java:65) ~[na:na]
	at worker.org.gradle.process.internal.worker.GradleWorkerMain.run(GradleWorkerMain.java:69) ~[gradle-worker.jar:na]
	at worker.org.gradle.process.internal.worker.GradleWorkerMain.main(GradleWorkerMain.java:74) ~[gradle-worker.jar:na]
Caused by: org.h2.jdbc.JdbcSQLSyntaxErrorException: Syntax error in SQL statement "create table vehicles (id integer generated by default as identity, make varchar(255), mileage varchar(255), model varchar(255), transmission_type varchar(255) check (transmission_type in ('MANUAL','AUTOMATIC')), user_id varchar(255), vehicle_id varchar(255), [*]year varchar(255), primary key (id))"; expected "identifier"; SQL statement:
create table vehicles (id integer generated by default as identity, make varchar(255), mileage varchar(255), model varchar(255), transmission_type varchar(255) check (transmission_type in ('MANUAL','AUTOMATIC')), user_id varchar(255), vehicle_id varchar(255), year varchar(255), primary key (id)) [42001-214]
	at org.h2.message.DbException.getJdbcSQLException(DbException.java:502) ~[h2-2.1.214.jar:2.1.214]
	at org.h2.message.DbException.getJdbcSQLException(DbException.java:477) ~[h2-2.1.214.jar:2.1.214]
	at org.h2.message.DbException.getSyntaxError(DbException.java:261) ~[h2-2.1.214.jar:2.1.214]
	at org.h2.command.Parser.readIdentifier(Parser.java:5656) ~[h2-2.1.214.jar:2.1.214]
	at org.h2.command.Parser.parseTableColumnDefinition(Parser.java:9326) ~[h2-2.1.214.jar:2.1.214]
	at org.h2.command.Parser.parseCreateTable(Parser.java:9271) ~[h2-2.1.214.jar:2.1.214]
	at org.h2.command.Parser.parseCreate(Parser.java:6784) ~[h2-2.1.214.jar:2.1.214]
	at org.h2.command.Parser.parsePrepared(Parser.java:763) ~[h2-2.1.214.jar:2.1.214]
	at org.h2.command.Parser.parse(Parser.java:689) ~[h2-2.1.214.jar:2.1.214]
	at org.h2.command.Parser.parse(Parser.java:661) ~[h2-2.1.214.jar:2.1.214]
	at org.h2.command.Parser.prepareCommand(Parser.java:569) ~[h2-2.1.214.jar:2.1.214]
	at org.h2.engine.SessionLocal.prepareLocal(SessionLocal.java:631) ~[h2-2.1.214.jar:2.1.214]
	at org.h2.engine.SessionLocal.prepareCommand(SessionLocal.java:554) ~[h2-2.1.214.jar:2.1.214]
	at org.h2.jdbc.JdbcConnection.prepareCommand(JdbcConnection.java:1116) ~[h2-2.1.214.jar:2.1.214]
	at org.h2.jdbc.JdbcStatement.executeInternal(JdbcStatement.java:237) ~[h2-2.1.214.jar:2.1.214]
	at org.h2.jdbc.JdbcStatement.execute(JdbcStatement.java:223) ~[h2-2.1.214.jar:2.1.214]
	at com.zaxxer.hikari.pool.ProxyStatement.execute(ProxyStatement.java:94) ~[HikariCP-5.0.1.jar:na]
	at com.zaxxer.hikari.pool.HikariProxyStatement.execute(HikariProxyStatement.java) ~[HikariCP-5.0.1.jar:na]
	at org.hibernate.tool.schema.internal.exec.GenerationTargetToDatabase.accept(GenerationTargetToDatabase.java:80) ~[hibernate-core-6.2.13.Final.jar:6.2.13.Final]
	... 131 common frames omitted

2024-02-14T23:57:52.393-05:00 DEBUG 37760 --- [    Test worker] org.hibernate.SQL                        : alter table if exists user_roles add constraint FKh8ciramu9cc9q3qcqiv4ue8a6 foreign key (role_id) references roles
2024-02-14T23:57:52.396-05:00 DEBUG 37760 --- [    Test worker] org.hibernate.SQL                        : alter table if exists user_roles add constraint FKhfh9dx7w3ubf1co1vdev94g3f foreign key (user_id) references users
2024-02-14T23:57:52.400-05:00  INFO 37760 --- [    Test worker] j.LocalContainerEntityManagerFactoryBean : Initialized JPA EntityManagerFactory for persistence unit 'default'
2024-02-14T23:57:52.804-05:00  WARN 37760 --- [    Test worker] JpaBaseConfiguration$JpaWebConfiguration : spring.jpa.open-in-view is enabled by default. Therefore, database queries may be performed during view rendering. Explicitly configure spring.jpa.open-in-view to disable this warning
2024-02-14T23:57:52.850-05:00  INFO 37760 --- [    Test worker] o.s.s.web.DefaultSecurityFilterChain     : Will secure any request with [org.springframework.security.web.session.DisableEncodeUrlFilter@1ebb81df, org.springframework.security.web.context.request.async.WebAsyncManagerIntegrationFilter@22d7f9f1, org.springframework.security.web.context.SecurityContextHolderFilter@50d26b6e, org.springframework.security.web.header.HeaderWriterFilter@4bdb0843, org.springframework.web.filter.CorsFilter@7378d001, org.springframework.security.web.authentication.logout.LogoutFilter@4d0e2bc2, com.champlain.ateliermecaniquews.authenticationsubdomain.utils.security.jwt.AuthTokenFilter@5249cd6, org.springframework.security.web.savedrequest.RequestCacheAwareFilter@4e2b5218, org.springframework.security.web.servletapi.SecurityContextHolderAwareRequestFilter@1d4e3295, org.springframework.security.web.authentication.AnonymousAuthenticationFilter@7c668fec, org.springframework.security.web.access.ExceptionTranslationFilter@40af787, org.springframework.security.web.access.intercept.AuthorizationFilter@359750c2]
2024-02-14T23:57:53.346-05:00  INFO 37760 --- [    Test worker] o.s.b.t.m.w.SpringBootMockServletContext : Initializing Spring TestDispatcherServlet ''
2024-02-14T23:57:53.347-05:00  INFO 37760 --- [    Test worker] o.s.t.web.servlet.TestDispatcherServlet  : Initializing Servlet ''
2024-02-14T23:57:53.348-05:00  INFO 37760 --- [    Test worker] o.s.t.web.servlet.TestDispatcherServlet  : Completed initialization in 1 ms
2024-02-14T23:57:53.368-05:00  INFO 37760 --- [    Test worker] a.p.AppointmentControllerIntegrationTest : Started AppointmentControllerIntegrationTest in 2.107 seconds (process running for 23.685)
2024-02-14T23:57:53.395-05:00 DEBUG 37760 --- [    Test worker] org.hibernate.SQL                        : insert into appointments (appointment_date,appointment_id,comments,user_id,services,status,vehicle_id,id) values (?,?,?,?,?,?,?,default)
2024-02-14T23:57:53.474-05:00 DEBUG 37760 --- [    Test worker] w.c.HttpSessionSecurityContextRepository : Created HttpSession as SecurityContext is non-default
2024-02-14T23:57:53.476-05:00 DEBUG 37760 --- [    Test worker] w.c.HttpSessionSecurityContextRepository : Stored SecurityContextImpl [Authentication=UsernamePasswordAuthenticationToken [Principal=org.springframework.security.core.userdetails.User [Username=admin@example.com, Password=[PROTECTED], Enabled=true, AccountNonExpired=true, credentialsNonExpired=true, AccountNonLocked=true, Granted Authorities=[ROLE_ADMIN]], Credentials=[PROTECTED], Authenticated=true, Details=null, Granted Authorities=[ROLE_ADMIN]]] to HttpSession [org.springframework.mock.web.MockHttpSession@b220a17]
2024-02-14T23:57:53.485-05:00 DEBUG 37760 --- [    Test worker] o.s.security.web.FilterChainProxy        : Securing PUT /api/v1/appointments/nonExistingAppointmentId/updateStatus?isConfirm=true
2024-02-14T23:57:53.505-05:00 DEBUG 37760 --- [    Test worker] w.c.HttpSessionSecurityContextRepository : Retrieved SecurityContextImpl [Authentication=UsernamePasswordAuthenticationToken [Principal=org.springframework.security.core.userdetails.User [Username=admin@example.com, Password=[PROTECTED], Enabled=true, AccountNonExpired=true, credentialsNonExpired=true, AccountNonLocked=true, Granted Authorities=[ROLE_ADMIN]], Credentials=[PROTECTED], Authenticated=true, Details=null, Granted Authorities=[ROLE_ADMIN]]]
2024-02-14T23:57:53.506-05:00 DEBUG 37760 --- [    Test worker] o.s.security.web.FilterChainProxy        : Secured PUT /api/v1/appointments/nonExistingAppointmentId/updateStatus?isConfirm=true
2024-02-14T23:57:53.596-05:00 DEBUG 37760 --- [    Test worker] horizationManagerBeforeMethodInterceptor : Authorizing method invocation ReflectiveMethodInvocation: public org.springframework.http.ResponseEntity com.champlain.ateliermecaniquews.appointmentmanagementsubdomain.presentationlayer.AppointmentController.updateAppointmentStatusAdmin(java.lang.String,boolean); target is of class [com.champlain.ateliermecaniquews.appointmentmanagementsubdomain.presentationlayer.AppointmentController]
2024-02-14T23:57:53.712-05:00 DEBUG 37760 --- [    Test worker] horizationManagerBeforeMethodInterceptor : Authorized method invocation ReflectiveMethodInvocation: public org.springframework.http.ResponseEntity com.champlain.ateliermecaniquews.appointmentmanagementsubdomain.presentationlayer.AppointmentController.updateAppointmentStatusAdmin(java.lang.String,boolean); target is of class [com.champlain.ateliermecaniquews.appointmentmanagementsubdomain.presentationlayer.AppointmentController]
2024-02-14T23:57:53.868-05:00 DEBUG 37760 --- [    Test worker] org.hibernate.SQL                        : select a1_0.id,a1_0.appointment_date,a1_0.appointment_id,a1_0.comments,a1_0.user_id,a1_0.services,a1_0.status,a1_0.vehicle_id from appointments a1_0
2024-02-14T23:57:53.903-05:00 DEBUG 37760 --- [    Test worker] org.hibernate.SQL                        : delete from appointments where id=?
2024-02-14T23:57:53.917-05:00 DEBUG 37760 --- [    Test worker] org.hibernate.SQL                        : insert into appointments (appointment_date,appointment_id,comments,user_id,services,status,vehicle_id,id) values (?,?,?,?,?,?,?,default)
2024-02-14T23:57:53.919-05:00 DEBUG 37760 --- [    Test worker] w.c.HttpSessionSecurityContextRepository : Created HttpSession as SecurityContext is non-default
2024-02-14T23:57:53.919-05:00 DEBUG 37760 --- [    Test worker] w.c.HttpSessionSecurityContextRepository : Stored SecurityContextImpl [Authentication=UsernamePasswordAuthenticationToken [Principal=org.springframework.security.core.userdetails.User [Username=admin@example.com, Password=[PROTECTED], Enabled=true, AccountNonExpired=true, credentialsNonExpired=true, AccountNonLocked=true, Granted Authorities=[ROLE_ADMIN]], Credentials=[PROTECTED], Authenticated=true, Details=null, Granted Authorities=[ROLE_ADMIN]]] to HttpSession [org.springframework.mock.web.MockHttpSession@6247ffd]
2024-02-14T23:57:53.920-05:00 DEBUG 37760 --- [    Test worker] o.s.security.web.FilterChainProxy        : Securing GET /api/v1/appointments
2024-02-14T23:57:53.920-05:00 DEBUG 37760 --- [    Test worker] w.c.HttpSessionSecurityContextRepository : Retrieved SecurityContextImpl [Authentication=UsernamePasswordAuthenticationToken [Principal=org.springframework.security.core.userdetails.User [Username=admin@example.com, Password=[PROTECTED], Enabled=true, AccountNonExpired=true, credentialsNonExpired=true, AccountNonLocked=true, Granted Authorities=[ROLE_ADMIN]], Credentials=[PROTECTED], Authenticated=true, Details=null, Granted Authorities=[ROLE_ADMIN]]]
2024-02-14T23:57:53.920-05:00 DEBUG 37760 --- [    Test worker] o.s.security.web.FilterChainProxy        : Secured GET /api/v1/appointments
2024-02-14T23:57:53.921-05:00 DEBUG 37760 --- [    Test worker] horizationManagerBeforeMethodInterceptor : Authorizing method invocation ReflectiveMethodInvocation: public org.springframework.http.ResponseEntity com.champlain.ateliermecaniquews.appointmentmanagementsubdomain.presentationlayer.AppointmentController.getAllAppointmentsAdmin(); target is of class [com.champlain.ateliermecaniquews.appointmentmanagementsubdomain.presentationlayer.AppointmentController]
2024-02-14T23:57:53.923-05:00 DEBUG 37760 --- [    Test worker] horizationManagerBeforeMethodInterceptor : Authorized method invocation ReflectiveMethodInvocation: public org.springframework.http.ResponseEntity com.champlain.ateliermecaniquews.appointmentmanagementsubdomain.presentationlayer.AppointmentController.getAllAppointmentsAdmin(); target is of class [com.champlain.ateliermecaniquews.appointmentmanagementsubdomain.presentationlayer.AppointmentController]
2024-02-14T23:57:54.120-05:00 DEBUG 37760 --- [    Test worker] org.hibernate.SQL                        : select a1_0.id,a1_0.appointment_date,a1_0.appointment_id,a1_0.comments,a1_0.user_id,a1_0.services,a1_0.status,a1_0.vehicle_id from appointments a1_0
2024-02-14T23:57:54.122-05:00 DEBUG 37760 --- [    Test worker] org.hibernate.SQL                        : delete from appointments where id=?
2024-02-14T23:57:54.130-05:00 DEBUG 37760 --- [    Test worker] org.hibernate.SQL                        : insert into appointments (appointment_date,appointment_id,comments,user_id,services,status,vehicle_id,id) values (?,?,?,?,?,?,?,default)
2024-02-14T23:57:54.134-05:00 DEBUG 37760 --- [    Test worker] w.c.HttpSessionSecurityContextRepository : Created HttpSession as SecurityContext is non-default
2024-02-14T23:57:54.134-05:00 DEBUG 37760 --- [    Test worker] w.c.HttpSessionSecurityContextRepository : Stored SecurityContextImpl [Authentication=UsernamePasswordAuthenticationToken [Principal=org.springframework.security.core.userdetails.User [Username=admin@example.com, Password=[PROTECTED], Enabled=true, AccountNonExpired=true, credentialsNonExpired=true, AccountNonLocked=true, Granted Authorities=[ROLE_ADMIN]], Credentials=[PROTECTED], Authenticated=true, Details=null, Granted Authorities=[ROLE_ADMIN]]] to HttpSession [org.springframework.mock.web.MockHttpSession@103b392f]
2024-02-14T23:57:54.135-05:00 DEBUG 37760 --- [    Test worker] o.s.security.web.FilterChainProxy        : Securing GET /api/v1/appointments/db0e6f00-35a8-414f-9180-67bf025a3007
2024-02-14T23:57:54.135-05:00 DEBUG 37760 --- [    Test worker] w.c.HttpSessionSecurityContextRepository : Retrieved SecurityContextImpl [Authentication=UsernamePasswordAuthenticationToken [Principal=org.springframework.security.core.userdetails.User [Username=admin@example.com, Password=[PROTECTED], Enabled=true, AccountNonExpired=true, credentialsNonExpired=true, AccountNonLocked=true, Granted Authorities=[ROLE_ADMIN]], Credentials=[PROTECTED], Authenticated=true, Details=null, Granted Authorities=[ROLE_ADMIN]]]
2024-02-14T23:57:54.136-05:00 DEBUG 37760 --- [    Test worker] o.s.security.web.FilterChainProxy        : Secured GET /api/v1/appointments/db0e6f00-35a8-414f-9180-67bf025a3007
2024-02-14T23:57:54.137-05:00 DEBUG 37760 --- [    Test worker] horizationManagerBeforeMethodInterceptor : Authorizing method invocation ReflectiveMethodInvocation: public org.springframework.http.ResponseEntity com.champlain.ateliermecaniquews.appointmentmanagementsubdomain.presentationlayer.AppointmentController.getAppointmentByIdAdmin(java.lang.String); target is of class [com.champlain.ateliermecaniquews.appointmentmanagementsubdomain.presentationlayer.AppointmentController]
2024-02-14T23:57:54.138-05:00 DEBUG 37760 --- [    Test worker] horizationManagerBeforeMethodInterceptor : Authorized method invocation ReflectiveMethodInvocation: public org.springframework.http.ResponseEntity com.champlain.ateliermecaniquews.appointmentmanagementsubdomain.presentationlayer.AppointmentController.getAppointmentByIdAdmin(java.lang.String); target is of class [com.champlain.ateliermecaniquews.appointmentmanagementsubdomain.presentationlayer.AppointmentController]
2024-02-14T23:57:54.143-05:00 DEBUG 37760 --- [    Test worker] org.hibernate.SQL                        : select a1_0.id,a1_0.appointment_date,a1_0.appointment_id,a1_0.comments,a1_0.user_id,a1_0.services,a1_0.status,a1_0.vehicle_id from appointments a1_0
2024-02-14T23:57:54.145-05:00 DEBUG 37760 --- [    Test worker] org.hibernate.SQL                        : delete from appointments where id=?
2024-02-14T23:57:54.152-05:00 DEBUG 37760 --- [    Test worker] org.hibernate.SQL                        : insert into appointments (appointment_date,appointment_id,comments,user_id,services,status,vehicle_id,id) values (?,?,?,?,?,?,?,default)
2024-02-14T23:57:54.157-05:00 DEBUG 37760 --- [    Test worker] w.c.HttpSessionSecurityContextRepository : Created HttpSession as SecurityContext is non-default
2024-02-14T23:57:54.158-05:00 DEBUG 37760 --- [    Test worker] w.c.HttpSessionSecurityContextRepository : Stored SecurityContextImpl [Authentication=UsernamePasswordAuthenticationToken [Principal=org.springframework.security.core.userdetails.User [Username=admin@example.com, Password=[PROTECTED], Enabled=true, AccountNonExpired=true, credentialsNonExpired=true, AccountNonLocked=true, Granted Authorities=[ROLE_ADMIN]], Credentials=[PROTECTED], Authenticated=true, Details=null, Granted Authorities=[ROLE_ADMIN]]] to HttpSession [org.springframework.mock.web.MockHttpSession@26f5f022]
2024-02-14T23:57:54.158-05:00 DEBUG 37760 --- [    Test worker] o.s.security.web.FilterChainProxy        : Securing DELETE /api/v1/appointments/a19ee840-f336-481a-a126-4cbb6da9d03f
2024-02-14T23:57:54.158-05:00 DEBUG 37760 --- [    Test worker] w.c.HttpSessionSecurityContextRepository : Retrieved SecurityContextImpl [Authentication=UsernamePasswordAuthenticationToken [Principal=org.springframework.security.core.userdetails.User [Username=admin@example.com, Password=[PROTECTED], Enabled=true, AccountNonExpired=true, credentialsNonExpired=true, AccountNonLocked=true, Granted Authorities=[ROLE_ADMIN]], Credentials=[PROTECTED], Authenticated=true, Details=null, Granted Authorities=[ROLE_ADMIN]]]
2024-02-14T23:57:54.159-05:00 DEBUG 37760 --- [    Test worker] o.s.security.web.FilterChainProxy        : Secured DELETE /api/v1/appointments/a19ee840-f336-481a-a126-4cbb6da9d03f
2024-02-14T23:57:54.160-05:00 DEBUG 37760 --- [    Test worker] horizationManagerBeforeMethodInterceptor : Authorizing method invocation ReflectiveMethodInvocation: public org.springframework.http.ResponseEntity com.champlain.ateliermecaniquews.appointmentmanagementsubdomain.presentationlayer.AppointmentController.deleteAppointmentByAppointmentIdAdmin(java.lang.String); target is of class [com.champlain.ateliermecaniquews.appointmentmanagementsubdomain.presentationlayer.AppointmentController]
2024-02-14T23:57:54.161-05:00 DEBUG 37760 --- [    Test worker] horizationManagerBeforeMethodInterceptor : Authorized method invocation ReflectiveMethodInvocation: public org.springframework.http.ResponseEntity com.champlain.ateliermecaniquews.appointmentmanagementsubdomain.presentationlayer.AppointmentController.deleteAppointmentByAppointmentIdAdmin(java.lang.String); target is of class [com.champlain.ateliermecaniquews.appointmentmanagementsubdomain.presentationlayer.AppointmentController]
2024-02-14T23:57:54.166-05:00 DEBUG 37760 --- [    Test worker] org.hibernate.SQL                        : select a1_0.id,a1_0.appointment_date,a1_0.appointment_id,a1_0.comments,a1_0.user_id,a1_0.services,a1_0.status,a1_0.vehicle_id from appointments a1_0
2024-02-14T23:57:54.168-05:00 DEBUG 37760 --- [    Test worker] org.hibernate.SQL                        : delete from appointments where id=?
2024-02-14T23:57:54.175-05:00 DEBUG 37760 --- [    Test worker] org.hibernate.SQL                        : insert into appointments (appointment_date,appointment_id,comments,user_id,services,status,vehicle_id,id) values (?,?,?,?,?,?,?,default)
2024-02-14T23:57:54.181-05:00 DEBUG 37760 --- [    Test worker] w.c.HttpSessionSecurityContextRepository : Created HttpSession as SecurityContext is non-default
2024-02-14T23:57:54.181-05:00 DEBUG 37760 --- [    Test worker] w.c.HttpSessionSecurityContextRepository : Stored SecurityContextImpl [Authentication=UsernamePasswordAuthenticationToken [Principal=org.springframework.security.core.userdetails.User [Username=admin@example.com, Password=[PROTECTED], Enabled=true, AccountNonExpired=true, credentialsNonExpired=true, AccountNonLocked=true, Granted Authorities=[ROLE_ADMIN]], Credentials=[PROTECTED], Authenticated=true, Details=null, Granted Authorities=[ROLE_ADMIN]]] to HttpSession [org.springframework.mock.web.MockHttpSession@75375c4b]
2024-02-14T23:57:54.181-05:00 DEBUG 37760 --- [    Test worker] o.s.security.web.FilterChainProxy        : Securing DELETE /api/v1/appointments/nonExistentAppointmentId
2024-02-14T23:57:54.182-05:00 DEBUG 37760 --- [    Test worker] w.c.HttpSessionSecurityContextRepository : Retrieved SecurityContextImpl [Authentication=UsernamePasswordAuthenticationToken [Principal=org.springframework.security.core.userdetails.User [Username=admin@example.com, Password=[PROTECTED], Enabled=true, AccountNonExpired=true, credentialsNonExpired=true, AccountNonLocked=true, Granted Authorities=[ROLE_ADMIN]], Credentials=[PROTECTED], Authenticated=true, Details=null, Granted Authorities=[ROLE_ADMIN]]]
2024-02-14T23:57:54.182-05:00 DEBUG 37760 --- [    Test worker] o.s.security.web.FilterChainProxy        : Secured DELETE /api/v1/appointments/nonExistentAppointmentId
2024-02-14T23:57:54.183-05:00 DEBUG 37760 --- [    Test worker] horizationManagerBeforeMethodInterceptor : Authorizing method invocation ReflectiveMethodInvocation: public org.springframework.http.ResponseEntity com.champlain.ateliermecaniquews.appointmentmanagementsubdomain.presentationlayer.AppointmentController.deleteAppointmentByAppointmentIdAdmin(java.lang.String); target is of class [com.champlain.ateliermecaniquews.appointmentmanagementsubdomain.presentationlayer.AppointmentController]
2024-02-14T23:57:54.184-05:00 DEBUG 37760 --- [    Test worker] horizationManagerBeforeMethodInterceptor : Authorized method invocation ReflectiveMethodInvocation: public org.springframework.http.ResponseEntity com.champlain.ateliermecaniquews.appointmentmanagementsubdomain.presentationlayer.AppointmentController.deleteAppointmentByAppointmentIdAdmin(java.lang.String); target is of class [com.champlain.ateliermecaniquews.appointmentmanagementsubdomain.presentationlayer.AppointmentController]
2024-02-14T23:57:54.187-05:00 DEBUG 37760 --- [    Test worker] org.hibernate.SQL                        : select a1_0.id,a1_0.appointment_date,a1_0.appointment_id,a1_0.comments,a1_0.user_id,a1_0.services,a1_0.status,a1_0.vehicle_id from appointments a1_0
2024-02-14T23:57:54.189-05:00 DEBUG 37760 --- [    Test worker] org.hibernate.SQL                        : delete from appointments where id=?
2024-02-14T23:57:54.198-05:00 DEBUG 37760 --- [    Test worker] org.hibernate.SQL                        : insert into appointments (appointment_date,appointment_id,comments,user_id,services,status,vehicle_id,id) values (?,?,?,?,?,?,?,default)
2024-02-14T23:57:54.203-05:00 DEBUG 37760 --- [    Test worker] w.c.HttpSessionSecurityContextRepository : Created HttpSession as SecurityContext is non-default
2024-02-14T23:57:54.203-05:00 DEBUG 37760 --- [    Test worker] w.c.HttpSessionSecurityContextRepository : Stored SecurityContextImpl [Authentication=UsernamePasswordAuthenticationToken [Principal=org.springframework.security.core.userdetails.User [Username=admin@example.com, Password=[PROTECTED], Enabled=true, AccountNonExpired=true, credentialsNonExpired=true, AccountNonLocked=true, Granted Authorities=[ROLE_ADMIN]], Credentials=[PROTECTED], Authenticated=true, Details=null, Granted Authorities=[ROLE_ADMIN]]] to HttpSession [org.springframework.mock.web.MockHttpSession@6b0bad4b]
2024-02-14T23:57:54.204-05:00 DEBUG 37760 --- [    Test worker] o.s.security.web.FilterChainProxy        : Securing PUT /api/v1/appointments/cfc2addb-983d-4b5f-83e4-200dcc8ec648/updateStatus?isConfirm=true
2024-02-14T23:57:54.204-05:00 DEBUG 37760 --- [    Test worker] w.c.HttpSessionSecurityContextRepository : Retrieved SecurityContextImpl [Authentication=UsernamePasswordAuthenticationToken [Principal=org.springframework.security.core.userdetails.User [Username=admin@example.com, Password=[PROTECTED], Enabled=true, AccountNonExpired=true, credentialsNonExpired=true, AccountNonLocked=true, Granted Authorities=[ROLE_ADMIN]], Credentials=[PROTECTED], Authenticated=true, Details=null, Granted Authorities=[ROLE_ADMIN]]]
2024-02-14T23:57:54.204-05:00 DEBUG 37760 --- [    Test worker] o.s.security.web.FilterChainProxy        : Secured PUT /api/v1/appointments/cfc2addb-983d-4b5f-83e4-200dcc8ec648/updateStatus?isConfirm=true
2024-02-14T23:57:54.206-05:00 DEBUG 37760 --- [    Test worker] horizationManagerBeforeMethodInterceptor : Authorizing method invocation ReflectiveMethodInvocation: public org.springframework.http.ResponseEntity com.champlain.ateliermecaniquews.appointmentmanagementsubdomain.presentationlayer.AppointmentController.updateAppointmentStatusAdmin(java.lang.String,boolean); target is of class [com.champlain.ateliermecaniquews.appointmentmanagementsubdomain.presentationlayer.AppointmentController]
2024-02-14T23:57:54.206-05:00 DEBUG 37760 --- [    Test worker] horizationManagerBeforeMethodInterceptor : Authorized method invocation ReflectiveMethodInvocation: public org.springframework.http.ResponseEntity com.champlain.ateliermecaniquews.appointmentmanagementsubdomain.presentationlayer.AppointmentController.updateAppointmentStatusAdmin(java.lang.String,boolean); target is of class [com.champlain.ateliermecaniquews.appointmentmanagementsubdomain.presentationlayer.AppointmentController]
2024-02-14T23:57:54.211-05:00 DEBUG 37760 --- [    Test worker] org.hibernate.SQL                        : select a1_0.id,a1_0.appointment_date,a1_0.appointment_id,a1_0.comments,a1_0.user_id,a1_0.services,a1_0.status,a1_0.vehicle_id from appointments a1_0
2024-02-14T23:57:54.213-05:00 DEBUG 37760 --- [    Test worker] org.hibernate.SQL                        : delete from appointments where id=?
2024-02-14T23:57:54.224-05:00 DEBUG 37760 --- [    Test worker] org.hibernate.SQL                        : insert into appointments (appointment_date,appointment_id,comments,user_id,services,status,vehicle_id,id) values (?,?,?,?,?,?,?,default)
2024-02-14T23:57:54.229-05:00 DEBUG 37760 --- [    Test worker] w.c.HttpSessionSecurityContextRepository : Created HttpSession as SecurityContext is non-default
2024-02-14T23:57:54.229-05:00 DEBUG 37760 --- [    Test worker] w.c.HttpSessionSecurityContextRepository : Stored SecurityContextImpl [Authentication=UsernamePasswordAuthenticationToken [Principal=org.springframework.security.core.userdetails.User [Username=admin@example.com, Password=[PROTECTED], Enabled=true, AccountNonExpired=true, credentialsNonExpired=true, AccountNonLocked=true, Granted Authorities=[ROLE_ADMIN]], Credentials=[PROTECTED], Authenticated=true, Details=null, Granted Authorities=[ROLE_ADMIN]]] to HttpSession [org.springframework.mock.web.MockHttpSession@2c0c5687]
2024-02-14T23:57:54.229-05:00 DEBUG 37760 --- [    Test worker] o.s.security.web.FilterChainProxy        : Securing PUT /api/v1/appointments/06bbd182-8b31-4883-abbe-117f9c728956
2024-02-14T23:57:54.231-05:00 DEBUG 37760 --- [    Test worker] w.c.HttpSessionSecurityContextRepository : Retrieved SecurityContextImpl [Authentication=UsernamePasswordAuthenticationToken [Principal=org.springframework.security.core.userdetails.User [Username=admin@example.com, Password=[PROTECTED], Enabled=true, AccountNonExpired=true, credentialsNonExpired=true, AccountNonLocked=true, Granted Authorities=[ROLE_ADMIN]], Credentials=[PROTECTED], Authenticated=true, Details=null, Granted Authorities=[ROLE_ADMIN]]]
2024-02-14T23:57:54.231-05:00 DEBUG 37760 --- [    Test worker] o.s.security.web.FilterChainProxy        : Secured PUT /api/v1/appointments/06bbd182-8b31-4883-abbe-117f9c728956
2024-02-14T23:57:54.370-05:00 DEBUG 37760 --- [    Test worker] horizationManagerBeforeMethodInterceptor : Authorizing method invocation ReflectiveMethodInvocation: public org.springframework.http.ResponseEntity com.champlain.ateliermecaniquews.appointmentmanagementsubdomain.presentationlayer.AppointmentController.updateAppointmentByAppointmentIdAdmin(com.champlain.ateliermecaniquews.appointmentmanagementsubdomain.presentationlayer.AppointmentRequestModel,java.lang.String); target is of class [com.champlain.ateliermecaniquews.appointmentmanagementsubdomain.presentationlayer.AppointmentController]
2024-02-14T23:57:54.371-05:00 DEBUG 37760 --- [    Test worker] horizationManagerBeforeMethodInterceptor : Authorized method invocation ReflectiveMethodInvocation: public org.springframework.http.ResponseEntity com.champlain.ateliermecaniquews.appointmentmanagementsubdomain.presentationlayer.AppointmentController.updateAppointmentByAppointmentIdAdmin(com.champlain.ateliermecaniquews.appointmentmanagementsubdomain.presentationlayer.AppointmentRequestModel,java.lang.String); target is of class [com.champlain.ateliermecaniquews.appointmentmanagementsubdomain.presentationlayer.AppointmentController]
2024-02-14T23:57:54.375-05:00 DEBUG 37760 --- [    Test worker] org.hibernate.SQL                        : select a1_0.id,a1_0.appointment_date,a1_0.appointment_id,a1_0.comments,a1_0.user_id,a1_0.services,a1_0.status,a1_0.vehicle_id from appointments a1_0
2024-02-14T23:57:54.380-05:00 DEBUG 37760 --- [    Test worker] org.hibernate.SQL                        : delete from appointments where id=?
2024-02-14T23:57:54.386-05:00 DEBUG 37760 --- [    Test worker] org.hibernate.SQL                        : insert into appointments (appointment_date,appointment_id,comments,user_id,services,status,vehicle_id,id) values (?,?,?,?,?,?,?,default)
2024-02-14T23:57:54.389-05:00 DEBUG 37760 --- [    Test worker] w.c.HttpSessionSecurityContextRepository : Created HttpSession as SecurityContext is non-default
2024-02-14T23:57:54.389-05:00 DEBUG 37760 --- [    Test worker] w.c.HttpSessionSecurityContextRepository : Stored SecurityContextImpl [Authentication=UsernamePasswordAuthenticationToken [Principal=org.springframework.security.core.userdetails.User [Username=admin@example.com, Password=[PROTECTED], Enabled=true, AccountNonExpired=true, credentialsNonExpired=true, AccountNonLocked=true, Granted Authorities=[ROLE_ADMIN]], Credentials=[PROTECTED], Authenticated=true, Details=null, Granted Authorities=[ROLE_ADMIN]]] to HttpSession [org.springframework.mock.web.MockHttpSession@bd6a817]
2024-02-14T23:57:54.389-05:00 DEBUG 37760 --- [    Test worker] o.s.security.web.FilterChainProxy        : Securing GET /api/v1/customers/customerId/appointments/8fecd6af-88a0-4fe2-a632-589f0ff24c4d
2024-02-14T23:57:54.389-05:00 DEBUG 37760 --- [    Test worker] w.c.HttpSessionSecurityContextRepository : Retrieved SecurityContextImpl [Authentication=UsernamePasswordAuthenticationToken [Principal=org.springframework.security.core.userdetails.User [Username=admin@example.com, Password=[PROTECTED], Enabled=true, AccountNonExpired=true, credentialsNonExpired=true, AccountNonLocked=true, Granted Authorities=[ROLE_ADMIN]], Credentials=[PROTECTED], Authenticated=true, Details=null, Granted Authorities=[ROLE_ADMIN]]]
2024-02-14T23:57:54.390-05:00 DEBUG 37760 --- [    Test worker] o.s.security.web.FilterChainProxy        : Secured GET /api/v1/customers/customerId/appointments/8fecd6af-88a0-4fe2-a632-589f0ff24c4d
2024-02-14T23:57:54.392-05:00 DEBUG 37760 --- [    Test worker] horizationManagerBeforeMethodInterceptor : Authorizing method invocation ReflectiveMethodInvocation: public org.springframework.http.ResponseEntity com.champlain.ateliermecaniquews.appointmentmanagementsubdomain.presentationlayer.AppointmentController.getAppointmentByIdCustomer(java.lang.String,java.lang.String); target is of class [com.champlain.ateliermecaniquews.appointmentmanagementsubdomain.presentationlayer.AppointmentController]
2024-02-14T23:57:54.396-05:00 DEBUG 37760 --- [    Test worker] horizationManagerBeforeMethodInterceptor : Authorized method invocation ReflectiveMethodInvocation: public org.springframework.http.ResponseEntity com.champlain.ateliermecaniquews.appointmentmanagementsubdomain.presentationlayer.AppointmentController.getAppointmentByIdCustomer(java.lang.String,java.lang.String); target is of class [com.champlain.ateliermecaniquews.appointmentmanagementsubdomain.presentationlayer.AppointmentController]
2024-02-14T23:57:54.408-05:00 DEBUG 37760 --- [    Test worker] org.hibernate.SQL                        : select u1_0.id,u1_0.email,u1_0.first_name,u1_0.last_name,u1_0.password,u1_0.phone_number,u1_0.picture,u1_0.user_id from users u1_0 where u1_0.user_id=?
2024-02-14T23:57:54.416-05:00 DEBUG 37760 --- [    Test worker] org.hibernate.SQL                        : select a1_0.id,a1_0.appointment_date,a1_0.appointment_id,a1_0.comments,a1_0.user_id,a1_0.services,a1_0.status,a1_0.vehicle_id from appointments a1_0
2024-02-14T23:57:54.417-05:00 DEBUG 37760 --- [    Test worker] org.hibernate.SQL                        : delete from appointments where id=?
2024-02-14T23:57:54.422-05:00 DEBUG 37760 --- [    Test worker] org.hibernate.SQL                        : insert into appointments (appointment_date,appointment_id,comments,user_id,services,status,vehicle_id,id) values (?,?,?,?,?,?,?,default)
2024-02-14T23:57:54.425-05:00 DEBUG 37760 --- [    Test worker] w.c.HttpSessionSecurityContextRepository : Created HttpSession as SecurityContext is non-default
2024-02-14T23:57:54.425-05:00 DEBUG 37760 --- [    Test worker] w.c.HttpSessionSecurityContextRepository : Stored SecurityContextImpl [Authentication=UsernamePasswordAuthenticationToken [Principal=org.springframework.security.core.userdetails.User [Username=admin@example.com, Password=[PROTECTED], Enabled=true, AccountNonExpired=true, credentialsNonExpired=true, AccountNonLocked=true, Granted Authorities=[ROLE_ADMIN]], Credentials=[PROTECTED], Authenticated=true, Details=null, Granted Authorities=[ROLE_ADMIN]]] to HttpSession [org.springframework.mock.web.MockHttpSession@2937a800]
2024-02-14T23:57:54.425-05:00 DEBUG 37760 --- [    Test worker] o.s.security.web.FilterChainProxy        : Securing DELETE /api/v1/appointments/cancelled
2024-02-14T23:57:54.425-05:00 DEBUG 37760 --- [    Test worker] w.c.HttpSessionSecurityContextRepository : Retrieved SecurityContextImpl [Authentication=UsernamePasswordAuthenticationToken [Principal=org.springframework.security.core.userdetails.User [Username=admin@example.com, Password=[PROTECTED], Enabled=true, AccountNonExpired=true, credentialsNonExpired=true, AccountNonLocked=true, Granted Authorities=[ROLE_ADMIN]], Credentials=[PROTECTED], Authenticated=true, Details=null, Granted Authorities=[ROLE_ADMIN]]]
2024-02-14T23:57:54.426-05:00 DEBUG 37760 --- [    Test worker] o.s.security.web.FilterChainProxy        : Secured DELETE /api/v1/appointments/cancelled
2024-02-14T23:57:54.426-05:00 DEBUG 37760 --- [    Test worker] horizationManagerBeforeMethodInterceptor : Authorizing method invocation ReflectiveMethodInvocation: public org.springframework.http.ResponseEntity com.champlain.ateliermecaniquews.appointmentmanagementsubdomain.presentationlayer.AppointmentController.deleteAllCancelledAppointments(); target is of class [com.champlain.ateliermecaniquews.appointmentmanagementsubdomain.presentationlayer.AppointmentController]
2024-02-14T23:57:54.427-05:00 DEBUG 37760 --- [    Test worker] horizationManagerBeforeMethodInterceptor : Authorized method invocation ReflectiveMethodInvocation: public org.springframework.http.ResponseEntity com.champlain.ateliermecaniquews.appointmentmanagementsubdomain.presentationlayer.AppointmentController.deleteAllCancelledAppointments(); target is of class [com.champlain.ateliermecaniquews.appointmentmanagementsubdomain.presentationlayer.AppointmentController]
2024-02-14T23:57:54.430-05:00 DEBUG 37760 --- [    Test worker] org.hibernate.SQL                        : select a1_0.id,a1_0.appointment_date,a1_0.appointment_id,a1_0.comments,a1_0.user_id,a1_0.services,a1_0.status,a1_0.vehicle_id from appointments a1_0
2024-02-14T23:57:54.432-05:00 DEBUG 37760 --- [    Test worker] org.hibernate.SQL                        : delete from appointments where id=?
2024-02-14T23:57:54.438-05:00 DEBUG 37760 --- [    Test worker] org.hibernate.SQL                        : insert into appointments (appointment_date,appointment_id,comments,user_id,services,status,vehicle_id,id) values (?,?,?,?,?,?,?,default)
2024-02-14T23:57:54.440-05:00 DEBUG 37760 --- [    Test worker] w.c.HttpSessionSecurityContextRepository : Created HttpSession as SecurityContext is non-default
2024-02-14T23:57:54.441-05:00 DEBUG 37760 --- [    Test worker] w.c.HttpSessionSecurityContextRepository : Stored SecurityContextImpl [Authentication=UsernamePasswordAuthenticationToken [Principal=org.springframework.security.core.userdetails.User [Username=admin@example.com, Password=[PROTECTED], Enabled=true, AccountNonExpired=true, credentialsNonExpired=true, AccountNonLocked=true, Granted Authorities=[ROLE_ADMIN]], Credentials=[PROTECTED], Authenticated=true, Details=null, Granted Authorities=[ROLE_ADMIN]]] to HttpSession [org.springframework.mock.web.MockHttpSession@3a78db46]
2024-02-14T23:57:54.441-05:00 DEBUG 37760 --- [    Test worker] o.s.security.web.FilterChainProxy        : Securing PUT /api/v1/appointments/nonExistentAppointmentId
2024-02-14T23:57:54.441-05:00 DEBUG 37760 --- [    Test worker] w.c.HttpSessionSecurityContextRepository : Retrieved SecurityContextImpl [Authentication=UsernamePasswordAuthenticationToken [Principal=org.springframework.security.core.userdetails.User [Username=admin@example.com, Password=[PROTECTED], Enabled=true, AccountNonExpired=true, credentialsNonExpired=true, AccountNonLocked=true, Granted Authorities=[ROLE_ADMIN]], Credentials=[PROTECTED], Authenticated=true, Details=null, Granted Authorities=[ROLE_ADMIN]]]
2024-02-14T23:57:54.441-05:00 DEBUG 37760 --- [    Test worker] o.s.security.web.FilterChainProxy        : Secured PUT /api/v1/appointments/nonExistentAppointmentId
2024-02-14T23:57:54.443-05:00 DEBUG 37760 --- [    Test worker] horizationManagerBeforeMethodInterceptor : Authorizing method invocation ReflectiveMethodInvocation: public org.springframework.http.ResponseEntity com.champlain.ateliermecaniquews.appointmentmanagementsubdomain.presentationlayer.AppointmentController.updateAppointmentByAppointmentIdAdmin(com.champlain.ateliermecaniquews.appointmentmanagementsubdomain.presentationlayer.AppointmentRequestModel,java.lang.String); target is of class [com.champlain.ateliermecaniquews.appointmentmanagementsubdomain.presentationlayer.AppointmentController]
2024-02-14T23:57:54.443-05:00 DEBUG 37760 --- [    Test worker] horizationManagerBeforeMethodInterceptor : Authorized method invocation ReflectiveMethodInvocation: public org.springframework.http.ResponseEntity com.champlain.ateliermecaniquews.appointmentmanagementsubdomain.presentationlayer.AppointmentController.updateAppointmentByAppointmentIdAdmin(com.champlain.ateliermecaniquews.appointmentmanagementsubdomain.presentationlayer.AppointmentRequestModel,java.lang.String); target is of class [com.champlain.ateliermecaniquews.appointmentmanagementsubdomain.presentationlayer.AppointmentController]
2024-02-14T23:57:54.447-05:00 DEBUG 37760 --- [    Test worker] org.hibernate.SQL                        : select a1_0.id,a1_0.appointment_date,a1_0.appointment_id,a1_0.comments,a1_0.user_id,a1_0.services,a1_0.status,a1_0.vehicle_id from appointments a1_0
2024-02-14T23:57:54.449-05:00 DEBUG 37760 --- [    Test worker] org.hibernate.SQL                        : delete from appointments where id=?
2024-02-14T23:57:54.456-05:00 DEBUG 37760 --- [    Test worker] org.hibernate.SQL                        : insert into appointments (appointment_date,appointment_id,comments,user_id,services,status,vehicle_id,id) values (?,?,?,?,?,?,?,default)
2024-02-14T23:57:54.458-05:00 DEBUG 37760 --- [    Test worker] w.c.HttpSessionSecurityContextRepository : Created HttpSession as SecurityContext is non-default
2024-02-14T23:57:54.459-05:00 DEBUG 37760 --- [    Test worker] w.c.HttpSessionSecurityContextRepository : Stored SecurityContextImpl [Authentication=UsernamePasswordAuthenticationToken [Principal=org.springframework.security.core.userdetails.User [Username=admin@example.com, Password=[PROTECTED], Enabled=true, AccountNonExpired=true, credentialsNonExpired=true, AccountNonLocked=true, Granted Authorities=[ROLE_ADMIN]], Credentials=[PROTECTED], Authenticated=true, Details=null, Granted Authorities=[ROLE_ADMIN]]] to HttpSession [org.springframework.mock.web.MockHttpSession@5ddd34b]
2024-02-14T23:57:54.459-05:00 DEBUG 37760 --- [    Test worker] o.s.security.web.FilterChainProxy        : Securing GET /api/v1/customers/customerId/appointments
2024-02-14T23:57:54.459-05:00 DEBUG 37760 --- [    Test worker] w.c.HttpSessionSecurityContextRepository : Retrieved SecurityContextImpl [Authentication=UsernamePasswordAuthenticationToken [Principal=org.springframework.security.core.userdetails.User [Username=admin@example.com, Password=[PROTECTED], Enabled=true, AccountNonExpired=true, credentialsNonExpired=true, AccountNonLocked=true, Granted Authorities=[ROLE_ADMIN]], Credentials=[PROTECTED], Authenticated=true, Details=null, Granted Authorities=[ROLE_ADMIN]]]
2024-02-14T23:57:54.459-05:00 DEBUG 37760 --- [    Test worker] o.s.security.web.FilterChainProxy        : Secured GET /api/v1/customers/customerId/appointments
2024-02-14T23:57:54.460-05:00 DEBUG 37760 --- [    Test worker] horizationManagerBeforeMethodInterceptor : Authorizing method invocation ReflectiveMethodInvocation: public org.springframework.http.ResponseEntity com.champlain.ateliermecaniquews.appointmentmanagementsubdomain.presentationlayer.AppointmentController.getAllAppointmentsByCustomerId(java.lang.String); target is of class [com.champlain.ateliermecaniquews.appointmentmanagementsubdomain.presentationlayer.AppointmentController]
2024-02-14T23:57:54.461-05:00 DEBUG 37760 --- [    Test worker] horizationManagerBeforeMethodInterceptor : Authorized method invocation ReflectiveMethodInvocation: public org.springframework.http.ResponseEntity com.champlain.ateliermecaniquews.appointmentmanagementsubdomain.presentationlayer.AppointmentController.getAllAppointmentsByCustomerId(java.lang.String); target is of class [com.champlain.ateliermecaniquews.appointmentmanagementsubdomain.presentationlayer.AppointmentController]
2024-02-14T23:57:54.467-05:00 DEBUG 37760 --- [    Test worker] org.hibernate.SQL                        : select u1_0.id,u1_0.email,u1_0.first_name,u1_0.last_name,u1_0.password,u1_0.phone_number,u1_0.picture,u1_0.user_id from users u1_0 where u1_0.user_id=?
2024-02-14T23:57:54.469-05:00 DEBUG 37760 --- [    Test worker] org.hibernate.SQL                        : select a1_0.id,a1_0.appointment_date,a1_0.appointment_id,a1_0.comments,a1_0.user_id,a1_0.services,a1_0.status,a1_0.vehicle_id from appointments a1_0
2024-02-14T23:57:54.472-05:00 DEBUG 37760 --- [    Test worker] org.hibernate.SQL                        : delete from appointments where id=?
2024-02-14T23:57:54.479-05:00 DEBUG 37760 --- [    Test worker] org.hibernate.SQL                        : insert into appointments (appointment_date,appointment_id,comments,user_id,services,status,vehicle_id,id) values (?,?,?,?,?,?,?,default)
2024-02-14T23:57:54.482-05:00 DEBUG 37760 --- [    Test worker] w.c.HttpSessionSecurityContextRepository : Created HttpSession as SecurityContext is non-default
2024-02-14T23:57:54.482-05:00 DEBUG 37760 --- [    Test worker] w.c.HttpSessionSecurityContextRepository : Stored SecurityContextImpl [Authentication=UsernamePasswordAuthenticationToken [Principal=org.springframework.security.core.userdetails.User [Username=admin@example.com, Password=[PROTECTED], Enabled=true, AccountNonExpired=true, credentialsNonExpired=true, AccountNonLocked=true, Granted Authorities=[ROLE_ADMIN]], Credentials=[PROTECTED], Authenticated=true, Details=null, Granted Authorities=[ROLE_ADMIN]]] to HttpSession [org.springframework.mock.web.MockHttpSession@4f52afb9]
2024-02-14T23:57:54.483-05:00 DEBUG 37760 --- [    Test worker] o.s.security.web.FilterChainProxy        : Securing DELETE /api/v1/appointments/cancelled
2024-02-14T23:57:54.483-05:00 DEBUG 37760 --- [    Test worker] w.c.HttpSessionSecurityContextRepository : Retrieved SecurityContextImpl [Authentication=UsernamePasswordAuthenticationToken [Principal=org.springframework.security.core.userdetails.User [Username=admin@example.com, Password=[PROTECTED], Enabled=true, AccountNonExpired=true, credentialsNonExpired=true, AccountNonLocked=true, Granted Authorities=[ROLE_ADMIN]], Credentials=[PROTECTED], Authenticated=true, Details=null, Granted Authorities=[ROLE_ADMIN]]]
2024-02-14T23:57:54.483-05:00 DEBUG 37760 --- [    Test worker] o.s.security.web.FilterChainProxy        : Secured DELETE /api/v1/appointments/cancelled
2024-02-14T23:57:54.484-05:00 DEBUG 37760 --- [    Test worker] horizationManagerBeforeMethodInterceptor : Authorizing method invocation ReflectiveMethodInvocation: public org.springframework.http.ResponseEntity com.champlain.ateliermecaniquews.appointmentmanagementsubdomain.presentationlayer.AppointmentController.deleteAllCancelledAppointments(); target is of class [com.champlain.ateliermecaniquews.appointmentmanagementsubdomain.presentationlayer.AppointmentController]
2024-02-14T23:57:54.485-05:00 DEBUG 37760 --- [    Test worker] horizationManagerBeforeMethodInterceptor : Authorized method invocation ReflectiveMethodInvocation: public org.springframework.http.ResponseEntity com.champlain.ateliermecaniquews.appointmentmanagementsubdomain.presentationlayer.AppointmentController.deleteAllCancelledAppointments(); target is of class [com.champlain.ateliermecaniquews.appointmentmanagementsubdomain.presentationlayer.AppointmentController]
2024-02-14T23:57:54.489-05:00 DEBUG 37760 --- [    Test worker] org.hibernate.SQL                        : select a1_0.id,a1_0.appointment_date,a1_0.appointment_id,a1_0.comments,a1_0.user_id,a1_0.services,a1_0.status,a1_0.vehicle_id from appointments a1_0
2024-02-14T23:57:54.491-05:00 DEBUG 37760 --- [    Test worker] org.hibernate.SQL                        : delete from appointments where id=?
2024-02-14T23:57:54.498-05:00 DEBUG 37760 --- [    Test worker] org.hibernate.SQL                        : insert into appointments (appointment_date,appointment_id,comments,user_id,services,status,vehicle_id,id) values (?,?,?,?,?,?,?,default)
2024-02-14T23:57:54.501-05:00 DEBUG 37760 --- [    Test worker] w.c.HttpSessionSecurityContextRepository : Created HttpSession as SecurityContext is non-default
2024-02-14T23:57:54.501-05:00 DEBUG 37760 --- [    Test worker] w.c.HttpSessionSecurityContextRepository : Stored SecurityContextImpl [Authentication=UsernamePasswordAuthenticationToken [Principal=org.springframework.security.core.userdetails.User [Username=admin@example.com, Password=[PROTECTED], Enabled=true, AccountNonExpired=true, credentialsNonExpired=true, AccountNonLocked=true, Granted Authorities=[ROLE_ADMIN]], Credentials=[PROTECTED], Authenticated=true, Details=null, Granted Authorities=[ROLE_ADMIN]]] to HttpSession [org.springframework.mock.web.MockHttpSession@77649a51]
2024-02-14T23:57:54.502-05:00 DEBUG 37760 --- [    Test worker] o.s.security.web.FilterChainProxy        : Securing PUT /api/v1/customers/customer123/appointments/nonExistingAppointmentId/updateStatus?isConfirm=false
2024-02-14T23:57:54.502-05:00 DEBUG 37760 --- [    Test worker] w.c.HttpSessionSecurityContextRepository : Retrieved SecurityContextImpl [Authentication=UsernamePasswordAuthenticationToken [Principal=org.springframework.security.core.userdetails.User [Username=admin@example.com, Password=[PROTECTED], Enabled=true, AccountNonExpired=true, credentialsNonExpired=true, AccountNonLocked=true, Granted Authorities=[ROLE_ADMIN]], Credentials=[PROTECTED], Authenticated=true, Details=null, Granted Authorities=[ROLE_ADMIN]]]
2024-02-14T23:57:54.502-05:00 DEBUG 37760 --- [    Test worker] o.s.security.web.FilterChainProxy        : Secured PUT /api/v1/customers/customer123/appointments/nonExistingAppointmentId/updateStatus?isConfirm=false
2024-02-14T23:57:54.504-05:00 DEBUG 37760 --- [    Test worker] horizationManagerBeforeMethodInterceptor : Authorizing method invocation ReflectiveMethodInvocation: public org.springframework.http.ResponseEntity com.champlain.ateliermecaniquews.appointmentmanagementsubdomain.presentationlayer.AppointmentController.updateAppointmentStatusCustomer(java.lang.String,java.lang.String,boolean); target is of class [com.champlain.ateliermecaniquews.appointmentmanagementsubdomain.presentationlayer.AppointmentController]
2024-02-14T23:57:54.505-05:00 DEBUG 37760 --- [    Test worker] horizationManagerBeforeMethodInterceptor : Authorized method invocation ReflectiveMethodInvocation: public org.springframework.http.ResponseEntity com.champlain.ateliermecaniquews.appointmentmanagementsubdomain.presentationlayer.AppointmentController.updateAppointmentStatusCustomer(java.lang.String,java.lang.String,boolean); target is of class [com.champlain.ateliermecaniquews.appointmentmanagementsubdomain.presentationlayer.AppointmentController]
2024-02-14T23:57:54.508-05:00 DEBUG 37760 --- [    Test worker] org.hibernate.SQL                        : select u1_0.id,u1_0.email,u1_0.first_name,u1_0.last_name,u1_0.password,u1_0.phone_number,u1_0.picture,u1_0.user_id from users u1_0 where u1_0.user_id=?
2024-02-14T23:57:54.512-05:00 DEBUG 37760 --- [    Test worker] org.hibernate.SQL                        : select a1_0.id,a1_0.appointment_date,a1_0.appointment_id,a1_0.comments,a1_0.user_id,a1_0.services,a1_0.status,a1_0.vehicle_id from appointments a1_0
2024-02-14T23:57:54.515-05:00 DEBUG 37760 --- [    Test worker] org.hibernate.SQL                        : delete from appointments where id=?
]]></system-out>
  <system-err><![CDATA[]]></system-err>
</testsuite>
