<?xml version="1.0" encoding="UTF-8"?>
<testsuite name="com.champlain.ateliermecaniquews.reviewssubdomain.datalayer.ReviewRepositoryTest" tests="4" skipped="0" failures="0" errors="0" timestamp="2024-02-15T07:21:26" hostname="LAPTOP-C5ATL8TE" time="0.058">
  <properties/>
  <testcase name="testEntityToResponseModelMapping()" classname="com.champlain.ateliermecaniquews.reviewssubdomain.datalayer.ReviewRepositoryTest" time="0.014"/>
  <testcase name="testRequestModelToEntityMapping()" classname="com.champlain.ateliermecaniquews.reviewssubdomain.datalayer.ReviewRepositoryTest" time="0.011"/>
  <testcase name="findReviewByReviewId_nonExistentId_shouldReturnNull()" classname="com.champlain.ateliermecaniquews.reviewssubdomain.datalayer.ReviewRepositoryTest" time="0.013"/>
  <testcase name="findReviewByReviewId_shouldSucceed()" classname="com.champlain.ateliermecaniquews.reviewssubdomain.datalayer.ReviewRepositoryTest" time="0.019"/>
  <system-out><![CDATA[2024-02-15T02:21:25.956-05:00  INFO 20292 --- [    Test worker] t.c.s.AnnotationConfigContextLoaderUtils : Could not detect default configuration classes for test class [com.champlain.ateliermecaniquews.reviewssubdomain.datalayer.ReviewRepositoryTest]: ReviewRepositoryTest does not declare any static, non-private, non-final, nested classes annotated with @Configuration.
2024-02-15T02:21:26.004-05:00  INFO 20292 --- [    Test worker] .b.t.c.SpringBootTestContextBootstrapper : Found @SpringBootConfiguration com.champlain.ateliermecaniquews.AteliermecaniqueWsApplication for test class com.champlain.ateliermecaniquews.reviewssubdomain.datalayer.ReviewRepositoryTest
2024-02-15T02:21:26.012-05:00 DEBUG 20292 --- [    Test worker] org.hibernate.SQL                        : insert into reviews (appointment_id,comment,user_id,mechanic_reply,rating,review_date,review_id,id) values (?,?,?,?,?,?,?,default)
Hibernate: insert into reviews (appointment_id,comment,user_id,mechanic_reply,rating,review_date,review_id,id) values (?,?,?,?,?,?,?,default)
2024-02-15T02:21:26.016-05:00 DEBUG 20292 --- [    Test worker] org.hibernate.SQL                        : insert into reviews (appointment_id,comment,user_id,mechanic_reply,rating,review_date,review_id,id) values (?,?,?,?,?,?,?,default)
Hibernate: insert into reviews (appointment_id,comment,user_id,mechanic_reply,rating,review_date,review_id,id) values (?,?,?,?,?,?,?,default)
2024-02-15T02:21:26.019-05:00 DEBUG 20292 --- [    Test worker] org.hibernate.SQL                        : select r1_0.id,r1_0.appointment_id,r1_0.comment,r1_0.user_id,r1_0.mechanic_reply,r1_0.rating,r1_0.review_date,r1_0.review_id from reviews r1_0
Hibernate: select r1_0.id,r1_0.appointment_id,r1_0.comment,r1_0.user_id,r1_0.mechanic_reply,r1_0.rating,r1_0.review_date,r1_0.review_id from reviews r1_0
2024-02-15T02:21:26.025-05:00 DEBUG 20292 --- [    Test worker] org.hibernate.SQL                        : insert into reviews (appointment_id,comment,user_id,mechanic_reply,rating,review_date,review_id,id) values (?,?,?,?,?,?,?,default)
Hibernate: insert into reviews (appointment_id,comment,user_id,mechanic_reply,rating,review_date,review_id,id) values (?,?,?,?,?,?,?,default)
2024-02-15T02:21:26.031-05:00 DEBUG 20292 --- [    Test worker] org.hibernate.SQL                        : select r1_0.id,r1_0.appointment_id,r1_0.comment,r1_0.user_id,r1_0.mechanic_reply,r1_0.rating,r1_0.review_date,r1_0.review_id from reviews r1_0
Hibernate: select r1_0.id,r1_0.appointment_id,r1_0.comment,r1_0.user_id,r1_0.mechanic_reply,r1_0.rating,r1_0.review_date,r1_0.review_id from reviews r1_0
2024-02-15T02:21:26.037-05:00 DEBUG 20292 --- [    Test worker] org.hibernate.SQL                        : insert into reviews (appointment_id,comment,user_id,mechanic_reply,rating,review_date,review_id,id) values (?,?,?,?,?,?,?,default)
Hibernate: insert into reviews (appointment_id,comment,user_id,mechanic_reply,rating,review_date,review_id,id) values (?,?,?,?,?,?,?,default)
2024-02-15T02:21:26.042-05:00 DEBUG 20292 --- [    Test worker] org.hibernate.SQL                        : select r1_0.id,r1_0.appointment_id,r1_0.comment,r1_0.user_id,r1_0.mechanic_reply,r1_0.rating,r1_0.review_date,r1_0.review_id from reviews r1_0 where r1_0.review_id=?
Hibernate: select r1_0.id,r1_0.appointment_id,r1_0.comment,r1_0.user_id,r1_0.mechanic_reply,r1_0.rating,r1_0.review_date,r1_0.review_id from reviews r1_0 where r1_0.review_id=?
2024-02-15T02:21:26.045-05:00 DEBUG 20292 --- [    Test worker] org.hibernate.SQL                        : select r1_0.id,r1_0.appointment_id,r1_0.comment,r1_0.user_id,r1_0.mechanic_reply,r1_0.rating,r1_0.review_date,r1_0.review_id from reviews r1_0
Hibernate: select r1_0.id,r1_0.appointment_id,r1_0.comment,r1_0.user_id,r1_0.mechanic_reply,r1_0.rating,r1_0.review_date,r1_0.review_id from reviews r1_0
2024-02-15T02:21:26.050-05:00 DEBUG 20292 --- [    Test worker] org.hibernate.SQL                        : insert into reviews (appointment_id,comment,user_id,mechanic_reply,rating,review_date,review_id,id) values (?,?,?,?,?,?,?,default)
Hibernate: insert into reviews (appointment_id,comment,user_id,mechanic_reply,rating,review_date,review_id,id) values (?,?,?,?,?,?,?,default)
2024-02-15T02:21:26.061-05:00 DEBUG 20292 --- [    Test worker] org.hibernate.SQL                        : select r1_0.id,r1_0.appointment_id,r1_0.comment,r1_0.user_id,r1_0.mechanic_reply,r1_0.rating,r1_0.review_date,r1_0.review_id from reviews r1_0 where r1_0.review_id=?
Hibernate: select r1_0.id,r1_0.appointment_id,r1_0.comment,r1_0.user_id,r1_0.mechanic_reply,r1_0.rating,r1_0.review_date,r1_0.review_id from reviews r1_0 where r1_0.review_id=?
2024-02-15T02:21:26.064-05:00 DEBUG 20292 --- [    Test worker] org.hibernate.SQL                        : select r1_0.id,r1_0.appointment_id,r1_0.comment,r1_0.user_id,r1_0.mechanic_reply,r1_0.rating,r1_0.review_date,r1_0.review_id from reviews r1_0
Hibernate: select r1_0.id,r1_0.appointment_id,r1_0.comment,r1_0.user_id,r1_0.mechanic_reply,r1_0.rating,r1_0.review_date,r1_0.review_id from reviews r1_0
]]></system-out>
  <system-err><![CDATA[]]></system-err>
</testsuite>
