<?xml version="1.0" encoding="UTF-8"?>
<testsuite name="com.champlain.ateliermecaniquews.appointmentmanagementsubdomain.datalayer.AppointmentRepositoryTest" tests="8" skipped="0" failures="0" errors="0" timestamp="2024-02-15T07:20:50" hostname="LAPTOP-C5ATL8TE" time="0.986">
  <properties/>
  <testcase name="testEntityToResponseModel()" classname="com.champlain.ateliermecaniquews.appointmentmanagementsubdomain.datalayer.AppointmentRepositoryTest" time="0.724"/>
  <testcase name="findAppointmentByAppointmentId_shouldSucceed()" classname="com.champlain.ateliermecaniquews.appointmentmanagementsubdomain.datalayer.AppointmentRepositoryTest" time="0.099"/>
  <testcase name="findAllAppointmentsByStatus_shouldReturnList()" classname="com.champlain.ateliermecaniquews.appointmentmanagementsubdomain.datalayer.AppointmentRepositoryTest" time="0.029"/>
  <testcase name="testEntityToResponseModelList()" classname="com.champlain.ateliermecaniquews.appointmentmanagementsubdomain.datalayer.AppointmentRepositoryTest" time="0.022"/>
  <testcase name="findAllAppointmentsByNonExistentCustomerId_thenReturnEmptyList()" classname="com.champlain.ateliermecaniquews.appointmentmanagementsubdomain.datalayer.AppointmentRepositoryTest" time="0.023"/>
  <testcase name="testRequestModelToEntity()" classname="com.champlain.ateliermecaniquews.appointmentmanagementsubdomain.datalayer.AppointmentRepositoryTest" time="0.017"/>
  <testcase name="findAllAppointmentsByCustomerId_shouldReturnList()" classname="com.champlain.ateliermecaniquews.appointmentmanagementsubdomain.datalayer.AppointmentRepositoryTest" time="0.025"/>
  <testcase name="findAppointmentByInvalidAppointmentId_thenReturnNull()" classname="com.champlain.ateliermecaniquews.appointmentmanagementsubdomain.datalayer.AppointmentRepositoryTest" time="0.027"/>
  <system-out><![CDATA[2024-02-15T02:20:47.447-05:00  INFO 20292 --- [    Test worker] t.c.s.AnnotationConfigContextLoaderUtils : Could not detect default configuration classes for test class [com.champlain.ateliermecaniquews.appointmentmanagementsubdomain.datalayer.AppointmentRepositoryTest]: AppointmentRepositoryTest does not declare any static, non-private, non-final, nested classes annotated with @Configuration.
2024-02-15T02:20:47.550-05:00  INFO 20292 --- [    Test worker] .b.t.c.SpringBootTestContextBootstrapper : Found @SpringBootConfiguration com.champlain.ateliermecaniquews.AteliermecaniqueWsApplication for test class com.champlain.ateliermecaniquews.appointmentmanagementsubdomain.datalayer.AppointmentRepositoryTest

  .   ____          _            __ _ _
 /\\ / ___'_ __ _ _(_)_ __  __ _ \ \ \ \
( ( )\___ | '_ | '_| | '_ \/ _` | \ \ \ \
 \\/  ___)| |_)| | | | | || (_| |  ) ) ) )
  '  |____| .__|_| |_|_| |_\__, | / / / /
 =========|_|==============|___/=/_/_/_/
 :: Spring Boot ::                (v3.1.5)

2024-02-15T02:20:47.672-05:00  WARN 20292 --- [    Test worker] ory$DuplicateJsonObjectContextCustomizer : 

Found multiple occurrences of org.json.JSONObject on the class path:

	jar:file:/C:/Users/Mvacc/.gradle/caches/modules-2/files-2.1/org.json/json/20230227/7a0d4aca76513d8ce81f9b044ce8126b84809ad8/json-20230227.jar!/org/json/JSONObject.class
	jar:file:/C:/Users/Mvacc/.gradle/caches/modules-2/files-2.1/com.vaadin.external.google/android-json/0.0.20131108.vaadin1/fa26d351fe62a6a17f5cda1287c1c6110dec413f/android-json-0.0.20131108.vaadin1.jar!/org/json/JSONObject.class

You may wish to exclude one of them to ensure predictable runtime behavior

2024-02-15T02:20:47.675-05:00  INFO 20292 --- [    Test worker] c.c.a.a.d.AppointmentRepositoryTest      : Starting AppointmentRepositoryTest using Java 17.0.6 with PID 20292 (started by Mvacc in C:\Users\Mvacc\OneDrive\Documents\Semester8\FINALPROJ\TEST\ateliermecanique-ws)
2024-02-15T02:20:47.675-05:00 DEBUG 20292 --- [    Test worker] c.c.a.a.d.AppointmentRepositoryTest      : Running with Spring Boot v3.1.5, Spring v6.0.13
2024-02-15T02:20:47.676-05:00  INFO 20292 --- [    Test worker] c.c.a.a.d.AppointmentRepositoryTest      : No active profile set, falling back to 1 default profile: "default"
2024-02-15T02:20:47.919-05:00  INFO 20292 --- [    Test worker] .s.d.r.c.RepositoryConfigurationDelegate : Bootstrapping Spring Data JPA repositories in DEFAULT mode.
2024-02-15T02:20:48.012-05:00  INFO 20292 --- [    Test worker] .s.d.r.c.RepositoryConfigurationDelegate : Finished Spring Data repository scanning in 93 ms. Found 6 JPA repository interfaces.
2024-02-15T02:20:48.059-05:00  INFO 20292 --- [    Test worker] beddedDataSourceBeanFactoryPostProcessor : Replacing 'dataSource' DataSource bean with embedded version
2024-02-15T02:20:48.151-05:00  INFO 20292 --- [    Test worker] o.s.j.d.e.EmbeddedDatabaseFactory        : Starting embedded database: url='jdbc:h2:mem:0f00b69f-b76a-4b7c-ae7f-e7ee01b2dc1d;DB_CLOSE_DELAY=-1;DB_CLOSE_ON_EXIT=false', username='sa'
2024-02-15T02:20:49.057-05:00  INFO 20292 --- [    Test worker] o.hibernate.jpa.internal.util.LogHelper  : HHH000204: Processing PersistenceUnitInfo [name: default]
2024-02-15T02:20:49.078-05:00  INFO 20292 --- [    Test worker] o.s.o.j.p.SpringPersistenceUnitInfo      : No LoadTimeWeaver setup: ignoring JPA class transformer
2024-02-15T02:20:49.525-05:00  INFO 20292 --- [    Test worker] o.h.e.t.j.p.i.JtaPlatformInitiator       : HHH000489: No JTA platform available (set 'hibernate.transaction.jta.platform' to enable JTA platform integration)
2024-02-15T02:20:49.623-05:00 DEBUG 20292 --- [    Test worker] org.hibernate.SQL                        : create table appointments (id integer generated by default as identity, appointment_date timestamp(6), appointment_id varchar(255), comments varchar(255), user_id varchar(255), services varchar(255), status varchar(255) check (status in ('PENDING','CONFIRMED','COMPLETED','CANCELLED')), vehicle_id varchar(255), primary key (id))
Hibernate: create table appointments (id integer generated by default as identity, appointment_date timestamp(6), appointment_id varchar(255), comments varchar(255), user_id varchar(255), services varchar(255), status varchar(255) check (status in ('PENDING','CONFIRMED','COMPLETED','CANCELLED')), vehicle_id varchar(255), primary key (id))
2024-02-15T02:20:49.656-05:00 DEBUG 20292 --- [    Test worker] org.hibernate.SQL                        : create table invoices (id integer generated by default as identity, appointment_id varchar(255), user_id varchar(255), invoice_id varchar(255), invoice_date timestamp(6), mechanic_notes varchar(255), sum_of_services float(53), primary key (id))
Hibernate: create table invoices (id integer generated by default as identity, appointment_id varchar(255), user_id varchar(255), invoice_id varchar(255), invoice_date timestamp(6), mechanic_notes varchar(255), sum_of_services float(53), primary key (id))
2024-02-15T02:20:49.659-05:00 DEBUG 20292 --- [    Test worker] org.hibernate.SQL                        : create table reviews (id integer generated by default as identity, appointment_id varchar(255), comment varchar(255), user_id varchar(255), mechanic_reply varchar(255), rating float(53), review_date timestamp(6), review_id varchar(255), primary key (id))
Hibernate: create table reviews (id integer generated by default as identity, appointment_id varchar(255), comment varchar(255), user_id varchar(255), mechanic_reply varchar(255), rating float(53), review_date timestamp(6), review_id varchar(255), primary key (id))
2024-02-15T02:20:49.663-05:00 DEBUG 20292 --- [    Test worker] org.hibernate.SQL                        : create table roles (id integer generated by default as identity, name varchar(20) check (name in ('ROLE_CUSTOMER','ROLE_ADMIN')), primary key (id))
Hibernate: create table roles (id integer generated by default as identity, name varchar(20) check (name in ('ROLE_CUSTOMER','ROLE_ADMIN')), primary key (id))
2024-02-15T02:20:49.666-05:00 DEBUG 20292 --- [    Test worker] org.hibernate.SQL                        : create table user_roles (user_id integer not null, role_id integer not null, primary key (user_id, role_id))
Hibernate: create table user_roles (user_id integer not null, role_id integer not null, primary key (user_id, role_id))
2024-02-15T02:20:49.672-05:00 DEBUG 20292 --- [    Test worker] org.hibernate.SQL                        : create table users (id integer generated by default as identity, email varchar(50), first_name varchar(20), last_name varchar(40), password varchar(120), phone_number varchar(20), picture varchar(200), user_id varchar(255), primary key (id))
Hibernate: create table users (id integer generated by default as identity, email varchar(50), first_name varchar(20), last_name varchar(40), password varchar(120), phone_number varchar(20), picture varchar(200), user_id varchar(255), primary key (id))
2024-02-15T02:20:49.675-05:00 DEBUG 20292 --- [    Test worker] org.hibernate.SQL                        : create table vehicles (id integer generated by default as identity, make varchar(255), mileage varchar(255), model varchar(255), transmission_type varchar(255) check (transmission_type in ('MANUAL','AUTOMATIC')), user_id varchar(255), vehicle_id varchar(255), year varchar(255), primary key (id))
Hibernate: create table vehicles (id integer generated by default as identity, make varchar(255), mileage varchar(255), model varchar(255), transmission_type varchar(255) check (transmission_type in ('MANUAL','AUTOMATIC')), user_id varchar(255), vehicle_id varchar(255), year varchar(255), primary key (id))
2024-02-15T02:20:49.691-05:00  WARN 20292 --- [    Test worker] o.h.t.s.i.ExceptionHandlerLoggedImpl     : GenerationTarget encountered exception accepting command : Error executing DDL "create table vehicles (id integer generated by default as identity, make varchar(255), mileage varchar(255), model varchar(255), transmission_type varchar(255) check (transmission_type in ('MANUAL','AUTOMATIC')), user_id varchar(255), vehicle_id varchar(255), year varchar(255), primary key (id))" via JDBC [Syntax error in SQL statement "create table vehicles (id integer generated by default as identity, make varchar(255), mileage varchar(255), model varchar(255), transmission_type varchar(255) check (transmission_type in ('MANUAL','AUTOMATIC')), user_id varchar(255), vehicle_id varchar(255), [*]year varchar(255), primary key (id))"; expected "identifier";]

org.hibernate.tool.schema.spi.CommandAcceptanceException: Error executing DDL "create table vehicles (id integer generated by default as identity, make varchar(255), mileage varchar(255), model varchar(255), transmission_type varchar(255) check (transmission_type in ('MANUAL','AUTOMATIC')), user_id varchar(255), vehicle_id varchar(255), year varchar(255), primary key (id))" via JDBC [Syntax error in SQL statement "create table vehicles (id integer generated by default as identity, make varchar(255), mileage varchar(255), model varchar(255), transmission_type varchar(255) check (transmission_type in ('MANUAL','AUTOMATIC')), user_id varchar(255), vehicle_id varchar(255), [*]year varchar(255), primary key (id))"; expected "identifier";]
	at org.hibernate.tool.schema.internal.exec.GenerationTargetToDatabase.accept(GenerationTargetToDatabase.java:94) ~[hibernate-core-6.2.13.Final.jar:6.2.13.Final]
	at org.hibernate.tool.schema.internal.AbstractSchemaMigrator.applySqlString(AbstractSchemaMigrator.java:574) ~[hibernate-core-6.2.13.Final.jar:6.2.13.Final]
	at org.hibernate.tool.schema.internal.AbstractSchemaMigrator.applySqlStrings(AbstractSchemaMigrator.java:514) ~[hibernate-core-6.2.13.Final.jar:6.2.13.Final]
	at org.hibernate.tool.schema.internal.AbstractSchemaMigrator.createTable(AbstractSchemaMigrator.java:315) ~[hibernate-core-6.2.13.Final.jar:6.2.13.Final]
	at org.hibernate.tool.schema.internal.GroupedSchemaMigratorImpl.performTablesMigration(GroupedSchemaMigratorImpl.java:80) ~[hibernate-core-6.2.13.Final.jar:6.2.13.Final]
	at org.hibernate.tool.schema.internal.AbstractSchemaMigrator.performMigration(AbstractSchemaMigrator.java:232) ~[hibernate-core-6.2.13.Final.jar:6.2.13.Final]
	at org.hibernate.tool.schema.internal.AbstractSchemaMigrator.doMigration(AbstractSchemaMigrator.java:117) ~[hibernate-core-6.2.13.Final.jar:6.2.13.Final]
	at org.hibernate.tool.schema.spi.SchemaManagementToolCoordinator.performDatabaseAction(SchemaManagementToolCoordinator.java:284) ~[hibernate-core-6.2.13.Final.jar:6.2.13.Final]
	at org.hibernate.tool.schema.spi.SchemaManagementToolCoordinator.lambda$process$5(SchemaManagementToolCoordinator.java:143) ~[hibernate-core-6.2.13.Final.jar:6.2.13.Final]
	at java.base/java.util.HashMap.forEach(HashMap.java:1421) ~[na:na]
	at org.hibernate.tool.schema.spi.SchemaManagementToolCoordinator.process(SchemaManagementToolCoordinator.java:140) ~[hibernate-core-6.2.13.Final.jar:6.2.13.Final]
	at org.hibernate.boot.internal.SessionFactoryObserverForSchemaExport.sessionFactoryCreated(SessionFactoryObserverForSchemaExport.java:37) ~[hibernate-core-6.2.13.Final.jar:6.2.13.Final]
	at org.hibernate.internal.SessionFactoryObserverChain.sessionFactoryCreated(SessionFactoryObserverChain.java:35) ~[hibernate-core-6.2.13.Final.jar:6.2.13.Final]
	at org.hibernate.internal.SessionFactoryImpl.<init>(SessionFactoryImpl.java:293) ~[hibernate-core-6.2.13.Final.jar:6.2.13.Final]
	at org.hibernate.boot.internal.SessionFactoryBuilderImpl.build(SessionFactoryBuilderImpl.java:444) ~[hibernate-core-6.2.13.Final.jar:6.2.13.Final]
	at org.hibernate.jpa.boot.internal.EntityManagerFactoryBuilderImpl.build(EntityManagerFactoryBuilderImpl.java:1458) ~[hibernate-core-6.2.13.Final.jar:6.2.13.Final]
	at org.springframework.orm.jpa.vendor.SpringHibernateJpaPersistenceProvider.createContainerEntityManagerFactory(SpringHibernateJpaPersistenceProvider.java:75) ~[spring-orm-6.0.13.jar:6.0.13]
	at org.springframework.orm.jpa.LocalContainerEntityManagerFactoryBean.createNativeEntityManagerFactory(LocalContainerEntityManagerFactoryBean.java:376) ~[spring-orm-6.0.13.jar:6.0.13]
	at org.springframework.orm.jpa.AbstractEntityManagerFactoryBean.buildNativeEntityManagerFactory(AbstractEntityManagerFactoryBean.java:409) ~[spring-orm-6.0.13.jar:6.0.13]
	at org.springframework.orm.jpa.AbstractEntityManagerFactoryBean.afterPropertiesSet(AbstractEntityManagerFactoryBean.java:396) ~[spring-orm-6.0.13.jar:6.0.13]
	at org.springframework.orm.jpa.LocalContainerEntityManagerFactoryBean.afterPropertiesSet(LocalContainerEntityManagerFactoryBean.java:352) ~[spring-orm-6.0.13.jar:6.0.13]
	at org.springframework.beans.factory.support.AbstractAutowireCapableBeanFactory.invokeInitMethods(AbstractAutowireCapableBeanFactory.java:1817) ~[spring-beans-6.0.13.jar:6.0.13]
	at org.springframework.beans.factory.support.AbstractAutowireCapableBeanFactory.initializeBean(AbstractAutowireCapableBeanFactory.java:1766) ~[spring-beans-6.0.13.jar:6.0.13]
	at org.springframework.beans.factory.support.AbstractAutowireCapableBeanFactory.doCreateBean(AbstractAutowireCapableBeanFactory.java:598) ~[spring-beans-6.0.13.jar:6.0.13]
	at org.springframework.beans.factory.support.AbstractAutowireCapableBeanFactory.createBean(AbstractAutowireCapableBeanFactory.java:520) ~[spring-beans-6.0.13.jar:6.0.13]
	at org.springframework.beans.factory.support.AbstractBeanFactory.lambda$doGetBean$0(AbstractBeanFactory.java:325) ~[spring-beans-6.0.13.jar:6.0.13]
	at org.springframework.beans.factory.support.DefaultSingletonBeanRegistry.getSingleton(DefaultSingletonBeanRegistry.java:234) ~[spring-beans-6.0.13.jar:6.0.13]
	at org.springframework.beans.factory.support.AbstractBeanFactory.doGetBean(AbstractBeanFactory.java:323) ~[spring-beans-6.0.13.jar:6.0.13]
	at org.springframework.beans.factory.support.AbstractBeanFactory.getBean(AbstractBeanFactory.java:199) ~[spring-beans-6.0.13.jar:6.0.13]
	at org.springframework.context.support.AbstractApplicationContext.getBean(AbstractApplicationContext.java:1166) ~[spring-context-6.0.13.jar:6.0.13]
	at org.springframework.context.support.AbstractApplicationContext.finishBeanFactoryInitialization(AbstractApplicationContext.java:940) ~[spring-context-6.0.13.jar:6.0.13]
	at org.springframework.context.support.AbstractApplicationContext.refresh(AbstractApplicationContext.java:616) ~[spring-context-6.0.13.jar:6.0.13]
	at org.springframework.boot.SpringApplication.refresh(SpringApplication.java:738) ~[spring-boot-3.1.5.jar:3.1.5]
	at org.springframework.boot.SpringApplication.refreshContext(SpringApplication.java:440) ~[spring-boot-3.1.5.jar:3.1.5]
	at org.springframework.boot.SpringApplication.run(SpringApplication.java:316) ~[spring-boot-3.1.5.jar:3.1.5]
	at org.springframework.boot.test.context.SpringBootContextLoader.lambda$loadContext$3(SpringBootContextLoader.java:137) ~[spring-boot-test-3.1.5.jar:3.1.5]
	at org.springframework.util.function.ThrowingSupplier.get(ThrowingSupplier.java:58) ~[spring-core-6.0.13.jar:6.0.13]
	at org.springframework.util.function.ThrowingSupplier.get(ThrowingSupplier.java:46) ~[spring-core-6.0.13.jar:6.0.13]
	at org.springframework.boot.SpringApplication.withHook(SpringApplication.java:1406) ~[spring-boot-3.1.5.jar:3.1.5]
	at org.springframework.boot.test.context.SpringBootContextLoader$ContextLoaderHook.run(SpringBootContextLoader.java:545) ~[spring-boot-test-3.1.5.jar:3.1.5]
	at org.springframework.boot.test.context.SpringBootContextLoader.loadContext(SpringBootContextLoader.java:137) ~[spring-boot-test-3.1.5.jar:3.1.5]
	at org.springframework.boot.test.context.SpringBootContextLoader.loadContext(SpringBootContextLoader.java:108) ~[spring-boot-test-3.1.5.jar:3.1.5]
	at org.springframework.test.context.cache.DefaultCacheAwareContextLoaderDelegate.loadContextInternal(DefaultCacheAwareContextLoaderDelegate.java:187) ~[spring-test-6.0.13.jar:6.0.13]
	at org.springframework.test.context.cache.DefaultCacheAwareContextLoaderDelegate.loadContext(DefaultCacheAwareContextLoaderDelegate.java:119) ~[spring-test-6.0.13.jar:6.0.13]
	at org.springframework.test.context.support.DefaultTestContext.getApplicationContext(DefaultTestContext.java:127) ~[spring-test-6.0.13.jar:6.0.13]
	at org.springframework.test.context.support.DependencyInjectionTestExecutionListener.injectDependencies(DependencyInjectionTestExecutionListener.java:141) ~[spring-test-6.0.13.jar:6.0.13]
	at org.springframework.test.context.support.DependencyInjectionTestExecutionListener.prepareTestInstance(DependencyInjectionTestExecutionListener.java:97) ~[spring-test-6.0.13.jar:6.0.13]
	at org.springframework.test.context.TestContextManager.prepareTestInstance(TestContextManager.java:241) ~[spring-test-6.0.13.jar:6.0.13]
	at org.springframework.test.context.junit.jupiter.SpringExtension.postProcessTestInstance(SpringExtension.java:138) ~[spring-test-6.0.13.jar:6.0.13]
	at org.junit.jupiter.engine.descriptor.ClassBasedTestDescriptor.lambda$invokeTestInstancePostProcessors$10(ClassBasedTestDescriptor.java:377) ~[junit-jupiter-engine-5.9.3.jar:5.9.3]
	at org.junit.jupiter.engine.descriptor.ClassBasedTestDescriptor.executeAndMaskThrowable(ClassBasedTestDescriptor.java:382) ~[junit-jupiter-engine-5.9.3.jar:5.9.3]
	at org.junit.jupiter.engine.descriptor.ClassBasedTestDescriptor.lambda$invokeTestInstancePostProcessors$11(ClassBasedTestDescriptor.java:377) ~[junit-jupiter-engine-5.9.3.jar:5.9.3]
	at java.base/java.util.stream.ReferencePipeline$3$1.accept(ReferencePipeline.java:197) ~[na:na]
	at java.base/java.util.stream.ReferencePipeline$2$1.accept(ReferencePipeline.java:179) ~[na:na]
	at java.base/java.util.ArrayList$ArrayListSpliterator.forEachRemaining(ArrayList.java:1625) ~[na:na]
	at java.base/java.util.stream.AbstractPipeline.copyInto(AbstractPipeline.java:509) ~[na:na]
	at java.base/java.util.stream.AbstractPipeline.wrapAndCopyInto(AbstractPipeline.java:499) ~[na:na]
	at java.base/java.util.stream.StreamSpliterators$WrappingSpliterator.forEachRemaining(StreamSpliterators.java:310) ~[na:na]
	at java.base/java.util.stream.Streams$ConcatSpliterator.forEachRemaining(Streams.java:735) ~[na:na]
	at java.base/java.util.stream.Streams$ConcatSpliterator.forEachRemaining(Streams.java:734) ~[na:na]
	at java.base/java.util.stream.ReferencePipeline$Head.forEach(ReferencePipeline.java:762) ~[na:na]
	at org.junit.jupiter.engine.descriptor.ClassBasedTestDescriptor.invokeTestInstancePostProcessors(ClassBasedTestDescriptor.java:376) ~[junit-jupiter-engine-5.9.3.jar:5.9.3]
	at org.junit.jupiter.engine.descriptor.ClassBasedTestDescriptor.lambda$instantiateAndPostProcessTestInstance$6(ClassBasedTestDescriptor.java:289) ~[junit-jupiter-engine-5.9.3.jar:5.9.3]
	at org.junit.platform.engine.support.hierarchical.ThrowableCollector.execute(ThrowableCollector.java:73) ~[junit-platform-engine-1.9.3.jar:1.9.3]
	at org.junit.jupiter.engine.descriptor.ClassBasedTestDescriptor.instantiateAndPostProcessTestInstance(ClassBasedTestDescriptor.java:288) ~[junit-jupiter-engine-5.9.3.jar:5.9.3]
	at org.junit.jupiter.engine.descriptor.ClassBasedTestDescriptor.lambda$testInstancesProvider$4(ClassBasedTestDescriptor.java:278) ~[junit-jupiter-engine-5.9.3.jar:5.9.3]
	at java.base/java.util.Optional.orElseGet(Optional.java:364) ~[na:na]
	at org.junit.jupiter.engine.descriptor.ClassBasedTestDescriptor.lambda$testInstancesProvider$5(ClassBasedTestDescriptor.java:277) ~[junit-jupiter-engine-5.9.3.jar:5.9.3]
	at org.junit.jupiter.engine.execution.TestInstancesProvider.getTestInstances(TestInstancesProvider.java:31) ~[junit-jupiter-engine-5.9.3.jar:5.9.3]
	at org.junit.jupiter.engine.descriptor.TestMethodTestDescriptor.lambda$prepare$0(TestMethodTestDescriptor.java:105) ~[junit-jupiter-engine-5.9.3.jar:5.9.3]
	at org.junit.platform.engine.support.hierarchical.ThrowableCollector.execute(ThrowableCollector.java:73) ~[junit-platform-engine-1.9.3.jar:1.9.3]
	at org.junit.jupiter.engine.descriptor.TestMethodTestDescriptor.prepare(TestMethodTestDescriptor.java:104) ~[junit-jupiter-engine-5.9.3.jar:5.9.3]
	at org.junit.jupiter.engine.descriptor.TestMethodTestDescriptor.prepare(TestMethodTestDescriptor.java:68) ~[junit-jupiter-engine-5.9.3.jar:5.9.3]
	at org.junit.platform.engine.support.hierarchical.NodeTestTask.lambda$prepare$2(NodeTestTask.java:123) ~[junit-platform-engine-1.9.3.jar:1.9.3]
	at org.junit.platform.engine.support.hierarchical.ThrowableCollector.execute(ThrowableCollector.java:73) ~[junit-platform-engine-1.9.3.jar:1.9.3]
	at org.junit.platform.engine.support.hierarchical.NodeTestTask.prepare(NodeTestTask.java:123) ~[junit-platform-engine-1.9.3.jar:1.9.3]
	at org.junit.platform.engine.support.hierarchical.NodeTestTask.execute(NodeTestTask.java:90) ~[junit-platform-engine-1.9.3.jar:1.9.3]
	at java.base/java.util.ArrayList.forEach(ArrayList.java:1511) ~[na:na]
	at org.junit.platform.engine.support.hierarchical.SameThreadHierarchicalTestExecutorService.invokeAll(SameThreadHierarchicalTestExecutorService.java:41) ~[junit-platform-engine-1.9.3.jar:1.9.3]
	at org.junit.platform.engine.support.hierarchical.NodeTestTask.lambda$executeRecursively$6(NodeTestTask.java:155) ~[junit-platform-engine-1.9.3.jar:1.9.3]
	at org.junit.platform.engine.support.hierarchical.ThrowableCollector.execute(ThrowableCollector.java:73) ~[junit-platform-engine-1.9.3.jar:1.9.3]
	at org.junit.platform.engine.support.hierarchical.NodeTestTask.lambda$executeRecursively$8(NodeTestTask.java:141) ~[junit-platform-engine-1.9.3.jar:1.9.3]
	at org.junit.platform.engine.support.hierarchical.Node.around(Node.java:137) ~[junit-platform-engine-1.9.3.jar:1.9.3]
	at org.junit.platform.engine.support.hierarchical.NodeTestTask.lambda$executeRecursively$9(NodeTestTask.java:139) ~[junit-platform-engine-1.9.3.jar:1.9.3]
	at org.junit.platform.engine.support.hierarchical.ThrowableCollector.execute(ThrowableCollector.java:73) ~[junit-platform-engine-1.9.3.jar:1.9.3]
	at org.junit.platform.engine.support.hierarchical.NodeTestTask.executeRecursively(NodeTestTask.java:138) ~[junit-platform-engine-1.9.3.jar:1.9.3]
	at org.junit.platform.engine.support.hierarchical.NodeTestTask.execute(NodeTestTask.java:95) ~[junit-platform-engine-1.9.3.jar:1.9.3]
	at java.base/java.util.ArrayList.forEach(ArrayList.java:1511) ~[na:na]
	at org.junit.platform.engine.support.hierarchical.SameThreadHierarchicalTestExecutorService.invokeAll(SameThreadHierarchicalTestExecutorService.java:41) ~[junit-platform-engine-1.9.3.jar:1.9.3]
	at org.junit.platform.engine.support.hierarchical.NodeTestTask.lambda$executeRecursively$6(NodeTestTask.java:155) ~[junit-platform-engine-1.9.3.jar:1.9.3]
	at org.junit.platform.engine.support.hierarchical.ThrowableCollector.execute(ThrowableCollector.java:73) ~[junit-platform-engine-1.9.3.jar:1.9.3]
	at org.junit.platform.engine.support.hierarchical.NodeTestTask.lambda$executeRecursively$8(NodeTestTask.java:141) ~[junit-platform-engine-1.9.3.jar:1.9.3]
	at org.junit.platform.engine.support.hierarchical.Node.around(Node.java:137) ~[junit-platform-engine-1.9.3.jar:1.9.3]
	at org.junit.platform.engine.support.hierarchical.NodeTestTask.lambda$executeRecursively$9(NodeTestTask.java:139) ~[junit-platform-engine-1.9.3.jar:1.9.3]
	at org.junit.platform.engine.support.hierarchical.ThrowableCollector.execute(ThrowableCollector.java:73) ~[junit-platform-engine-1.9.3.jar:1.9.3]
	at org.junit.platform.engine.support.hierarchical.NodeTestTask.executeRecursively(NodeTestTask.java:138) ~[junit-platform-engine-1.9.3.jar:1.9.3]
	at org.junit.platform.engine.support.hierarchical.NodeTestTask.execute(NodeTestTask.java:95) ~[junit-platform-engine-1.9.3.jar:1.9.3]
	at org.junit.platform.engine.support.hierarchical.SameThreadHierarchicalTestExecutorService.submit(SameThreadHierarchicalTestExecutorService.java:35) ~[junit-platform-engine-1.9.3.jar:1.9.3]
	at org.junit.platform.engine.support.hierarchical.HierarchicalTestExecutor.execute(HierarchicalTestExecutor.java:57) ~[junit-platform-engine-1.9.3.jar:1.9.3]
	at org.junit.platform.engine.support.hierarchical.HierarchicalTestEngine.execute(HierarchicalTestEngine.java:54) ~[junit-platform-engine-1.9.3.jar:1.9.3]
	at org.junit.platform.launcher.core.EngineExecutionOrchestrator.execute(EngineExecutionOrchestrator.java:107) ~[junit-platform-launcher-1.8.2.jar:1.8.2]
	at org.junit.platform.launcher.core.EngineExecutionOrchestrator.execute(EngineExecutionOrchestrator.java:88) ~[junit-platform-launcher-1.8.2.jar:1.8.2]
	at org.junit.platform.launcher.core.EngineExecutionOrchestrator.lambda$execute$0(EngineExecutionOrchestrator.java:54) ~[junit-platform-launcher-1.8.2.jar:1.8.2]
	at org.junit.platform.launcher.core.EngineExecutionOrchestrator.withInterceptedStreams(EngineExecutionOrchestrator.java:67) ~[junit-platform-launcher-1.8.2.jar:1.8.2]
	at org.junit.platform.launcher.core.EngineExecutionOrchestrator.execute(EngineExecutionOrchestrator.java:52) ~[junit-platform-launcher-1.8.2.jar:1.8.2]
	at org.junit.platform.launcher.core.DefaultLauncher.execute(DefaultLauncher.java:114) ~[junit-platform-launcher-1.8.2.jar:1.8.2]
	at org.junit.platform.launcher.core.DefaultLauncher.execute(DefaultLauncher.java:86) ~[junit-platform-launcher-1.8.2.jar:1.8.2]
	at org.junit.platform.launcher.core.DefaultLauncherSession$DelegatingLauncher.execute(DefaultLauncherSession.java:86) ~[junit-platform-launcher-1.8.2.jar:1.8.2]
	at org.gradle.api.internal.tasks.testing.junitplatform.JUnitPlatformTestClassProcessor$CollectAllTestClassesExecutor.processAllTestClasses(JUnitPlatformTestClassProcessor.java:119) ~[na:na]
	at org.gradle.api.internal.tasks.testing.junitplatform.JUnitPlatformTestClassProcessor$CollectAllTestClassesExecutor.access$000(JUnitPlatformTestClassProcessor.java:94) ~[na:na]
	at org.gradle.api.internal.tasks.testing.junitplatform.JUnitPlatformTestClassProcessor.stop(JUnitPlatformTestClassProcessor.java:89) ~[na:na]
	at org.gradle.api.internal.tasks.testing.SuiteTestClassProcessor.stop(SuiteTestClassProcessor.java:62) ~[na:na]
	at java.base/jdk.internal.reflect.NativeMethodAccessorImpl.invoke0(Native Method) ~[na:na]
	at java.base/jdk.internal.reflect.NativeMethodAccessorImpl.invoke(NativeMethodAccessorImpl.java:77) ~[na:na]
	at java.base/jdk.internal.reflect.DelegatingMethodAccessorImpl.invoke(DelegatingMethodAccessorImpl.java:43) ~[na:na]
	at java.base/java.lang.reflect.Method.invoke(Method.java:568) ~[na:na]
	at org.gradle.internal.dispatch.ReflectionDispatch.dispatch(ReflectionDispatch.java:36) ~[na:na]
	at org.gradle.internal.dispatch.ReflectionDispatch.dispatch(ReflectionDispatch.java:24) ~[na:na]
	at org.gradle.internal.dispatch.ContextClassLoaderDispatch.dispatch(ContextClassLoaderDispatch.java:33) ~[na:na]
	at org.gradle.internal.dispatch.ProxyDispatchAdapter$DispatchingInvocationHandler.invoke(ProxyDispatchAdapter.java:94) ~[na:na]
	at jdk.proxy2/jdk.proxy2.$Proxy5.stop(Unknown Source) ~[na:na]
	at org.gradle.api.internal.tasks.testing.worker.TestWorker$3.run(TestWorker.java:193) ~[na:na]
	at org.gradle.api.internal.tasks.testing.worker.TestWorker.executeAndMaintainThreadName(TestWorker.java:129) ~[na:na]
	at org.gradle.api.internal.tasks.testing.worker.TestWorker.execute(TestWorker.java:100) ~[na:na]
	at org.gradle.api.internal.tasks.testing.worker.TestWorker.execute(TestWorker.java:60) ~[na:na]
	at org.gradle.process.internal.worker.child.ActionExecutionWorker.execute(ActionExecutionWorker.java:56) ~[na:na]
	at org.gradle.process.internal.worker.child.SystemApplicationClassLoaderWorker.call(SystemApplicationClassLoaderWorker.java:113) ~[na:na]
	at org.gradle.process.internal.worker.child.SystemApplicationClassLoaderWorker.call(SystemApplicationClassLoaderWorker.java:65) ~[na:na]
	at worker.org.gradle.process.internal.worker.GradleWorkerMain.run(GradleWorkerMain.java:69) ~[gradle-worker.jar:na]
	at worker.org.gradle.process.internal.worker.GradleWorkerMain.main(GradleWorkerMain.java:74) ~[gradle-worker.jar:na]
Caused by: org.h2.jdbc.JdbcSQLSyntaxErrorException: Syntax error in SQL statement "create table vehicles (id integer generated by default as identity, make varchar(255), mileage varchar(255), model varchar(255), transmission_type varchar(255) check (transmission_type in ('MANUAL','AUTOMATIC')), user_id varchar(255), vehicle_id varchar(255), [*]year varchar(255), primary key (id))"; expected "identifier"; SQL statement:
create table vehicles (id integer generated by default as identity, make varchar(255), mileage varchar(255), model varchar(255), transmission_type varchar(255) check (transmission_type in ('MANUAL','AUTOMATIC')), user_id varchar(255), vehicle_id varchar(255), year varchar(255), primary key (id)) [42001-214]
	at org.h2.message.DbException.getJdbcSQLException(DbException.java:502) ~[h2-2.1.214.jar:2.1.214]
	at org.h2.message.DbException.getJdbcSQLException(DbException.java:477) ~[h2-2.1.214.jar:2.1.214]
	at org.h2.message.DbException.getSyntaxError(DbException.java:261) ~[h2-2.1.214.jar:2.1.214]
	at org.h2.command.Parser.readIdentifier(Parser.java:5656) ~[h2-2.1.214.jar:2.1.214]
	at org.h2.command.Parser.parseTableColumnDefinition(Parser.java:9326) ~[h2-2.1.214.jar:2.1.214]
	at org.h2.command.Parser.parseCreateTable(Parser.java:9271) ~[h2-2.1.214.jar:2.1.214]
	at org.h2.command.Parser.parseCreate(Parser.java:6784) ~[h2-2.1.214.jar:2.1.214]
	at org.h2.command.Parser.parsePrepared(Parser.java:763) ~[h2-2.1.214.jar:2.1.214]
	at org.h2.command.Parser.parse(Parser.java:689) ~[h2-2.1.214.jar:2.1.214]
	at org.h2.command.Parser.parse(Parser.java:661) ~[h2-2.1.214.jar:2.1.214]
	at org.h2.command.Parser.prepareCommand(Parser.java:569) ~[h2-2.1.214.jar:2.1.214]
	at org.h2.engine.SessionLocal.prepareLocal(SessionLocal.java:631) ~[h2-2.1.214.jar:2.1.214]
	at org.h2.engine.SessionLocal.prepareCommand(SessionLocal.java:554) ~[h2-2.1.214.jar:2.1.214]
	at org.h2.jdbc.JdbcConnection.prepareCommand(JdbcConnection.java:1116) ~[h2-2.1.214.jar:2.1.214]
	at org.h2.jdbc.JdbcStatement.executeInternal(JdbcStatement.java:237) ~[h2-2.1.214.jar:2.1.214]
	at org.h2.jdbc.JdbcStatement.execute(JdbcStatement.java:223) ~[h2-2.1.214.jar:2.1.214]
	at org.hibernate.tool.schema.internal.exec.GenerationTargetToDatabase.accept(GenerationTargetToDatabase.java:80) ~[hibernate-core-6.2.13.Final.jar:6.2.13.Final]
	... 129 common frames omitted

2024-02-15T02:20:49.738-05:00 DEBUG 20292 --- [    Test worker] org.hibernate.SQL                        : alter table if exists users drop constraint if exists UK6dotkott2kjsp8vw4d0m25fb7
Hibernate: alter table if exists users drop constraint if exists UK6dotkott2kjsp8vw4d0m25fb7
2024-02-15T02:20:49.741-05:00 DEBUG 20292 --- [    Test worker] org.hibernate.SQL                        : alter table if exists users add constraint UK6dotkott2kjsp8vw4d0m25fb7 unique (email)
Hibernate: alter table if exists users add constraint UK6dotkott2kjsp8vw4d0m25fb7 unique (email)
2024-02-15T02:20:49.743-05:00 DEBUG 20292 --- [    Test worker] org.hibernate.SQL                        : alter table if exists user_roles add constraint FKh8ciramu9cc9q3qcqiv4ue8a6 foreign key (role_id) references roles
Hibernate: alter table if exists user_roles add constraint FKh8ciramu9cc9q3qcqiv4ue8a6 foreign key (role_id) references roles
2024-02-15T02:20:49.759-05:00 DEBUG 20292 --- [    Test worker] org.hibernate.SQL                        : alter table if exists user_roles add constraint FKhfh9dx7w3ubf1co1vdev94g3f foreign key (user_id) references users
Hibernate: alter table if exists user_roles add constraint FKhfh9dx7w3ubf1co1vdev94g3f foreign key (user_id) references users
2024-02-15T02:20:49.761-05:00  INFO 20292 --- [    Test worker] j.LocalContainerEntityManagerFactoryBean : Initialized JPA EntityManagerFactory for persistence unit 'default'
2024-02-15T02:20:50.255-05:00  INFO 20292 --- [    Test worker] c.c.a.a.d.AppointmentRepositoryTest      : Started AppointmentRepositoryTest in 2.696 seconds (process running for 50.438)
2024-02-15T02:20:50.426-05:00 DEBUG 20292 --- [    Test worker] org.hibernate.SQL                        : insert into appointments (appointment_date,appointment_id,comments,user_id,services,status,vehicle_id,id) values (?,?,?,?,?,?,?,default)
Hibernate: insert into appointments (appointment_date,appointment_id,comments,user_id,services,status,vehicle_id,id) values (?,?,?,?,?,?,?,default)
2024-02-15T02:20:50.921-05:00 DEBUG 20292 --- [    Test worker] org.hibernate.SQL                        : select a1_0.id,a1_0.appointment_date,a1_0.appointment_id,a1_0.comments,a1_0.user_id,a1_0.services,a1_0.status,a1_0.vehicle_id from appointments a1_0
Hibernate: select a1_0.id,a1_0.appointment_date,a1_0.appointment_id,a1_0.comments,a1_0.user_id,a1_0.services,a1_0.status,a1_0.vehicle_id from appointments a1_0
2024-02-15T02:20:50.996-05:00 DEBUG 20292 --- [    Test worker] org.hibernate.SQL                        : insert into appointments (appointment_date,appointment_id,comments,user_id,services,status,vehicle_id,id) values (?,?,?,?,?,?,?,default)
Hibernate: insert into appointments (appointment_date,appointment_id,comments,user_id,services,status,vehicle_id,id) values (?,?,?,?,?,?,?,default)
2024-02-15T02:20:51.076-05:00 DEBUG 20292 --- [    Test worker] org.hibernate.SQL                        : select a1_0.id,a1_0.appointment_date,a1_0.appointment_id,a1_0.comments,a1_0.user_id,a1_0.services,a1_0.status,a1_0.vehicle_id from appointments a1_0 where a1_0.appointment_id=?
Hibernate: select a1_0.id,a1_0.appointment_date,a1_0.appointment_id,a1_0.comments,a1_0.user_id,a1_0.services,a1_0.status,a1_0.vehicle_id from appointments a1_0 where a1_0.appointment_id=?
2024-02-15T02:20:51.084-05:00 DEBUG 20292 --- [    Test worker] org.hibernate.SQL                        : select a1_0.id,a1_0.appointment_date,a1_0.appointment_id,a1_0.comments,a1_0.user_id,a1_0.services,a1_0.status,a1_0.vehicle_id from appointments a1_0
Hibernate: select a1_0.id,a1_0.appointment_date,a1_0.appointment_id,a1_0.comments,a1_0.user_id,a1_0.services,a1_0.status,a1_0.vehicle_id from appointments a1_0
2024-02-15T02:20:51.096-05:00 DEBUG 20292 --- [    Test worker] org.hibernate.SQL                        : insert into appointments (appointment_date,appointment_id,comments,user_id,services,status,vehicle_id,id) values (?,?,?,?,?,?,?,default)
Hibernate: insert into appointments (appointment_date,appointment_id,comments,user_id,services,status,vehicle_id,id) values (?,?,?,?,?,?,?,default)
2024-02-15T02:20:51.102-05:00 DEBUG 20292 --- [    Test worker] org.hibernate.SQL                        : insert into appointments (appointment_date,appointment_id,comments,user_id,services,status,vehicle_id,id) values (?,?,?,?,?,?,?,default)
Hibernate: insert into appointments (appointment_date,appointment_id,comments,user_id,services,status,vehicle_id,id) values (?,?,?,?,?,?,?,default)
2024-02-15T02:20:51.109-05:00 DEBUG 20292 --- [    Test worker] org.hibernate.SQL                        : select a1_0.id,a1_0.appointment_date,a1_0.appointment_id,a1_0.comments,a1_0.user_id,a1_0.services,a1_0.status,a1_0.vehicle_id from appointments a1_0 where a1_0.status=?
Hibernate: select a1_0.id,a1_0.appointment_date,a1_0.appointment_id,a1_0.comments,a1_0.user_id,a1_0.services,a1_0.status,a1_0.vehicle_id from appointments a1_0 where a1_0.status=?
2024-02-15T02:20:51.115-05:00 DEBUG 20292 --- [    Test worker] org.hibernate.SQL                        : select a1_0.id,a1_0.appointment_date,a1_0.appointment_id,a1_0.comments,a1_0.user_id,a1_0.services,a1_0.status,a1_0.vehicle_id from appointments a1_0
Hibernate: select a1_0.id,a1_0.appointment_date,a1_0.appointment_id,a1_0.comments,a1_0.user_id,a1_0.services,a1_0.status,a1_0.vehicle_id from appointments a1_0
2024-02-15T02:20:51.130-05:00 DEBUG 20292 --- [    Test worker] org.hibernate.SQL                        : insert into appointments (appointment_date,appointment_id,comments,user_id,services,status,vehicle_id,id) values (?,?,?,?,?,?,?,default)
Hibernate: insert into appointments (appointment_date,appointment_id,comments,user_id,services,status,vehicle_id,id) values (?,?,?,?,?,?,?,default)
2024-02-15T02:20:51.141-05:00 DEBUG 20292 --- [    Test worker] org.hibernate.SQL                        : select a1_0.id,a1_0.appointment_date,a1_0.appointment_id,a1_0.comments,a1_0.user_id,a1_0.services,a1_0.status,a1_0.vehicle_id from appointments a1_0
Hibernate: select a1_0.id,a1_0.appointment_date,a1_0.appointment_id,a1_0.comments,a1_0.user_id,a1_0.services,a1_0.status,a1_0.vehicle_id from appointments a1_0
2024-02-15T02:20:51.155-05:00 DEBUG 20292 --- [    Test worker] org.hibernate.SQL                        : insert into appointments (appointment_date,appointment_id,comments,user_id,services,status,vehicle_id,id) values (?,?,?,?,?,?,?,default)
Hibernate: insert into appointments (appointment_date,appointment_id,comments,user_id,services,status,vehicle_id,id) values (?,?,?,?,?,?,?,default)
2024-02-15T02:20:51.163-05:00 DEBUG 20292 --- [    Test worker] org.hibernate.SQL                        : select a1_0.id,a1_0.appointment_date,a1_0.appointment_id,a1_0.comments,a1_0.user_id,a1_0.services,a1_0.status,a1_0.vehicle_id from appointments a1_0 where a1_0.user_id=?
Hibernate: select a1_0.id,a1_0.appointment_date,a1_0.appointment_id,a1_0.comments,a1_0.user_id,a1_0.services,a1_0.status,a1_0.vehicle_id from appointments a1_0 where a1_0.user_id=?
2024-02-15T02:20:51.167-05:00 DEBUG 20292 --- [    Test worker] org.hibernate.SQL                        : select a1_0.id,a1_0.appointment_date,a1_0.appointment_id,a1_0.comments,a1_0.user_id,a1_0.services,a1_0.status,a1_0.vehicle_id from appointments a1_0
Hibernate: select a1_0.id,a1_0.appointment_date,a1_0.appointment_id,a1_0.comments,a1_0.user_id,a1_0.services,a1_0.status,a1_0.vehicle_id from appointments a1_0
2024-02-15T02:20:51.178-05:00 DEBUG 20292 --- [    Test worker] org.hibernate.SQL                        : insert into appointments (appointment_date,appointment_id,comments,user_id,services,status,vehicle_id,id) values (?,?,?,?,?,?,?,default)
Hibernate: insert into appointments (appointment_date,appointment_id,comments,user_id,services,status,vehicle_id,id) values (?,?,?,?,?,?,?,default)
2024-02-15T02:20:51.186-05:00 DEBUG 20292 --- [    Test worker] org.hibernate.SQL                        : select a1_0.id,a1_0.appointment_date,a1_0.appointment_id,a1_0.comments,a1_0.user_id,a1_0.services,a1_0.status,a1_0.vehicle_id from appointments a1_0
Hibernate: select a1_0.id,a1_0.appointment_date,a1_0.appointment_id,a1_0.comments,a1_0.user_id,a1_0.services,a1_0.status,a1_0.vehicle_id from appointments a1_0
2024-02-15T02:20:51.200-05:00 DEBUG 20292 --- [    Test worker] org.hibernate.SQL                        : insert into appointments (appointment_date,appointment_id,comments,user_id,services,status,vehicle_id,id) values (?,?,?,?,?,?,?,default)
Hibernate: insert into appointments (appointment_date,appointment_id,comments,user_id,services,status,vehicle_id,id) values (?,?,?,?,?,?,?,default)
2024-02-15T02:20:51.207-05:00 DEBUG 20292 --- [    Test worker] org.hibernate.SQL                        : select a1_0.id,a1_0.appointment_date,a1_0.appointment_id,a1_0.comments,a1_0.user_id,a1_0.services,a1_0.status,a1_0.vehicle_id from appointments a1_0 where a1_0.user_id=?
Hibernate: select a1_0.id,a1_0.appointment_date,a1_0.appointment_id,a1_0.comments,a1_0.user_id,a1_0.services,a1_0.status,a1_0.vehicle_id from appointments a1_0 where a1_0.user_id=?
2024-02-15T02:20:51.213-05:00 DEBUG 20292 --- [    Test worker] org.hibernate.SQL                        : select a1_0.id,a1_0.appointment_date,a1_0.appointment_id,a1_0.comments,a1_0.user_id,a1_0.services,a1_0.status,a1_0.vehicle_id from appointments a1_0
Hibernate: select a1_0.id,a1_0.appointment_date,a1_0.appointment_id,a1_0.comments,a1_0.user_id,a1_0.services,a1_0.status,a1_0.vehicle_id from appointments a1_0
2024-02-15T02:20:51.229-05:00 DEBUG 20292 --- [    Test worker] org.hibernate.SQL                        : insert into appointments (appointment_date,appointment_id,comments,user_id,services,status,vehicle_id,id) values (?,?,?,?,?,?,?,default)
Hibernate: insert into appointments (appointment_date,appointment_id,comments,user_id,services,status,vehicle_id,id) values (?,?,?,?,?,?,?,default)
2024-02-15T02:20:51.237-05:00 DEBUG 20292 --- [    Test worker] org.hibernate.SQL                        : select a1_0.id,a1_0.appointment_date,a1_0.appointment_id,a1_0.comments,a1_0.user_id,a1_0.services,a1_0.status,a1_0.vehicle_id from appointments a1_0 where a1_0.appointment_id=?
Hibernate: select a1_0.id,a1_0.appointment_date,a1_0.appointment_id,a1_0.comments,a1_0.user_id,a1_0.services,a1_0.status,a1_0.vehicle_id from appointments a1_0 where a1_0.appointment_id=?
2024-02-15T02:20:51.244-05:00 DEBUG 20292 --- [    Test worker] org.hibernate.SQL                        : select a1_0.id,a1_0.appointment_date,a1_0.appointment_id,a1_0.comments,a1_0.user_id,a1_0.services,a1_0.status,a1_0.vehicle_id from appointments a1_0
Hibernate: select a1_0.id,a1_0.appointment_date,a1_0.appointment_id,a1_0.comments,a1_0.user_id,a1_0.services,a1_0.status,a1_0.vehicle_id from appointments a1_0
]]></system-out>
  <system-err><![CDATA[]]></system-err>
</testsuite>
