<?xml version="1.0" encoding="UTF-8"?>
<testsuite name="com.champlain.ateliermecaniquews.AteliermecaniqueWsApplicationTests" tests="1" skipped="0" failures="0" errors="0" timestamp="2024-02-15T07:20:45" hostname="LAPTOP-C5ATL8TE" time="0.995">
  <properties/>
  <testcase name="contextLoads()" classname="com.champlain.ateliermecaniquews.AteliermecaniqueWsApplicationTests" time="0.995"/>
  <system-out><![CDATA[02:20:05.560 [Test worker] INFO org.springframework.test.context.support.AnnotationConfigContextLoaderUtils -- Could not detect default configuration classes for test class [com.champlain.ateliermecaniquews.AteliermecaniqueWsApplicationTests]: AteliermecaniqueWsApplicationTests does not declare any static, non-private, non-final, nested classes annotated with @Configuration.
02:20:05.998 [Test worker] INFO org.springframework.boot.test.context.SpringBootTestContextBootstrapper -- Found @SpringBootConfiguration com.champlain.ateliermecaniquews.AteliermecaniqueWsApplication for test class com.champlain.ateliermecaniquews.AteliermecaniqueWsApplicationTests

  .   ____          _            __ _ _
 /\\ / ___'_ __ _ _(_)_ __  __ _ \ \ \ \
( ( )\___ | '_ | '_| | '_ \/ _` | \ \ \ \
 \\/  ___)| |_)| | | | | || (_| |  ) ) ) )
  '  |____| .__|_| |_|_| |_\__, | / / / /
 =========|_|==============|___/=/_/_/_/
 :: Spring Boot ::                (v3.1.5)

2024-02-15T02:20:07.719-05:00  WARN 20292 --- [    Test worker] ory$DuplicateJsonObjectContextCustomizer : 

Found multiple occurrences of org.json.JSONObject on the class path:

	jar:file:/C:/Users/Mvacc/.gradle/caches/modules-2/files-2.1/org.json/json/20230227/7a0d4aca76513d8ce81f9b044ce8126b84809ad8/json-20230227.jar!/org/json/JSONObject.class
	jar:file:/C:/Users/Mvacc/.gradle/caches/modules-2/files-2.1/com.vaadin.external.google/android-json/0.0.20131108.vaadin1/fa26d351fe62a6a17f5cda1287c1c6110dec413f/android-json-0.0.20131108.vaadin1.jar!/org/json/JSONObject.class

You may wish to exclude one of them to ensure predictable runtime behavior

2024-02-15T02:20:07.755-05:00  INFO 20292 --- [    Test worker] c.c.a.AteliermecaniqueWsApplicationTests : Starting AteliermecaniqueWsApplicationTests using Java 17.0.6 with PID 20292 (started by Mvacc in C:\Users\Mvacc\OneDrive\Documents\Semester8\FINALPROJ\TEST\ateliermecanique-ws)
2024-02-15T02:20:07.756-05:00 DEBUG 20292 --- [    Test worker] c.c.a.AteliermecaniqueWsApplicationTests : Running with Spring Boot v3.1.5, Spring v6.0.13
2024-02-15T02:20:07.757-05:00  INFO 20292 --- [    Test worker] c.c.a.AteliermecaniqueWsApplicationTests : No active profile set, falling back to 1 default profile: "default"
2024-02-15T02:20:34.168-05:00  INFO 20292 --- [    Test worker] .s.d.r.c.RepositoryConfigurationDelegate : Bootstrapping Spring Data JPA repositories in DEFAULT mode.
2024-02-15T02:20:34.475-05:00  INFO 20292 --- [    Test worker] .s.d.r.c.RepositoryConfigurationDelegate : Finished Spring Data repository scanning in 267 ms. Found 6 JPA repository interfaces.
2024-02-15T02:20:36.117-05:00  INFO 20292 --- [    Test worker] o.hibernate.jpa.internal.util.LogHelper  : HHH000204: Processing PersistenceUnitInfo [name: default]
2024-02-15T02:20:36.326-05:00  INFO 20292 --- [    Test worker] org.hibernate.Version                    : HHH000412: Hibernate ORM core version 6.2.13.Final
2024-02-15T02:20:36.335-05:00  INFO 20292 --- [    Test worker] org.hibernate.cfg.Environment            : HHH000406: Using bytecode reflection optimizer
2024-02-15T02:20:37.302-05:00  INFO 20292 --- [    Test worker] o.s.o.j.p.SpringPersistenceUnitInfo      : No LoadTimeWeaver setup: ignoring JPA class transformer
2024-02-15T02:20:37.358-05:00  INFO 20292 --- [    Test worker] com.zaxxer.hikari.HikariDataSource       : HikariPool-1 - Starting...
2024-02-15T02:20:38.347-05:00  INFO 20292 --- [    Test worker] com.zaxxer.hikari.pool.HikariPool        : HikariPool-1 - Added connection com.mysql.cj.jdbc.ConnectionImpl@5c447983
2024-02-15T02:20:38.352-05:00  INFO 20292 --- [    Test worker] com.zaxxer.hikari.HikariDataSource       : HikariPool-1 - Start completed.
2024-02-15T02:20:40.908-05:00  INFO 20292 --- [    Test worker] o.h.e.t.j.p.i.JtaPlatformInitiator       : HHH000489: No JTA platform available (set 'hibernate.transaction.jta.platform' to enable JTA platform integration)
2024-02-15T02:20:41.909-05:00  INFO 20292 --- [    Test worker] j.LocalContainerEntityManagerFactoryBean : Initialized JPA EntityManagerFactory for persistence unit 'default'
2024-02-15T02:20:43.359-05:00  WARN 20292 --- [    Test worker] JpaBaseConfiguration$JpaWebConfiguration : spring.jpa.open-in-view is enabled by default. Therefore, database queries may be performed during view rendering. Explicitly configure spring.jpa.open-in-view to disable this warning
2024-02-15T02:20:43.645-05:00  INFO 20292 --- [    Test worker] o.s.s.web.DefaultSecurityFilterChain     : Will secure any request with [org.springframework.security.web.session.DisableEncodeUrlFilter@5861484b, org.springframework.security.web.context.request.async.WebAsyncManagerIntegrationFilter@13674b28, org.springframework.security.web.context.SecurityContextHolderFilter@fc99609, org.springframework.security.web.header.HeaderWriterFilter@73da1f76, org.springframework.web.filter.CorsFilter@28442b5c, org.springframework.security.web.authentication.logout.LogoutFilter@621b4166, com.champlain.ateliermecaniquews.authenticationsubdomain.utils.security.jwt.AuthTokenFilter@3c4f0087, org.springframework.security.web.savedrequest.RequestCacheAwareFilter@1ccfe3ed, org.springframework.security.web.servletapi.SecurityContextHolderAwareRequestFilter@6d289243, org.springframework.security.web.authentication.AnonymousAuthenticationFilter@51765790, org.springframework.security.web.access.ExceptionTranslationFilter@79d0d204, org.springframework.security.web.access.intercept.AuthorizationFilter@6be4152a]
2024-02-15T02:20:45.045-05:00  INFO 20292 --- [    Test worker] c.c.a.AteliermecaniqueWsApplicationTests : Started AteliermecaniqueWsApplicationTests in 38.37 seconds (process running for 45.227)
]]></system-out>
  <system-err><![CDATA[]]></system-err>
</testsuite>
