<?xml version="1.0" encoding="UTF-8"?>
<testsuite name="com.champlain.ateliermecaniquews.authenticationsubdomain.presentationlayer.ContentControllerTest" tests="6" skipped="0" failures="1" errors="0" timestamp="2024-02-15T07:21:09" hostname="LAPTOP-C5ATL8TE" time="0.142">
  <properties/>
  <testcase name="allAccess()" classname="com.champlain.ateliermecaniquews.authenticationsubdomain.presentationlayer.ContentControllerTest" time="0.043"/>
  <testcase name="shouldReturnUnauthorizedResponse()" classname="com.champlain.ateliermecaniquews.authenticationsubdomain.presentationlayer.ContentControllerTest" time="0.044">
    <failure message="java.lang.AssertionError: Status expected:&lt;401&gt; but was:&lt;403&gt;" type="java.lang.AssertionError">java.lang.AssertionError: Status expected:&lt;401&gt; but was:&lt;403&gt;
	at org.springframework.test.util.AssertionErrors.fail(AssertionErrors.java:59)
	at org.springframework.test.util.AssertionErrors.assertEquals(AssertionErrors.java:122)
	at org.springframework.test.web.servlet.result.StatusResultMatchers.lambda$matcher$9(StatusResultMatchers.java:637)
	at org.springframework.test.web.servlet.MockMvc$1.andExpect(MockMvc.java:214)
	at com.champlain.ateliermecaniquews.authenticationsubdomain.presentationlayer.ContentControllerTest.shouldReturnUnauthorizedResponse(ContentControllerTest.java:63)
	at java.base/jdk.internal.reflect.NativeMethodAccessorImpl.invoke0(Native Method)
	at java.base/jdk.internal.reflect.NativeMethodAccessorImpl.invoke(NativeMethodAccessorImpl.java:77)
	at java.base/jdk.internal.reflect.DelegatingMethodAccessorImpl.invoke(DelegatingMethodAccessorImpl.java:43)
	at java.base/java.lang.reflect.Method.invoke(Method.java:568)
	at org.junit.platform.commons.util.ReflectionUtils.invokeMethod(ReflectionUtils.java:727)
	at org.junit.jupiter.engine.execution.MethodInvocation.proceed(MethodInvocation.java:60)
	at org.junit.jupiter.engine.execution.InvocationInterceptorChain$ValidatingInvocation.proceed(InvocationInterceptorChain.java:131)
	at org.junit.jupiter.engine.extension.TimeoutExtension.intercept(TimeoutExtension.java:156)
	at org.junit.jupiter.engine.extension.TimeoutExtension.interceptTestableMethod(TimeoutExtension.java:147)
	at org.junit.jupiter.engine.extension.TimeoutExtension.interceptTestMethod(TimeoutExtension.java:86)
	at org.junit.jupiter.engine.execution.InterceptingExecutableInvoker$ReflectiveInterceptorCall.lambda$ofVoidMethod$0(InterceptingExecutableInvoker.java:103)
	at org.junit.jupiter.engine.execution.InterceptingExecutableInvoker.lambda$invoke$0(InterceptingExecutableInvoker.java:93)
	at org.junit.jupiter.engine.execution.InvocationInterceptorChain$InterceptedInvocation.proceed(InvocationInterceptorChain.java:106)
	at org.junit.jupiter.engine.execution.InvocationInterceptorChain.proceed(InvocationInterceptorChain.java:64)
	at org.junit.jupiter.engine.execution.InvocationInterceptorChain.chainAndInvoke(InvocationInterceptorChain.java:45)
	at org.junit.jupiter.engine.execution.InvocationInterceptorChain.invoke(InvocationInterceptorChain.java:37)
	at org.junit.jupiter.engine.execution.InterceptingExecutableInvoker.invoke(InterceptingExecutableInvoker.java:92)
	at org.junit.jupiter.engine.execution.InterceptingExecutableInvoker.invoke(InterceptingExecutableInvoker.java:86)
	at org.junit.jupiter.engine.descriptor.TestMethodTestDescriptor.lambda$invokeTestMethod$7(TestMethodTestDescriptor.java:217)
	at org.junit.platform.engine.support.hierarchical.ThrowableCollector.execute(ThrowableCollector.java:73)
	at org.junit.jupiter.engine.descriptor.TestMethodTestDescriptor.invokeTestMethod(TestMethodTestDescriptor.java:213)
	at org.junit.jupiter.engine.descriptor.TestMethodTestDescriptor.execute(TestMethodTestDescriptor.java:138)
	at org.junit.jupiter.engine.descriptor.TestMethodTestDescriptor.execute(TestMethodTestDescriptor.java:68)
	at org.junit.platform.engine.support.hierarchical.NodeTestTask.lambda$executeRecursively$6(NodeTestTask.java:151)
	at org.junit.platform.engine.support.hierarchical.ThrowableCollector.execute(ThrowableCollector.java:73)
	at org.junit.platform.engine.support.hierarchical.NodeTestTask.lambda$executeRecursively$8(NodeTestTask.java:141)
	at org.junit.platform.engine.support.hierarchical.Node.around(Node.java:137)
	at org.junit.platform.engine.support.hierarchical.NodeTestTask.lambda$executeRecursively$9(NodeTestTask.java:139)
	at org.junit.platform.engine.support.hierarchical.ThrowableCollector.execute(ThrowableCollector.java:73)
	at org.junit.platform.engine.support.hierarchical.NodeTestTask.executeRecursively(NodeTestTask.java:138)
	at org.junit.platform.engine.support.hierarchical.NodeTestTask.execute(NodeTestTask.java:95)
	at java.base/java.util.ArrayList.forEach(ArrayList.java:1511)
	at org.junit.platform.engine.support.hierarchical.SameThreadHierarchicalTestExecutorService.invokeAll(SameThreadHierarchicalTestExecutorService.java:41)
	at org.junit.platform.engine.support.hierarchical.NodeTestTask.lambda$executeRecursively$6(NodeTestTask.java:155)
	at org.junit.platform.engine.support.hierarchical.ThrowableCollector.execute(ThrowableCollector.java:73)
	at org.junit.platform.engine.support.hierarchical.NodeTestTask.lambda$executeRecursively$8(NodeTestTask.java:141)
	at org.junit.platform.engine.support.hierarchical.Node.around(Node.java:137)
	at org.junit.platform.engine.support.hierarchical.NodeTestTask.lambda$executeRecursively$9(NodeTestTask.java:139)
	at org.junit.platform.engine.support.hierarchical.ThrowableCollector.execute(ThrowableCollector.java:73)
	at org.junit.platform.engine.support.hierarchical.NodeTestTask.executeRecursively(NodeTestTask.java:138)
	at org.junit.platform.engine.support.hierarchical.NodeTestTask.execute(NodeTestTask.java:95)
	at java.base/java.util.ArrayList.forEach(ArrayList.java:1511)
	at org.junit.platform.engine.support.hierarchical.SameThreadHierarchicalTestExecutorService.invokeAll(SameThreadHierarchicalTestExecutorService.java:41)
	at org.junit.platform.engine.support.hierarchical.NodeTestTask.lambda$executeRecursively$6(NodeTestTask.java:155)
	at org.junit.platform.engine.support.hierarchical.ThrowableCollector.execute(ThrowableCollector.java:73)
	at org.junit.platform.engine.support.hierarchical.NodeTestTask.lambda$executeRecursively$8(NodeTestTask.java:141)
	at org.junit.platform.engine.support.hierarchical.Node.around(Node.java:137)
	at org.junit.platform.engine.support.hierarchical.NodeTestTask.lambda$executeRecursively$9(NodeTestTask.java:139)
	at org.junit.platform.engine.support.hierarchical.ThrowableCollector.execute(ThrowableCollector.java:73)
	at org.junit.platform.engine.support.hierarchical.NodeTestTask.executeRecursively(NodeTestTask.java:138)
	at org.junit.platform.engine.support.hierarchical.NodeTestTask.execute(NodeTestTask.java:95)
	at org.junit.platform.engine.support.hierarchical.SameThreadHierarchicalTestExecutorService.submit(SameThreadHierarchicalTestExecutorService.java:35)
	at org.junit.platform.engine.support.hierarchical.HierarchicalTestExecutor.execute(HierarchicalTestExecutor.java:57)
	at org.junit.platform.engine.support.hierarchical.HierarchicalTestEngine.execute(HierarchicalTestEngine.java:54)
	at org.junit.platform.launcher.core.EngineExecutionOrchestrator.execute(EngineExecutionOrchestrator.java:107)
	at org.junit.platform.launcher.core.EngineExecutionOrchestrator.execute(EngineExecutionOrchestrator.java:88)
	at org.junit.platform.launcher.core.EngineExecutionOrchestrator.lambda$execute$0(EngineExecutionOrchestrator.java:54)
	at org.junit.platform.launcher.core.EngineExecutionOrchestrator.withInterceptedStreams(EngineExecutionOrchestrator.java:67)
	at org.junit.platform.launcher.core.EngineExecutionOrchestrator.execute(EngineExecutionOrchestrator.java:52)
	at org.junit.platform.launcher.core.DefaultLauncher.execute(DefaultLauncher.java:114)
	at org.junit.platform.launcher.core.DefaultLauncher.execute(DefaultLauncher.java:86)
	at org.junit.platform.launcher.core.DefaultLauncherSession$DelegatingLauncher.execute(DefaultLauncherSession.java:86)
	at org.gradle.api.internal.tasks.testing.junitplatform.JUnitPlatformTestClassProcessor$CollectAllTestClassesExecutor.processAllTestClasses(JUnitPlatformTestClassProcessor.java:119)
	at org.gradle.api.internal.tasks.testing.junitplatform.JUnitPlatformTestClassProcessor$CollectAllTestClassesExecutor.access$000(JUnitPlatformTestClassProcessor.java:94)
	at org.gradle.api.internal.tasks.testing.junitplatform.JUnitPlatformTestClassProcessor.stop(JUnitPlatformTestClassProcessor.java:89)
	at org.gradle.api.internal.tasks.testing.SuiteTestClassProcessor.stop(SuiteTestClassProcessor.java:62)
	at java.base/jdk.internal.reflect.NativeMethodAccessorImpl.invoke0(Native Method)
	at java.base/jdk.internal.reflect.NativeMethodAccessorImpl.invoke(NativeMethodAccessorImpl.java:77)
	at java.base/jdk.internal.reflect.DelegatingMethodAccessorImpl.invoke(DelegatingMethodAccessorImpl.java:43)
	at java.base/java.lang.reflect.Method.invoke(Method.java:568)
	at org.gradle.internal.dispatch.ReflectionDispatch.dispatch(ReflectionDispatch.java:36)
	at org.gradle.internal.dispatch.ReflectionDispatch.dispatch(ReflectionDispatch.java:24)
	at org.gradle.internal.dispatch.ContextClassLoaderDispatch.dispatch(ContextClassLoaderDispatch.java:33)
	at org.gradle.internal.dispatch.ProxyDispatchAdapter$DispatchingInvocationHandler.invoke(ProxyDispatchAdapter.java:94)
	at jdk.proxy2/jdk.proxy2.$Proxy5.stop(Unknown Source)
	at org.gradle.api.internal.tasks.testing.worker.TestWorker$3.run(TestWorker.java:193)
	at org.gradle.api.internal.tasks.testing.worker.TestWorker.executeAndMaintainThreadName(TestWorker.java:129)
	at org.gradle.api.internal.tasks.testing.worker.TestWorker.execute(TestWorker.java:100)
	at org.gradle.api.internal.tasks.testing.worker.TestWorker.execute(TestWorker.java:60)
	at org.gradle.process.internal.worker.child.ActionExecutionWorker.execute(ActionExecutionWorker.java:56)
	at org.gradle.process.internal.worker.child.SystemApplicationClassLoaderWorker.call(SystemApplicationClassLoaderWorker.java:113)
	at org.gradle.process.internal.worker.child.SystemApplicationClassLoaderWorker.call(SystemApplicationClassLoaderWorker.java:65)
	at worker.org.gradle.process.internal.worker.GradleWorkerMain.run(GradleWorkerMain.java:69)
	at worker.org.gradle.process.internal.worker.GradleWorkerMain.main(GradleWorkerMain.java:74)
</failure>
  </testcase>
  <testcase name="adminAccessAsAdmin()" classname="com.champlain.ateliermecaniquews.authenticationsubdomain.presentationlayer.ContentControllerTest" time="0.013"/>
  <testcase name="userAccessAsAdmin()" classname="com.champlain.ateliermecaniquews.authenticationsubdomain.presentationlayer.ContentControllerTest" time="0.01"/>
  <testcase name="userAccessAsCustomer()" classname="com.champlain.ateliermecaniquews.authenticationsubdomain.presentationlayer.ContentControllerTest" time="0.011"/>
  <testcase name="adminAccessAsCustomerShouldReturnForbidden()" classname="com.champlain.ateliermecaniquews.authenticationsubdomain.presentationlayer.ContentControllerTest" time="0.014"/>
  <system-out><![CDATA[2024-02-15T02:21:05.556-05:00  INFO 20292 --- [    Test worker] t.c.s.AnnotationConfigContextLoaderUtils : Could not detect default configuration classes for test class [com.champlain.ateliermecaniquews.authenticationsubdomain.presentationlayer.ContentControllerTest]: ContentControllerTest does not declare any static, non-private, non-final, nested classes annotated with @Configuration.
2024-02-15T02:21:05.593-05:00  INFO 20292 --- [    Test worker] .b.t.c.SpringBootTestContextBootstrapper : Found @SpringBootConfiguration com.champlain.ateliermecaniquews.AteliermecaniqueWsApplication for test class com.champlain.ateliermecaniquews.authenticationsubdomain.presentationlayer.ContentControllerTest

  .   ____          _            __ _ _
 /\\ / ___'_ __ _ _(_)_ __  __ _ \ \ \ \
( ( )\___ | '_ | '_| | '_ \/ _` | \ \ \ \
 \\/  ___)| |_)| | | | | || (_| |  ) ) ) )
  '  |____| .__|_| |_|_| |_\__, | / / / /
 =========|_|==============|___/=/_/_/_/
 :: Spring Boot ::                (v3.1.5)

2024-02-15T02:21:05.651-05:00  WARN 20292 --- [    Test worker] ory$DuplicateJsonObjectContextCustomizer : 

Found multiple occurrences of org.json.JSONObject on the class path:

	jar:file:/C:/Users/Mvacc/.gradle/caches/modules-2/files-2.1/org.json/json/20230227/7a0d4aca76513d8ce81f9b044ce8126b84809ad8/json-20230227.jar!/org/json/JSONObject.class
	jar:file:/C:/Users/Mvacc/.gradle/caches/modules-2/files-2.1/com.vaadin.external.google/android-json/0.0.20131108.vaadin1/fa26d351fe62a6a17f5cda1287c1c6110dec413f/android-json-0.0.20131108.vaadin1.jar!/org/json/JSONObject.class

You may wish to exclude one of them to ensure predictable runtime behavior

2024-02-15T02:21:05.653-05:00  INFO 20292 --- [    Test worker] c.c.a.a.p.ContentControllerTest          : Starting ContentControllerTest using Java 17.0.6 with PID 20292 (started by Mvacc in C:\Users\Mvacc\OneDrive\Documents\Semester8\FINALPROJ\TEST\ateliermecanique-ws)
2024-02-15T02:21:05.653-05:00 DEBUG 20292 --- [    Test worker] c.c.a.a.p.ContentControllerTest          : Running with Spring Boot v3.1.5, Spring v6.0.13
2024-02-15T02:21:05.653-05:00  INFO 20292 --- [    Test worker] c.c.a.a.p.ContentControllerTest          : No active profile set, falling back to 1 default profile: "default"
2024-02-15T02:21:06.106-05:00  INFO 20292 --- [    Test worker] .s.d.r.c.RepositoryConfigurationDelegate : Bootstrapping Spring Data JPA repositories in DEFAULT mode.
2024-02-15T02:21:06.185-05:00  INFO 20292 --- [    Test worker] .s.d.r.c.RepositoryConfigurationDelegate : Finished Spring Data repository scanning in 78 ms. Found 6 JPA repository interfaces.
2024-02-15T02:21:06.408-05:00  INFO 20292 --- [    Test worker] o.hibernate.jpa.internal.util.LogHelper  : HHH000204: Processing PersistenceUnitInfo [name: default]
2024-02-15T02:21:06.434-05:00  INFO 20292 --- [    Test worker] o.s.o.j.p.SpringPersistenceUnitInfo      : No LoadTimeWeaver setup: ignoring JPA class transformer
2024-02-15T02:21:06.437-05:00  INFO 20292 --- [    Test worker] com.zaxxer.hikari.HikariDataSource       : HikariPool-3 - Starting...
2024-02-15T02:21:07.013-05:00  INFO 20292 --- [    Test worker] com.zaxxer.hikari.pool.HikariPool        : HikariPool-3 - Added connection com.mysql.cj.jdbc.ConnectionImpl@83757fc
2024-02-15T02:21:07.014-05:00  INFO 20292 --- [    Test worker] com.zaxxer.hikari.HikariDataSource       : HikariPool-3 - Start completed.
2024-02-15T02:21:07.301-05:00  INFO 20292 --- [    Test worker] o.h.e.t.j.p.i.JtaPlatformInitiator       : HHH000489: No JTA platform available (set 'hibernate.transaction.jta.platform' to enable JTA platform integration)
2024-02-15T02:21:08.156-05:00  INFO 20292 --- [    Test worker] j.LocalContainerEntityManagerFactoryBean : Initialized JPA EntityManagerFactory for persistence unit 'default'
2024-02-15T02:21:08.578-05:00  WARN 20292 --- [    Test worker] JpaBaseConfiguration$JpaWebConfiguration : spring.jpa.open-in-view is enabled by default. Therefore, database queries may be performed during view rendering. Explicitly configure spring.jpa.open-in-view to disable this warning
2024-02-15T02:21:08.606-05:00  INFO 20292 --- [    Test worker] o.s.s.web.DefaultSecurityFilterChain     : Will secure any request with [org.springframework.security.web.session.DisableEncodeUrlFilter@6b0686a4, org.springframework.security.web.context.request.async.WebAsyncManagerIntegrationFilter@40503ea6, org.springframework.security.web.context.SecurityContextHolderFilter@789a81ee, org.springframework.security.web.header.HeaderWriterFilter@3cfe0d76, org.springframework.web.filter.CorsFilter@1601179c, org.springframework.security.web.authentication.logout.LogoutFilter@4b3c182a, com.champlain.ateliermecaniquews.authenticationsubdomain.utils.security.jwt.AuthTokenFilter@16fcd2c4, org.springframework.security.web.savedrequest.RequestCacheAwareFilter@2ce129f2, org.springframework.security.web.servletapi.SecurityContextHolderAwareRequestFilter@2b5c5d65, org.springframework.security.web.authentication.AnonymousAuthenticationFilter@7fefdbd5, org.springframework.security.web.access.ExceptionTranslationFilter@1e0db50, org.springframework.security.web.access.intercept.AuthorizationFilter@2749d9d0]
2024-02-15T02:21:08.982-05:00  INFO 20292 --- [    Test worker] o.s.b.t.m.w.SpringBootMockServletContext : Initializing Spring TestDispatcherServlet ''
2024-02-15T02:21:08.982-05:00  INFO 20292 --- [    Test worker] o.s.t.web.servlet.TestDispatcherServlet  : Initializing Servlet ''
2024-02-15T02:21:08.983-05:00  INFO 20292 --- [    Test worker] o.s.t.web.servlet.TestDispatcherServlet  : Completed initialization in 1 ms
2024-02-15T02:21:08.997-05:00  INFO 20292 --- [    Test worker] c.c.a.a.p.ContentControllerTest          : Started ContentControllerTest in 3.396 seconds (process running for 69.18)
2024-02-15T02:21:09.008-05:00 DEBUG 20292 --- [    Test worker] w.c.HttpSessionSecurityContextRepository : Created HttpSession as SecurityContext is non-default
2024-02-15T02:21:09.028-05:00 DEBUG 20292 --- [    Test worker] w.c.HttpSessionSecurityContextRepository : Stored SecurityContextImpl [Authentication=UsernamePasswordAuthenticationToken [Principal=UserDetailsImpl(id=null, userId=b922fdd4-a59a-473c-a9c1-8c130ff0aaa0, email=john.doe@example.com, firstName=John, lastName=Doe, phoneNumber=null, password=null, authorities=[]), Credentials=[PROTECTED], Authenticated=true, Details=null, Granted Authorities=[]]] to HttpSession [org.springframework.mock.web.MockHttpSession@602ef571]
2024-02-15T02:21:09.029-05:00 DEBUG 20292 --- [    Test worker] o.s.security.web.FilterChainProxy        : Securing GET /api/v1/content/all
2024-02-15T02:21:09.030-05:00 DEBUG 20292 --- [    Test worker] o.s.security.web.FilterChainProxy        : Secured GET /api/v1/content/all
2024-02-15T02:21:09.039-05:00 DEBUG 20292 --- [    Test worker] w.c.HttpSessionSecurityContextRepository : Retrieved SecurityContextImpl [Authentication=UsernamePasswordAuthenticationToken [Principal=UserDetailsImpl(id=null, userId=b922fdd4-a59a-473c-a9c1-8c130ff0aaa0, email=john.doe@example.com, firstName=John, lastName=Doe, phoneNumber=null, password=null, authorities=[]), Credentials=[PROTECTED], Authenticated=true, Details=null, Granted Authorities=[]]]
2024-02-15T02:21:09.051-05:00 DEBUG 20292 --- [    Test worker] o.s.security.web.FilterChainProxy        : Securing GET /api/v1/content/admin
2024-02-15T02:21:09.052-05:00 DEBUG 20292 --- [    Test worker] o.s.security.web.FilterChainProxy        : Secured GET /api/v1/content/admin
2024-02-15T02:21:09.053-05:00 DEBUG 20292 --- [    Test worker] horizationManagerBeforeMethodInterceptor : Authorizing method invocation ReflectiveMethodInvocation: public java.lang.String com.champlain.ateliermecaniquews.authenticationsubdomain.presentationlayer.controllers.ContentController.adminAccess(); target is of class [com.champlain.ateliermecaniquews.authenticationsubdomain.presentationlayer.controllers.ContentController]
2024-02-15T02:21:09.060-05:00 DEBUG 20292 --- [    Test worker] o.s.s.w.a.AnonymousAuthenticationFilter  : Set SecurityContextHolder to anonymous SecurityContext
2024-02-15T02:21:09.066-05:00 DEBUG 20292 --- [    Test worker] horizationManagerBeforeMethodInterceptor : Failed to authorize ReflectiveMethodInvocation: public java.lang.String com.champlain.ateliermecaniquews.authenticationsubdomain.presentationlayer.controllers.ContentController.adminAccess(); target is of class [com.champlain.ateliermecaniquews.authenticationsubdomain.presentationlayer.controllers.ContentController] with authorization manager org.springframework.security.config.annotation.method.configuration.DeferringObservationAuthorizationManager@4f60d58f and decision ExpressionAuthorizationDecision [granted=false, expressionAttribute=hasRole('ADMIN')]
2024-02-15T02:21:09.079-05:00 DEBUG 20292 --- [    Test worker] o.s.s.w.s.HttpSessionRequestCache        : Saved request http://localhost/api/v1/content/admin?continue to session
2024-02-15T02:21:09.080-05:00 DEBUG 20292 --- [    Test worker] o.s.s.w.a.Http403ForbiddenEntryPoint     : Pre-authenticated entry point called. Rejecting access

MockHttpServletRequest:
      HTTP Method = GET
      Request URI = /api/v1/content/admin
       Parameters = {}
          Headers = []
             Body = null
    Session Attrs = {SPRING_SECURITY_SAVED_REQUEST=DefaultSavedRequest [http://localhost/api/v1/content/admin?continue]}

Handler:
             Type = com.champlain.ateliermecaniquews.authenticationsubdomain.presentationlayer.controllers.ContentController
           Method = com.champlain.ateliermecaniquews.authenticationsubdomain.presentationlayer.controllers.ContentController#adminAccess()

Async:
    Async started = false
     Async result = null

Resolved Exception:
             Type = null

ModelAndView:
        View name = null
             View = null
            Model = null

FlashMap:
       Attributes = null

MockHttpServletResponse:
           Status = 403
    Error message = Access Denied
          Headers = [Vary:"Origin", "Access-Control-Request-Method", "Access-Control-Request-Headers", X-Content-Type-Options:"nosniff", X-XSS-Protection:"0", Cache-Control:"no-cache, no-store, max-age=0, must-revalidate", Pragma:"no-cache", Expires:"0", X-Frame-Options:"DENY"]
     Content type = null
             Body = 
    Forwarded URL = null
   Redirected URL = null
          Cookies = []
2024-02-15T02:21:09.099-05:00 DEBUG 20292 --- [    Test worker] w.c.HttpSessionSecurityContextRepository : Created HttpSession as SecurityContext is non-default
2024-02-15T02:21:09.099-05:00 DEBUG 20292 --- [    Test worker] w.c.HttpSessionSecurityContextRepository : Stored SecurityContextImpl [Authentication=UsernamePasswordAuthenticationToken [Principal=org.springframework.security.core.userdetails.User [Username=user, Password=[PROTECTED], Enabled=true, AccountNonExpired=true, credentialsNonExpired=true, AccountNonLocked=true, Granted Authorities=[ROLE_ADMIN]], Credentials=[PROTECTED], Authenticated=true, Details=null, Granted Authorities=[ROLE_ADMIN]]] to HttpSession [org.springframework.mock.web.MockHttpSession@6133ea2e]
2024-02-15T02:21:09.100-05:00 DEBUG 20292 --- [    Test worker] o.s.security.web.FilterChainProxy        : Securing GET /api/v1/content/admin
2024-02-15T02:21:09.100-05:00 DEBUG 20292 --- [    Test worker] o.s.security.web.FilterChainProxy        : Secured GET /api/v1/content/admin
2024-02-15T02:21:09.101-05:00 DEBUG 20292 --- [    Test worker] horizationManagerBeforeMethodInterceptor : Authorizing method invocation ReflectiveMethodInvocation: public java.lang.String com.champlain.ateliermecaniquews.authenticationsubdomain.presentationlayer.controllers.ContentController.adminAccess(); target is of class [com.champlain.ateliermecaniquews.authenticationsubdomain.presentationlayer.controllers.ContentController]
2024-02-15T02:21:09.102-05:00 DEBUG 20292 --- [    Test worker] w.c.HttpSessionSecurityContextRepository : Retrieved SecurityContextImpl [Authentication=UsernamePasswordAuthenticationToken [Principal=org.springframework.security.core.userdetails.User [Username=user, Password=[PROTECTED], Enabled=true, AccountNonExpired=true, credentialsNonExpired=true, AccountNonLocked=true, Granted Authorities=[ROLE_ADMIN]], Credentials=[PROTECTED], Authenticated=true, Details=null, Granted Authorities=[ROLE_ADMIN]]]
2024-02-15T02:21:09.102-05:00 DEBUG 20292 --- [    Test worker] horizationManagerBeforeMethodInterceptor : Authorized method invocation ReflectiveMethodInvocation: public java.lang.String com.champlain.ateliermecaniquews.authenticationsubdomain.presentationlayer.controllers.ContentController.adminAccess(); target is of class [com.champlain.ateliermecaniquews.authenticationsubdomain.presentationlayer.controllers.ContentController]
2024-02-15T02:21:09.111-05:00 DEBUG 20292 --- [    Test worker] w.c.HttpSessionSecurityContextRepository : Created HttpSession as SecurityContext is non-default
2024-02-15T02:21:09.111-05:00 DEBUG 20292 --- [    Test worker] w.c.HttpSessionSecurityContextRepository : Stored SecurityContextImpl [Authentication=UsernamePasswordAuthenticationToken [Principal=org.springframework.security.core.userdetails.User [Username=user, Password=[PROTECTED], Enabled=true, AccountNonExpired=true, credentialsNonExpired=true, AccountNonLocked=true, Granted Authorities=[ROLE_ADMIN]], Credentials=[PROTECTED], Authenticated=true, Details=null, Granted Authorities=[ROLE_ADMIN]]] to HttpSession [org.springframework.mock.web.MockHttpSession@27c832dd]
2024-02-15T02:21:09.111-05:00 DEBUG 20292 --- [    Test worker] o.s.security.web.FilterChainProxy        : Securing GET /api/v1/content/user
2024-02-15T02:21:09.112-05:00 DEBUG 20292 --- [    Test worker] o.s.security.web.FilterChainProxy        : Secured GET /api/v1/content/user
2024-02-15T02:21:09.113-05:00 DEBUG 20292 --- [    Test worker] horizationManagerBeforeMethodInterceptor : Authorizing method invocation ReflectiveMethodInvocation: public java.lang.String com.champlain.ateliermecaniquews.authenticationsubdomain.presentationlayer.controllers.ContentController.userAccess(); target is of class [com.champlain.ateliermecaniquews.authenticationsubdomain.presentationlayer.controllers.ContentController]
2024-02-15T02:21:09.113-05:00 DEBUG 20292 --- [    Test worker] w.c.HttpSessionSecurityContextRepository : Retrieved SecurityContextImpl [Authentication=UsernamePasswordAuthenticationToken [Principal=org.springframework.security.core.userdetails.User [Username=user, Password=[PROTECTED], Enabled=true, AccountNonExpired=true, credentialsNonExpired=true, AccountNonLocked=true, Granted Authorities=[ROLE_ADMIN]], Credentials=[PROTECTED], Authenticated=true, Details=null, Granted Authorities=[ROLE_ADMIN]]]
2024-02-15T02:21:09.114-05:00 DEBUG 20292 --- [    Test worker] horizationManagerBeforeMethodInterceptor : Authorized method invocation ReflectiveMethodInvocation: public java.lang.String com.champlain.ateliermecaniquews.authenticationsubdomain.presentationlayer.controllers.ContentController.userAccess(); target is of class [com.champlain.ateliermecaniquews.authenticationsubdomain.presentationlayer.controllers.ContentController]
2024-02-15T02:21:09.123-05:00 DEBUG 20292 --- [    Test worker] w.c.HttpSessionSecurityContextRepository : Created HttpSession as SecurityContext is non-default
2024-02-15T02:21:09.124-05:00 DEBUG 20292 --- [    Test worker] w.c.HttpSessionSecurityContextRepository : Stored SecurityContextImpl [Authentication=UsernamePasswordAuthenticationToken [Principal=org.springframework.security.core.userdetails.User [Username=user, Password=[PROTECTED], Enabled=true, AccountNonExpired=true, credentialsNonExpired=true, AccountNonLocked=true, Granted Authorities=[ROLE_CUSTOMER]], Credentials=[PROTECTED], Authenticated=true, Details=null, Granted Authorities=[ROLE_CUSTOMER]]] to HttpSession [org.springframework.mock.web.MockHttpSession@7589c8b8]
2024-02-15T02:21:09.124-05:00 DEBUG 20292 --- [    Test worker] o.s.security.web.FilterChainProxy        : Securing GET /api/v1/content/user
2024-02-15T02:21:09.124-05:00 DEBUG 20292 --- [    Test worker] o.s.security.web.FilterChainProxy        : Secured GET /api/v1/content/user
2024-02-15T02:21:09.125-05:00 DEBUG 20292 --- [    Test worker] horizationManagerBeforeMethodInterceptor : Authorizing method invocation ReflectiveMethodInvocation: public java.lang.String com.champlain.ateliermecaniquews.authenticationsubdomain.presentationlayer.controllers.ContentController.userAccess(); target is of class [com.champlain.ateliermecaniquews.authenticationsubdomain.presentationlayer.controllers.ContentController]
2024-02-15T02:21:09.126-05:00 DEBUG 20292 --- [    Test worker] w.c.HttpSessionSecurityContextRepository : Retrieved SecurityContextImpl [Authentication=UsernamePasswordAuthenticationToken [Principal=org.springframework.security.core.userdetails.User [Username=user, Password=[PROTECTED], Enabled=true, AccountNonExpired=true, credentialsNonExpired=true, AccountNonLocked=true, Granted Authorities=[ROLE_CUSTOMER]], Credentials=[PROTECTED], Authenticated=true, Details=null, Granted Authorities=[ROLE_CUSTOMER]]]
2024-02-15T02:21:09.126-05:00 DEBUG 20292 --- [    Test worker] horizationManagerBeforeMethodInterceptor : Authorized method invocation ReflectiveMethodInvocation: public java.lang.String com.champlain.ateliermecaniquews.authenticationsubdomain.presentationlayer.controllers.ContentController.userAccess(); target is of class [com.champlain.ateliermecaniquews.authenticationsubdomain.presentationlayer.controllers.ContentController]
2024-02-15T02:21:09.136-05:00 DEBUG 20292 --- [    Test worker] w.c.HttpSessionSecurityContextRepository : Created HttpSession as SecurityContext is non-default
2024-02-15T02:21:09.136-05:00 DEBUG 20292 --- [    Test worker] w.c.HttpSessionSecurityContextRepository : Stored SecurityContextImpl [Authentication=UsernamePasswordAuthenticationToken [Principal=org.springframework.security.core.userdetails.User [Username=user, Password=[PROTECTED], Enabled=true, AccountNonExpired=true, credentialsNonExpired=true, AccountNonLocked=true, Granted Authorities=[ROLE_CUSTOMER]], Credentials=[PROTECTED], Authenticated=true, Details=null, Granted Authorities=[ROLE_CUSTOMER]]] to HttpSession [org.springframework.mock.web.MockHttpSession@500aec06]
2024-02-15T02:21:09.136-05:00 DEBUG 20292 --- [    Test worker] o.s.security.web.FilterChainProxy        : Securing GET /api/v1/content/admin
2024-02-15T02:21:09.137-05:00 DEBUG 20292 --- [    Test worker] o.s.security.web.FilterChainProxy        : Secured GET /api/v1/content/admin
2024-02-15T02:21:09.138-05:00 DEBUG 20292 --- [    Test worker] horizationManagerBeforeMethodInterceptor : Authorizing method invocation ReflectiveMethodInvocation: public java.lang.String com.champlain.ateliermecaniquews.authenticationsubdomain.presentationlayer.controllers.ContentController.adminAccess(); target is of class [com.champlain.ateliermecaniquews.authenticationsubdomain.presentationlayer.controllers.ContentController]
2024-02-15T02:21:09.139-05:00 DEBUG 20292 --- [    Test worker] w.c.HttpSessionSecurityContextRepository : Retrieved SecurityContextImpl [Authentication=UsernamePasswordAuthenticationToken [Principal=org.springframework.security.core.userdetails.User [Username=user, Password=[PROTECTED], Enabled=true, AccountNonExpired=true, credentialsNonExpired=true, AccountNonLocked=true, Granted Authorities=[ROLE_CUSTOMER]], Credentials=[PROTECTED], Authenticated=true, Details=null, Granted Authorities=[ROLE_CUSTOMER]]]
2024-02-15T02:21:09.140-05:00 DEBUG 20292 --- [    Test worker] horizationManagerBeforeMethodInterceptor : Failed to authorize ReflectiveMethodInvocation: public java.lang.String com.champlain.ateliermecaniquews.authenticationsubdomain.presentationlayer.controllers.ContentController.adminAccess(); target is of class [com.champlain.ateliermecaniquews.authenticationsubdomain.presentationlayer.controllers.ContentController] with authorization manager org.springframework.security.config.annotation.method.configuration.DeferringObservationAuthorizationManager@4f60d58f and decision ExpressionAuthorizationDecision [granted=false, expressionAttribute=hasRole('ADMIN')]
2024-02-15T02:21:09.142-05:00 DEBUG 20292 --- [    Test worker] o.s.s.w.access.AccessDeniedHandlerImpl   : Responding with 403 status code
]]></system-out>
  <system-err><![CDATA[]]></system-err>
</testsuite>
